2022-09-14 17:10:11.960 | INFO     | configuration:configsetters:80 - {'file_name': '/home/fabrizio/Scrivania/Much-Cross-Little-Over/My_TSP/Istances-Converter/ulysses22.txt', 'crossover': 'PMX', 'tsp_len': 22, 'iterations': 1000}
2022-09-14 17:10:13.134 | INFO     | configuration:configsetters:126 - [16, 15, 21, 17, 12, 0, 9, 6, 1, 18, 8, 11, 20, 3, 13, 4, 7, 2, 14, 10, 5, 19]
2022-09-14 17:10:13.134 | INFO     | configuration:configsetters:129 - 12425
2022-09-14 17:10:13.141 | INFO     | configuration:configsetters:80 - {'file_name': '/home/fabrizio/Scrivania/Much-Cross-Little-Over/My_TSP/Istances-Converter/ulysses22.txt', 'crossover': 'PMX', 'tsp_len': 22, 'iterations': 1000}
2022-09-14 17:10:14.322 | INFO     | configuration:configsetters:126 - [15, 19, 18, 7, 11, 12, 3, 5, 8, 10, 14, 13, 16, 17, 4, 9, 0, 6, 21, 1, 2, 20]
2022-09-14 17:10:14.323 | INFO     | configuration:configsetters:129 - 12234
2022-09-14 17:10:14.329 | INFO     | configuration:configsetters:80 - {'file_name': '/home/fabrizio/Scrivania/Much-Cross-Little-Over/My_TSP/Istances-Converter/ulysses22.txt', 'crossover': 'PMX', 'tsp_len': 22, 'iterations': 1000}
2022-09-14 17:10:15.469 | INFO     | configuration:configsetters:126 - [7, 8, 11, 4, 10, 18, 19, 12, 9, 20, 13, 6, 15, 2, 16, 5, 14, 17, 3, 21, 1, 0]
2022-09-14 17:10:15.469 | INFO     | configuration:configsetters:129 - 12799
2022-09-14 17:12:26.226 | INFO     | configuration:configsetters:80 - {'file_name': '/home/fabrizio/Scrivania/Much-Cross-Little-Over/My_TSP/Istances-Converter/ulysses22.txt', 'crossover': 'PMX', 'tsp_len': 22, 'iterations': 1000}
2022-09-14 17:13:00.963 | INFO     | configuration:configsetters:80 - {'file_name': '/home/fabrizio/Scrivania/Much-Cross-Little-Over/My_TSP/Istances-Converter/ulysses22.txt', 'crossover': 'PMX', 'tsp_len': 22, 'iterations': 1000}
2022-09-14 17:13:02.187 | INFO     | configuration:configsetters:126 - [13, 4, 14, 18, 6, 19, 16, 2, 0, 9, 8, 12, 20, 7, 17, 10, 21, 15, 3, 5, 11, 1]
2022-09-14 17:13:02.187 | INFO     | configuration:configsetters:129 - 11890
2022-09-14 17:13:02.194 | INFO     | configuration:configsetters:80 - {'file_name': '/home/fabrizio/Scrivania/Much-Cross-Little-Over/My_TSP/Istances-Converter/ulysses22.txt', 'crossover': 'PMX', 'tsp_len': 22, 'iterations': 1000}
2022-09-14 17:13:03.432 | INFO     | configuration:configsetters:126 - [17, 18, 11, 5, 1, 10, 20, 15, 7, 3, 9, 8, 0, 21, 13, 6, 14, 4, 19, 12, 16, 2]
2022-09-14 17:13:03.432 | INFO     | configuration:configsetters:129 - 12006
2022-09-14 17:13:03.446 | INFO     | configuration:configsetters:80 - {'file_name': '/home/fabrizio/Scrivania/Much-Cross-Little-Over/My_TSP/Istances-Converter/ulysses22.txt', 'crossover': 'PMX', 'tsp_len': 22, 'iterations': 1000}
2022-09-14 17:13:04.718 | INFO     | configuration:configsetters:126 - [11, 8, 17, 1, 5, 19, 18, 3, 16, 2, 4, 13, 14, 12, 10, 9, 21, 20, 7, 0, 6, 15]
2022-09-14 17:13:04.719 | INFO     | configuration:configsetters:129 - 11325



2022-09-14 19:55:51.860 | INFO     | configuration:configsetters:85 - {'file_name': '/home/fabrizio/Scrivania/Much-Cross-Little-Over/My_TSP/Istances-Converter/ulysses22.txt', 'crossover': 'PMX', 'tsp_len': 22, 'iterations': 1000}
2022-09-14 19:55:53.148 | INFO     | configuration:configsetters:131 - [6, 10, 21, 2, 8, 14, 7, 4, 9, 3, 18, 5, 19, 11, 17, 15, 1, 0, 20, 13, 16, 12]
2022-09-14 19:55:53.148 | INFO     | configuration:configsetters:134 - 12555
2022-09-14 19:55:53.162 | INFO     | configuration:configsetters:85 - {'file_name': '/home/fabrizio/Scrivania/Much-Cross-Little-Over/My_TSP/Istances-Converter/ulysses22.txt', 'crossover': 'PMX', 'tsp_len': 22, 'iterations': 1000}
2022-09-14 19:55:54.452 | INFO     | configuration:configsetters:131 - [19, 13, 14, 4, 18, 8, 16, 10, 20, 6, 0, 5, 1, 17, 9, 11, 2, 7, 12, 3, 21, 15]
2022-09-14 19:55:54.452 | INFO     | configuration:configsetters:134 - 12082
2022-09-14 19:55:54.459 | INFO     | configuration:configsetters:85 - {'file_name': '/home/fabrizio/Scrivania/Much-Cross-Little-Over/My_TSP/Istances-Converter/ulysses22.txt', 'crossover': 'PMX', 'tsp_len': 22, 'iterations': 1000}
2022-09-14 19:55:55.727 | INFO     | configuration:configsetters:131 - [14, 18, 15, 21, 13, 7, 6, 3, 1, 11, 9, 19, 16, 2, 4, 12, 0, 20, 10, 17, 5, 8]
2022-09-14 19:55:55.727 | INFO     | configuration:configsetters:134 - 11583
2022-09-15 11:26:32.260 | INFO     | configuration:configsetters:85 - {'file_name': '/home/fabrizio/Scrivania/Much-Cross-Little-Over/My_TSP/Istances-Converter/ulysses22.txt', 'crossover': 'PMX', 'tsp_len': 22, 'iterations': 1000}
2022-09-15 11:26:33.470 | INFO     | configuration:configsetters:131 - [12, 18, 9, 0, 17, 5, 11, 2, 15, 19, 8, 3, 10, 1, 21, 4, 13, 14, 16, 7, 6, 20]
2022-09-15 11:26:33.470 | INFO     | configuration:configsetters:134 - 19012
2022-09-15 11:26:33.477 | INFO     | configuration:configsetters:85 - {'file_name': '/home/fabrizio/Scrivania/Much-Cross-Little-Over/My_TSP/Istances-Converter/ulysses22.txt', 'crossover': 'PMX', 'tsp_len': 22, 'iterations': 1000}
2022-09-15 11:26:34.704 | INFO     | configuration:configsetters:131 - [2, 6, 17, 15, 19, 9, 13, 0, 4, 10, 3, 11, 16, 12, 20, 18, 21, 8, 5, 14, 1, 7]
2022-09-15 11:26:34.704 | INFO     | configuration:configsetters:134 - 19826
2022-09-15 11:26:34.711 | INFO     | configuration:configsetters:85 - {'file_name': '/home/fabrizio/Scrivania/Much-Cross-Little-Over/My_TSP/Istances-Converter/ulysses22.txt', 'crossover': 'PMX', 'tsp_len': 22, 'iterations': 1000}
2022-09-15 11:26:35.914 | INFO     | configuration:configsetters:131 - [10, 5, 21, 3, 11, 13, 17, 7, 9, 20, 18, 15, 0, 4, 2, 6, 14, 1, 12, 19, 16, 8]
2022-09-15 11:26:35.914 | INFO     | configuration:configsetters:134 - 22048
2022-09-15 11:27:15.258 | INFO     | configuration:configsetters:85 - {'file_name': '/home/fabrizio/Scrivania/Much-Cross-Little-Over/My_TSP/Istances-Converter/ulysses22.txt', 'crossover': 'PMX', 'tsp_len': 22, 'iterations': 1000}
2022-09-15 11:27:16.562 | INFO     | configuration:configsetters:131 - [15, 9, 1, 7, 5, 14, 19, 17, 16, 8, 20, 10, 4, 11, 3, 13, 18, 21, 6, 12, 2, 0]
2022-09-15 11:27:16.563 | INFO     | configuration:configsetters:134 - 13330
2022-09-15 11:27:16.569 | INFO     | configuration:configsetters:85 - {'file_name': '/home/fabrizio/Scrivania/Much-Cross-Little-Over/My_TSP/Istances-Converter/ulysses22.txt', 'crossover': 'PMX', 'tsp_len': 22, 'iterations': 1000}
2022-09-15 11:27:17.890 | INFO     | configuration:configsetters:131 - [21, 15, 4, 12, 2, 7, 5, 3, 1, 18, 6, 10, 8, 16, 9, 14, 20, 17, 0, 11, 19, 13]
2022-09-15 11:27:17.890 | INFO     | configuration:configsetters:134 - 9394
2022-09-15 11:27:17.896 | INFO     | configuration:configsetters:85 - {'file_name': '/home/fabrizio/Scrivania/Much-Cross-Little-Over/My_TSP/Istances-Converter/ulysses22.txt', 'crossover': 'PMX', 'tsp_len': 22, 'iterations': 1000}
2022-09-15 11:27:19.193 | INFO     | configuration:configsetters:131 - [18, 10, 0, 16, 6, 8, 5, 20, 12, 13, 7, 4, 17, 2, 3, 15, 21, 14, 9, 11, 1, 19]
2022-09-15 11:27:19.193 | INFO     | configuration:configsetters:134 - 12557
2022-09-15 15:58:15.822 | INFO     | configuration:configsetters:85 - {'file_name': '/home/fabrizio/Scrivania/Much-Cross-Little-Over/My_TSP/Istances-Converter/ulysses22.txt', 'crossover': 'PMX', 'tsp_len': 22, 'iterations': 1000}
2022-09-15 15:58:17.113 | INFO     | configuration:configsetters:131 - [0, 8, 18, 12, 6, 4, 11, 1, 5, 9, 14, 21, 16, 17, 7, 3, 2, 20, 19, 15, 13, 10]
2022-09-15 15:58:17.113 | INFO     | configuration:configsetters:134 - 12354
2022-09-15 15:58:40.924 | INFO     | configuration:configsetters:85 - {'file_name': '/home/fabrizio/Scrivania/Much-Cross-Little-Over/My_TSP/Istances-Converter/ulysses22.txt', 'crossover': 'PMX', 'tsp_len': 22, 'iterations': 1000}
2022-09-15 15:58:42.226 | INFO     | configuration:configsetters:131 - [14, 7, 18, 20, 19, 11, 13, 0, 9, 17, 21, 1, 12, 15, 3, 2, 8, 10, 5, 4, 16, 6]
2022-09-15 15:58:42.226 | INFO     | configuration:configsetters:134 - 10185
2022-09-15 15:58:44.382 | INFO     | configuration:configsetters:85 - {'file_name': '/home/fabrizio/Scrivania/Much-Cross-Little-Over/My_TSP/Istances-Converter/ulysses22.txt', 'crossover': 'PMX', 'tsp_len': 22, 'iterations': 1000}
2022-09-15 16:19:19.912 | INFO     | configuration:configsetters:85 - {'file_name': '/home/fabrizio/Scrivania/Much-Cross-Little-Over/My_TSP/Istances-Converter/ulysses22.txt', 'crossover': 'PMX', 'tsp_len': 22, 'iterations': 1000}
2022-09-15 16:19:21.070 | INFO     | configuration:configsetters:131 - [8, 19, 0, 14, 20, 2, 15, 10, 3, 17, 7, 21, 16, 4, 13, 6, 1, 12, 18, 9, 5, 11]
2022-09-15 16:19:21.071 | INFO     | configuration:configsetters:134 - 12123
2022-09-15 16:19:39.673 | INFO     | configuration:configsetters:85 - {'file_name': '/home/fabrizio/Scrivania/Much-Cross-Little-Over/My_TSP/Istances-Converter/ulysses22.txt', 'crossover': 'PMX', 'tsp_len': 22, 'iterations': 1000}
2022-09-15 16:19:40.883 | INFO     | configuration:configsetters:131 - [18, 12, 4, 20, 11, 14, 16, 15, 5, 0, 7, 10, 1, 9, 19, 3, 17, 21, 13, 2, 6, 8]
2022-09-15 16:19:40.883 | INFO     | configuration:configsetters:134 - 12289
2022-09-15 16:19:42.542 | INFO     | configuration:configsetters:85 - {'file_name': '/home/fabrizio/Scrivania/Much-Cross-Little-Over/My_TSP/Istances-Converter/ulysses22.txt', 'crossover': 'PMX', 'tsp_len': 22, 'iterations': 1000}
2022-09-15 16:19:43.780 | INFO     | configuration:configsetters:131 - [12, 17, 21, 15, 1, 2, 18, 4, 0, 16, 7, 9, 10, 6, 3, 13, 11, 8, 14, 20, 19, 5]
2022-09-15 16:19:43.780 | INFO     | configuration:configsetters:134 - 10622
2022-09-15 16:51:37.425 | INFO     | configuration:configsetters:85 - {'file_name': '/home/fabrizio/Scrivania/Much-Cross-Little-Over/My_TSP/Istances/ulysses16.txt.txt', 'crossover': 'PMX', 'tsp_len': 16, 'iterations': 100}
2022-09-15 16:52:00.451 | INFO     | configuration:configsetters:85 - {'file_name': '/home/fabrizio/Scrivania/Much-Cross-Little-Over/My_TSP/Istances-Converter/ulysses16.txt', 'crossover': 'PMX', 'tsp_len': 16, 'iterations': 100}
2022-09-15 16:52:00.526 | INFO     | configuration:configsetters:131 - [11, 8, 10, 0, 7, 1, 2, 3, 6, 4, 15, 5, 13, 12, 14, 9]
2022-09-15 16:52:00.526 | INFO     | configuration:configsetters:134 - 10759
2022-09-15 16:52:36.306 | INFO     | configuration:configsetters:85 - {'file_name': '/home/fabrizio/Scrivania/Much-Cross-Little-Over/My_TSP/Istances-Converter/ulysses16.txt', 'crossover': 'PMX', 'tsp_len': 16, 'iterations': 100}
2022-09-15 16:52:36.407 | INFO     | configuration:configsetters:131 - [6, 9, 0, 11, 8, 14, 1, 2, 3, 15, 4, 12, 5, 10, 13, 7]
2022-09-15 16:52:36.407 | INFO     | configuration:configsetters:134 - 11781
2022-09-15 16:52:47.565 | INFO     | configuration:configsetters:85 - {'file_name': '/home/fabrizio/Scrivania/Much-Cross-Little-Over/My_TSP/Istances-Converter/ulysses16.txt', 'crossover': 'PMX', 'tsp_len': 16, 'iterations': 100}
2022-09-15 16:52:47.637 | INFO     | configuration:configsetters:131 - [15, 7, 6, 14, 9, 11, 13, 5, 12, 4, 8, 0, 3, 1, 10, 2]
2022-09-15 16:52:47.638 | INFO     | configuration:configsetters:134 - 10895
2022-09-15 16:59:45.718 | INFO     | configuration:configsetters:85 - {'file_name': '/home/fabrizio/Scrivania/Much-Cross-Little-Over/My_TSP/Istances-Converter/ulysses16.txt', 'crossover': 'PMX', 'tsp_len': 16, 'iterations': 1000}
2022-09-15 16:59:46.412 | INFO     | configuration:configsetters:131 - [6, 13, 11, 12, 5, 0, 2, 3, 8, 7, 15, 1, 9, 14, 10, 4]
2022-09-15 16:59:46.412 | INFO     | configuration:configsetters:134 - 8053
2022-09-15 16:59:49.267 | INFO     | configuration:configsetters:85 - {'file_name': '/home/fabrizio/Scrivania/Much-Cross-Little-Over/My_TSP/Istances-Converter/ulysses16.txt', 'crossover': 'PMX', 'tsp_len': 16, 'iterations': 1000}
2022-09-15 16:59:49.938 | INFO     | configuration:configsetters:131 - [14, 4, 10, 9, 7, 0, 12, 5, 13, 1, 3, 2, 15, 11, 8, 6]
2022-09-15 16:59:49.938 | INFO     | configuration:configsetters:134 - 8185
2022-09-15 16:59:53.940 | INFO     | configuration:configsetters:85 - {'file_name': '/home/fabrizio/Scrivania/Much-Cross-Little-Over/My_TSP/Istances-Converter/ulysses16.txt', 'crossover': 'PMX', 'tsp_len': 16, 'iterations': 1000}
2022-09-15 16:59:54.579 | INFO     | configuration:configsetters:131 - [9, 5, 13, 4, 14, 7, 2, 3, 1, 0, 15, 12, 6, 11, 10, 8]
2022-09-15 16:59:54.579 | INFO     | configuration:configsetters:134 - 8278
2022-09-15 17:00:09.915 | INFO     | configuration:configsetters:85 - {'file_name': '/home/fabrizio/Scrivania/Much-Cross-Little-Over/My_TSP/Istances-Converter/ulysses16.txt', 'crossover': 'PMX', 'tsp_len': 16, 'iterations': 1000}
2022-09-15 17:00:10.592 | INFO     | configuration:configsetters:131 - [15, 5, 9, 13, 10, 12, 7, 1, 0, 3, 14, 6, 8, 4, 11, 2]
2022-09-15 17:00:10.593 | INFO     | configuration:configsetters:134 - 8848
2022-09-15 17:00:23.360 | INFO     | configuration:configsetters:85 - {'file_name': '/home/fabrizio/Scrivania/Much-Cross-Little-Over/My_TSP/Istances-Converter/ulysses16.txt', 'crossover': 'PMX', 'tsp_len': 16, 'iterations': 1000}
2022-09-15 17:00:23.984 | INFO     | configuration:configsetters:131 - [6, 11, 8, 10, 5, 15, 7, 2, 3, 1, 12, 14, 4, 9, 0, 13]
2022-09-15 17:00:23.985 | INFO     | configuration:configsetters:134 - 8691
2022-09-15 17:00:36.544 | INFO     | configuration:configsetters:85 - {'file_name': '/home/fabrizio/Scrivania/Much-Cross-Little-Over/My_TSP/Istances-Converter/ulysses16.txt', 'crossover': 'PMX', 'tsp_len': 16, 'iterations': 1000}
2022-09-15 17:00:37.158 | INFO     | configuration:configsetters:131 - [15, 10, 4, 11, 0, 13, 12, 8, 6, 5, 14, 7, 1, 2, 3, 9]
2022-09-15 17:00:37.158 | INFO     | configuration:configsetters:134 - 8191
2022-09-15 17:08:38.448 | INFO     | configuration:configsetters:85 - {'file_name': '/home/fabrizio/Scrivania/Much-Cross-Little-Over/My_TSP/Istances-Converter/ulysses16.txt', 'crossover': 'PMX', 'tsp_len': 16, 'iterations': 10000}
2022-09-15 17:08:45.346 | INFO     | configuration:configsetters:131 - [11, 5, 15, 4, 13, 1, 7, 10, 6, 2, 0, 3, 8, 9, 12, 14]
2022-09-15 17:08:45.346 | INFO     | configuration:configsetters:134 - 7704
2022-09-15 17:08:47.978 | INFO     | configuration:configsetters:85 - {'file_name': '/home/fabrizio/Scrivania/Much-Cross-Little-Over/My_TSP/Istances-Converter/ulysses16.txt', 'crossover': 'PMX', 'tsp_len': 16, 'iterations': 10000}
2022-09-15 17:08:55.475 | INFO     | configuration:configsetters:131 - [3, 4, 11, 13, 5, 12, 15, 8, 6, 1, 14, 7, 2, 0, 10, 9]
2022-09-15 17:08:55.475 | INFO     | configuration:configsetters:134 - 6986
2022-09-15 17:08:57.635 | INFO     | configuration:configsetters:85 - {'file_name': '/home/fabrizio/Scrivania/Much-Cross-Little-Over/My_TSP/Istances-Converter/ulysses16.txt', 'crossover': 'PMX', 'tsp_len': 16, 'iterations': 10000}
2022-09-15 17:09:05.197 | INFO     | configuration:configsetters:131 - [9, 8, 10, 14, 0, 11, 15, 4, 2, 7, 6, 5, 3, 13, 12, 1]
2022-09-15 17:09:05.198 | INFO     | configuration:configsetters:134 - 7446
2022-09-15 17:12:31.769 | INFO     | configuration:configsetters:85 - {'file_name': '/home/fabrizio/Scrivania/Much-Cross-Little-Over/My_TSP/Istances-Converter/ulysses16.txt', 'crossover': 'Cycle', 'tsp_len': 16, 'iterations': 1000}
2022-09-15 17:12:32.504 | INFO     | configuration:configsetters:131 - [2, 14, 15, 0, 1, 6, 13, 12, 8, 4, 3, 7, 5, 11, 10, 9]
2022-09-15 17:12:32.504 | INFO     | configuration:configsetters:134 - 9155
2022-09-15 17:12:32.507 | INFO     | configuration:configsetters:85 - {'file_name': '/home/fabrizio/Scrivania/Much-Cross-Little-Over/My_TSP/Istances-Converter/ulysses16.txt', 'crossover': 'Cycle', 'tsp_len': 16, 'iterations': 1000}
2022-09-15 17:12:33.234 | INFO     | configuration:configsetters:131 - [1, 7, 3, 2, 14, 8, 9, 13, 11, 15, 6, 4, 12, 5, 10, 0]
2022-09-15 17:12:33.235 | INFO     | configuration:configsetters:134 - 8495
2022-09-15 17:12:33.237 | INFO     | configuration:configsetters:85 - {'file_name': '/home/fabrizio/Scrivania/Much-Cross-Little-Over/My_TSP/Istances-Converter/ulysses16.txt', 'crossover': 'Cycle', 'tsp_len': 16, 'iterations': 1000}
2022-09-15 17:12:33.963 | INFO     | configuration:configsetters:131 - [12, 5, 9, 13, 4, 11, 1, 2, 0, 7, 15, 8, 3, 6, 10, 14]
2022-09-15 17:12:33.963 | INFO     | configuration:configsetters:134 - 8607
2022-09-15 17:15:02.691 | INFO     | configuration:configsetters:85 - {'file_name': '/home/fabrizio/Scrivania/Much-Cross-Little-Over/My_TSP/Istances-Converter/ulysses16.txt', 'crossover': 'Cycle', 'tsp_len': 16, 'iterations': 1000}
2022-09-15 17:15:03.321 | INFO     | configuration:configsetters:131 - [0, 13, 9, 8, 11, 6, 12, 14, 5, 15, 2, 1, 3, 4, 10, 7]
2022-09-15 17:15:03.321 | INFO     | configuration:configsetters:134 - 8506
2022-09-15 17:15:03.323 | INFO     | configuration:configsetters:85 - {'file_name': '/home/fabrizio/Scrivania/Much-Cross-Little-Over/My_TSP/Istances-Converter/ulysses16.txt', 'crossover': 'Cycle', 'tsp_len': 16, 'iterations': 1000}
2022-09-15 17:15:03.926 | INFO     | configuration:configsetters:131 - [1, 3, 2, 12, 6, 8, 0, 15, 13, 9, 11, 5, 14, 4, 10, 7]
2022-09-15 17:15:03.926 | INFO     | configuration:configsetters:134 - 7491
2022-09-15 17:15:03.928 | INFO     | configuration:configsetters:85 - {'file_name': '/home/fabrizio/Scrivania/Much-Cross-Little-Over/My_TSP/Istances-Converter/ulysses16.txt', 'crossover': 'Cycle', 'tsp_len': 16, 'iterations': 1000}
2022-09-15 17:15:04.551 | INFO     | configuration:configsetters:131 - [2, 5, 13, 4, 9, 11, 14, 7, 0, 8, 6, 12, 1, 15, 10, 3]
2022-09-15 17:15:04.551 | INFO     | configuration:configsetters:134 - 8496
2022-09-15 17:15:15.303 | INFO     | configuration:configsetters:85 - {'file_name': '/home/fabrizio/Scrivania/Much-Cross-Little-Over/My_TSP/Istances-Converter/ulysses16.txt', 'crossover': 'Cycle', 'tsp_len': 16, 'iterations': 10000}
2022-09-15 17:15:21.857 | INFO     | configuration:configsetters:131 - [0, 9, 13, 14, 4, 15, 6, 3, 2, 1, 12, 5, 11, 8, 10, 7]
2022-09-15 17:15:21.857 | INFO     | configuration:configsetters:134 - 7142
2022-09-15 17:15:21.879 | INFO     | configuration:configsetters:85 - {'file_name': '/home/fabrizio/Scrivania/Much-Cross-Little-Over/My_TSP/Istances-Converter/ulysses16.txt', 'crossover': 'Cycle', 'tsp_len': 16, 'iterations': 10000}
2022-09-15 17:15:28.757 | INFO     | configuration:configsetters:131 - [11, 14, 9, 4, 3, 5, 6, 0, 2, 1, 7, 8, 13, 12, 10, 15]
2022-09-15 17:15:28.757 | INFO     | configuration:configsetters:134 - 6738
2022-09-15 17:15:28.779 | INFO     | configuration:configsetters:85 - {'file_name': '/home/fabrizio/Scrivania/Much-Cross-Little-Over/My_TSP/Istances-Converter/ulysses16.txt', 'crossover': 'Cycle', 'tsp_len': 16, 'iterations': 10000}
2022-09-15 17:15:35.752 | INFO     | configuration:configsetters:131 - [5, 6, 13, 2, 15, 3, 10, 9, 1, 11, 8, 4, 12, 7, 0, 14]
2022-09-15 17:15:35.752 | INFO     | configuration:configsetters:134 - 6510
2022-09-15 17:15:43.147 | INFO     | configuration:configsetters:85 - {'file_name': '/home/fabrizio/Scrivania/Much-Cross-Little-Over/My_TSP/Istances-Converter/ulysses16.txt', 'crossover': 'Cycle', 'tsp_len': 16, 'iterations': 10000}
2022-09-15 17:15:49.465 | INFO     | configuration:configsetters:131 - [6, 4, 9, 12, 7, 0, 11, 5, 3, 2, 1, 15, 8, 14, 10, 13]
2022-09-15 17:15:49.465 | INFO     | configuration:configsetters:134 - 6989
2022-09-15 17:15:49.486 | INFO     | configuration:configsetters:85 - {'file_name': '/home/fabrizio/Scrivania/Much-Cross-Little-Over/My_TSP/Istances-Converter/ulysses16.txt', 'crossover': 'Cycle', 'tsp_len': 16, 'iterations': 10000}
2022-09-15 17:15:55.793 | INFO     | configuration:configsetters:131 - [0, 2, 6, 15, 5, 9, 3, 1, 11, 14, 12, 8, 4, 13, 10, 7]
2022-09-15 17:15:55.793 | INFO     | configuration:configsetters:134 - 7226
2022-09-15 17:15:55.815 | INFO     | configuration:configsetters:85 - {'file_name': '/home/fabrizio/Scrivania/Much-Cross-Little-Over/My_TSP/Istances-Converter/ulysses16.txt', 'crossover': 'Cycle', 'tsp_len': 16, 'iterations': 10000}
2022-09-15 17:16:02.131 | INFO     | configuration:configsetters:131 - [13, 6, 8, 10, 4, 7, 1, 2, 15, 0, 11, 12, 3, 14, 9, 5]
2022-09-15 17:16:02.131 | INFO     | configuration:configsetters:134 - 7397
2022-09-15 17:21:29.553 | INFO     | configuration:configsetters:85 - {'file_name': '/home/fabrizio/Scrivania/Much-Cross-Little-Over/My_TSP/Istances-Converter/ulysses16.txt', 'crossover': 'Order1', 'tsp_len': 16, 'iterations': 1000}
2022-09-15 17:21:30.054 | INFO     | configuration:configsetters:131 - [3, 10, 5, 13, 6, 4, 14, 2, 7, 9, 15, 11, 12, 0, 8, 1]
2022-09-15 17:21:30.054 | INFO     | configuration:configsetters:134 - 9689
2022-09-15 17:21:30.056 | INFO     | configuration:configsetters:85 - {'file_name': '/home/fabrizio/Scrivania/Much-Cross-Little-Over/My_TSP/Istances-Converter/ulysses16.txt', 'crossover': 'Order1', 'tsp_len': 16, 'iterations': 1000}
2022-09-15 17:21:30.544 | INFO     | configuration:configsetters:131 - [2, 4, 12, 5, 1, 9, 8, 6, 15, 14, 3, 13, 0, 7, 11, 10]
2022-09-15 17:21:30.544 | INFO     | configuration:configsetters:134 - 10141
2022-09-15 17:21:30.546 | INFO     | configuration:configsetters:85 - {'file_name': '/home/fabrizio/Scrivania/Much-Cross-Little-Over/My_TSP/Istances-Converter/ulysses16.txt', 'crossover': 'Order1', 'tsp_len': 16, 'iterations': 1000}
2022-09-15 17:21:31.047 | INFO     | configuration:configsetters:131 - [15, 2, 12, 14, 5, 10, 3, 9, 1, 11, 7, 0, 13, 8, 6, 4]
2022-09-15 17:21:31.047 | INFO     | configuration:configsetters:134 - 10009
2022-09-15 17:23:42.737 | INFO     | configuration:configsetters:85 - {'file_name': '/home/fabrizio/Scrivania/Much-Cross-Little-Over/My_TSP/Istances-Converter/ulysses16.txt', 'crossover': 'Order1', 'tsp_len': 16, 'iterations': 10000}
2022-09-15 17:23:47.889 | INFO     | configuration:configsetters:131 - [14, 9, 8, 5, 2, 10, 6, 1, 12, 0, 3, 15, 7, 4, 13, 11]
2022-09-15 17:23:47.889 | INFO     | configuration:configsetters:134 - 8226
2022-09-15 17:23:47.909 | INFO     | configuration:configsetters:85 - {'file_name': '/home/fabrizio/Scrivania/Much-Cross-Little-Over/My_TSP/Istances-Converter/ulysses16.txt', 'crossover': 'Order1', 'tsp_len': 16, 'iterations': 10000}
2022-09-15 17:23:53.074 | INFO     | configuration:configsetters:131 - [15, 13, 3, 6, 10, 8, 5, 1, 2, 12, 0, 11, 9, 7, 14, 4]
2022-09-15 17:23:53.074 | INFO     | configuration:configsetters:134 - 8645
2022-09-15 17:23:53.094 | INFO     | configuration:configsetters:85 - {'file_name': '/home/fabrizio/Scrivania/Much-Cross-Little-Over/My_TSP/Istances-Converter/ulysses16.txt', 'crossover': 'Order1', 'tsp_len': 16, 'iterations': 10000}
2022-09-15 17:23:58.275 | INFO     | configuration:configsetters:131 - [6, 11, 3, 14, 5, 4, 15, 7, 12, 8, 2, 1, 10, 9, 13, 0]
2022-09-15 17:23:58.275 | INFO     | configuration:configsetters:134 - 8933
2022-09-15 17:26:26.125 | INFO     | configuration:configsetters:85 - {'file_name': '/home/fabrizio/Scrivania/Much-Cross-Little-Over/My_TSP/Istances-Converter/ulysses16.txt', 'crossover': 'Order2', 'tsp_len': 16, 'iterations': 1000}
2022-09-15 17:26:27.079 | INFO     | configuration:configsetters:131 - [15, 0, 2, 11, 10, 12, 9, 14, 5, 3, 13, 7, 6, 4, 1, 8]
2022-09-15 17:26:27.079 | INFO     | configuration:configsetters:134 - 9766
2022-09-15 17:26:27.084 | INFO     | configuration:configsetters:85 - {'file_name': '/home/fabrizio/Scrivania/Much-Cross-Little-Over/My_TSP/Istances-Converter/ulysses16.txt', 'crossover': 'Order2', 'tsp_len': 16, 'iterations': 1000}
2022-09-15 17:26:28.020 | INFO     | configuration:configsetters:131 - [14, 12, 7, 11, 3, 10, 15, 4, 13, 0, 2, 1, 9, 6, 8, 5]
2022-09-15 17:26:28.020 | INFO     | configuration:configsetters:134 - 11127
2022-09-15 17:26:28.025 | INFO     | configuration:configsetters:85 - {'file_name': '/home/fabrizio/Scrivania/Much-Cross-Little-Over/My_TSP/Istances-Converter/ulysses16.txt', 'crossover': 'Order2', 'tsp_len': 16, 'iterations': 1000}
2022-09-15 17:26:28.977 | INFO     | configuration:configsetters:131 - [9, 13, 0, 3, 1, 12, 4, 15, 11, 7, 14, 6, 5, 10, 2, 8]
2022-09-15 17:26:28.977 | INFO     | configuration:configsetters:134 - 10421
2022-09-15 17:28:18.866 | INFO     | configuration:configsetters:85 - {'file_name': '/home/fabrizio/Scrivania/Much-Cross-Little-Over/My_TSP/Istances-Converter/ulysses16.txt', 'crossover': 'Order2', 'tsp_len': 16, 'iterations': 10000}
2022-09-15 17:28:28.737 | INFO     | configuration:configsetters:131 - [10, 6, 5, 14, 7, 15, 0, 3, 12, 2, 8, 9, 1, 11, 13, 4]
2022-09-15 17:28:28.737 | INFO     | configuration:configsetters:134 - 9205
2022-09-15 17:28:28.781 | INFO     | configuration:configsetters:85 - {'file_name': '/home/fabrizio/Scrivania/Much-Cross-Little-Over/My_TSP/Istances-Converter/ulysses16.txt', 'crossover': 'Order2', 'tsp_len': 16, 'iterations': 10000}
2022-09-15 17:28:38.726 | INFO     | configuration:configsetters:131 - [14, 5, 12, 15, 8, 6, 4, 7, 1, 0, 3, 11, 9, 2, 10, 13]
2022-09-15 17:28:38.727 | INFO     | configuration:configsetters:134 - 9671
2022-09-15 17:28:38.771 | INFO     | configuration:configsetters:85 - {'file_name': '/home/fabrizio/Scrivania/Much-Cross-Little-Over/My_TSP/Istances-Converter/ulysses16.txt', 'crossover': 'Order2', 'tsp_len': 16, 'iterations': 10000}
2022-09-15 17:28:48.728 | INFO     | configuration:configsetters:131 - [7, 1, 2, 12, 0, 5, 14, 13, 6, 11, 15, 4, 10, 9, 3, 8]
2022-09-15 17:28:48.728 | INFO     | configuration:configsetters:134 - 9014
2022-09-15 17:31:52.961 | INFO     | configuration:configsetters:85 - {'file_name': '/home/fabrizio/Scrivania/Much-Cross-Little-Over/My_TSP/Istances-Converter/ulysses16.txt', 'crossover': 'Position', 'tsp_len': 16, 'iterations': 1000}
2022-09-15 17:31:53.905 | INFO     | configuration:configsetters:131 - [13, 6, 11, 8, 12, 15, 3, 9, 1, 2, 0, 4, 10, 14, 7, 5]
2022-09-15 17:31:53.906 | INFO     | configuration:configsetters:134 - 9286
2022-09-15 17:31:53.908 | INFO     | configuration:configsetters:85 - {'file_name': '/home/fabrizio/Scrivania/Much-Cross-Little-Over/My_TSP/Istances-Converter/ulysses16.txt', 'crossover': 'Position', 'tsp_len': 16, 'iterations': 1000}
2022-09-15 17:31:54.834 | INFO     | configuration:configsetters:131 - [8, 3, 15, 10, 11, 2, 4, 1, 0, 13, 5, 12, 6, 14, 7, 9]
2022-09-15 17:31:54.834 | INFO     | configuration:configsetters:134 - 10215
2022-09-15 17:31:54.836 | INFO     | configuration:configsetters:85 - {'file_name': '/home/fabrizio/Scrivania/Much-Cross-Little-Over/My_TSP/Istances-Converter/ulysses16.txt', 'crossover': 'Position', 'tsp_len': 16, 'iterations': 1000}
2022-09-15 17:31:55.781 | INFO     | configuration:configsetters:131 - [2, 3, 13, 12, 7, 11, 5, 6, 4, 10, 8, 9, 14, 15, 0, 1]
2022-09-15 17:31:55.781 | INFO     | configuration:configsetters:134 - 9348
2022-09-15 17:33:33.202 | INFO     | configuration:configsetters:85 - {'file_name': '/home/fabrizio/Scrivania/Much-Cross-Little-Over/My_TSP/Istances-Converter/ulysses16.txt', 'crossover': 'Position', 'tsp_len': 16, 'iterations': 10000}
2022-09-15 17:33:43.203 | INFO     | configuration:configsetters:131 - [11, 5, 9, 15, 10, 12, 1, 7, 13, 3, 2, 6, 8, 14, 4, 0]
2022-09-15 17:33:43.203 | INFO     | configuration:configsetters:134 - 8603
2022-09-15 17:33:43.227 | INFO     | configuration:configsetters:85 - {'file_name': '/home/fabrizio/Scrivania/Much-Cross-Little-Over/My_TSP/Istances-Converter/ulysses16.txt', 'crossover': 'Position', 'tsp_len': 16, 'iterations': 10000}
2022-09-15 17:33:53.229 | INFO     | configuration:configsetters:131 - [1, 2, 0, 8, 6, 11, 3, 14, 4, 9, 10, 13, 15, 12, 7, 5]
2022-09-15 17:33:53.229 | INFO     | configuration:configsetters:134 - 8254
2022-09-15 17:33:53.253 | INFO     | configuration:configsetters:85 - {'file_name': '/home/fabrizio/Scrivania/Much-Cross-Little-Over/My_TSP/Istances-Converter/ulysses16.txt', 'crossover': 'Position', 'tsp_len': 16, 'iterations': 10000}
2022-09-15 17:34:03.321 | INFO     | configuration:configsetters:131 - [10, 15, 4, 13, 8, 6, 14, 2, 3, 1, 11, 9, 12, 7, 0, 5]
2022-09-15 17:34:03.321 | INFO     | configuration:configsetters:134 - 8095
2022-09-15 17:39:57.149 | INFO     | configuration:configsetters:85 - {'file_name': '/home/fabrizio/Scrivania/Much-Cross-Little-Over/My_TSP/Istances-Converter/ulysses16.txt', 'crossover': 'Alternation', 'tsp_len': 16, 'iterations': 1000}
2022-09-15 17:39:57.727 | INFO     | configuration:configsetters:131 - [6, 5, 4, 7, 8, 9, 10, 3, 15, 1, 12, 11, 2, 0, 13, 14]
2022-09-15 17:39:57.728 | INFO     | configuration:configsetters:134 - 9776
2022-09-15 17:39:57.730 | INFO     | configuration:configsetters:85 - {'file_name': '/home/fabrizio/Scrivania/Much-Cross-Little-Over/My_TSP/Istances-Converter/ulysses16.txt', 'crossover': 'Alternation', 'tsp_len': 16, 'iterations': 1000}
2022-09-15 17:39:58.285 | INFO     | configuration:configsetters:131 - [6, 0, 15, 3, 12, 4, 13, 14, 9, 10, 7, 1, 11, 8, 5, 2]
2022-09-15 17:39:58.286 | INFO     | configuration:configsetters:134 - 8298
2022-09-15 17:39:58.288 | INFO     | configuration:configsetters:85 - {'file_name': '/home/fabrizio/Scrivania/Much-Cross-Little-Over/My_TSP/Istances-Converter/ulysses16.txt', 'crossover': 'Alternation', 'tsp_len': 16, 'iterations': 1000}
2022-09-15 17:39:58.860 | INFO     | configuration:configsetters:131 - [7, 2, 3, 13, 5, 12, 11, 14, 8, 10, 0, 4, 15, 1, 9, 6]
2022-09-15 17:39:58.860 | INFO     | configuration:configsetters:134 - 10172
2022-09-15 17:41:20.052 | INFO     | configuration:configsetters:85 - {'file_name': '/home/fabrizio/Scrivania/Much-Cross-Little-Over/My_TSP/Istances-Converter/ulysses16.txt', 'crossover': 'Alternation', 'tsp_len': 16, 'iterations': 10000}
2022-09-15 17:41:25.902 | INFO     | configuration:configsetters:131 - [6, 5, 13, 8, 7, 1, 14, 9, 10, 3, 0, 12, 2, 15, 4, 11]
2022-09-15 17:41:25.902 | INFO     | configuration:configsetters:134 - 7970
2022-09-15 17:41:25.922 | INFO     | configuration:configsetters:85 - {'file_name': '/home/fabrizio/Scrivania/Much-Cross-Little-Over/My_TSP/Istances-Converter/ulysses16.txt', 'crossover': 'Alternation', 'tsp_len': 16, 'iterations': 10000}
2022-09-15 17:41:31.726 | INFO     | configuration:configsetters:131 - [13, 0, 12, 3, 11, 5, 6, 14, 7, 8, 2, 1, 15, 4, 9, 10]
2022-09-15 17:41:31.726 | INFO     | configuration:configsetters:134 - 8129
2022-09-15 17:41:31.747 | INFO     | configuration:configsetters:85 - {'file_name': '/home/fabrizio/Scrivania/Much-Cross-Little-Over/My_TSP/Istances-Converter/ulysses16.txt', 'crossover': 'Alternation', 'tsp_len': 16, 'iterations': 10000}
2022-09-15 17:41:37.582 | INFO     | configuration:configsetters:131 - [1, 8, 4, 9, 15, 11, 7, 14, 13, 5, 6, 12, 10, 0, 3, 2]
2022-09-15 17:41:37.583 | INFO     | configuration:configsetters:134 - 8793
2022-09-15 18:18:15.058 | INFO     | configuration:configsetters:85 - {'file_name': '/home/fabrizio/Scrivania/Much-Cross-Little-Over/My_TSP/Istances-Converter/ulysses22.txt', 'crossover': 'PMX', 'tsp_len': 22, 'iterations': 1000}
2022-09-15 18:18:16.301 | INFO     | configuration:configsetters:131 - [5, 19, 0, 9, 14, 8, 15, 21, 4, 6, 7, 16, 20, 1, 13, 3, 10, 11, 18, 17, 2, 12]
2022-09-15 18:18:16.301 | INFO     | configuration:configsetters:134 - 11687
2022-09-15 18:18:16.308 | INFO     | configuration:configsetters:85 - {'file_name': '/home/fabrizio/Scrivania/Much-Cross-Little-Over/My_TSP/Istances-Converter/ulysses22.txt', 'crossover': 'PMX', 'tsp_len': 22, 'iterations': 1000}
2022-09-15 18:18:17.602 | INFO     | configuration:configsetters:131 - [7, 13, 21, 18, 3, 8, 20, 17, 16, 12, 15, 2, 6, 5, 9, 4, 10, 11, 19, 14, 0, 1]
2022-09-15 18:18:17.602 | INFO     | configuration:configsetters:134 - 12554
2022-09-15 18:18:17.609 | INFO     | configuration:configsetters:85 - {'file_name': '/home/fabrizio/Scrivania/Much-Cross-Little-Over/My_TSP/Istances-Converter/ulysses22.txt', 'crossover': 'PMX', 'tsp_len': 22, 'iterations': 1000}
2022-09-15 18:18:18.899 | INFO     | configuration:configsetters:131 - [5, 12, 15, 10, 17, 9, 8, 14, 0, 2, 21, 4, 6, 1, 16, 19, 3, 18, 13, 11, 7, 20]
2022-09-15 18:18:18.899 | INFO     | configuration:configsetters:134 - 10849
2022-09-15 18:19:20.517 | INFO     | configuration:configsetters:85 - {'file_name': '/home/fabrizio/Scrivania/Much-Cross-Little-Over/My_TSP/Istances-Converter/ulysses22.txt', 'crossover': 'PMX', 'tsp_len': 22, 'iterations': 10000}
2022-09-15 18:19:32.753 | INFO     | configuration:configsetters:131 - [18, 15, 5, 10, 12, 2, 17, 8, 7, 4, 21, 1, 3, 14, 9, 0, 19, 16, 20, 13, 11, 6]
2022-09-15 18:19:32.753 | INFO     | configuration:configsetters:134 - 9845
2022-09-15 18:19:32.818 | INFO     | configuration:configsetters:85 - {'file_name': '/home/fabrizio/Scrivania/Much-Cross-Little-Over/My_TSP/Istances-Converter/ulysses22.txt', 'crossover': 'PMX', 'tsp_len': 22, 'iterations': 10000}
2022-09-15 18:19:45.521 | INFO     | configuration:configsetters:131 - [15, 0, 10, 5, 4, 2, 16, 3, 7, 17, 21, 6, 11, 9, 20, 19, 12, 14, 18, 8, 13, 1]
2022-09-15 18:19:45.521 | INFO     | configuration:configsetters:134 - 10039
2022-09-15 18:19:45.586 | INFO     | configuration:configsetters:85 - {'file_name': '/home/fabrizio/Scrivania/Much-Cross-Little-Over/My_TSP/Istances-Converter/ulysses22.txt', 'crossover': 'PMX', 'tsp_len': 22, 'iterations': 10000}
2022-09-15 18:19:57.585 | INFO     | configuration:configsetters:131 - [5, 14, 7, 11, 3, 12, 20, 0, 16, 10, 2, 8, 17, 13, 21, 1, 19, 4, 6, 9, 18, 15]
2022-09-15 18:19:57.586 | INFO     | configuration:configsetters:134 - 10620
2022-09-15 18:22:00.282 | INFO     | configuration:configsetters:85 - {'file_name': '/home/fabrizio/Scrivania/Much-Cross-Little-Over/My_TSP/Istances-Converter/ulysses22.txt', 'crossover': 'Cycle', 'tsp_len': 22, 'iterations': 1000}
2022-09-15 18:22:01.471 | INFO     | configuration:configsetters:131 - [17, 2, 5, 9, 19, 15, 16, 1, 6, 0, 21, 12, 20, 8, 11, 14, 18, 7, 4, 13, 10, 3]
2022-09-15 18:22:01.471 | INFO     | configuration:configsetters:134 - 10075
2022-09-15 18:22:01.474 | INFO     | configuration:configsetters:85 - {'file_name': '/home/fabrizio/Scrivania/Much-Cross-Little-Over/My_TSP/Istances-Converter/ulysses22.txt', 'crossover': 'Cycle', 'tsp_len': 22, 'iterations': 1000}
2022-09-15 18:22:02.665 | INFO     | configuration:configsetters:131 - [3, 8, 2, 16, 20, 7, 13, 1, 11, 6, 19, 10, 4, 21, 17, 18, 12, 15, 0, 5, 14, 9]
2022-09-15 18:22:02.665 | INFO     | configuration:configsetters:134 - 8910
2022-09-15 18:22:02.669 | INFO     | configuration:configsetters:85 - {'file_name': '/home/fabrizio/Scrivania/Much-Cross-Little-Over/My_TSP/Istances-Converter/ulysses22.txt', 'crossover': 'Cycle', 'tsp_len': 22, 'iterations': 1000}
2022-09-15 18:22:03.832 | INFO     | configuration:configsetters:131 - [5, 14, 16, 7, 6, 15, 3, 2, 1, 18, 12, 19, 0, 17, 20, 13, 11, 9, 21, 8, 10, 4]
2022-09-15 18:22:03.832 | INFO     | configuration:configsetters:134 - 9311
2022-09-15 18:22:46.123 | INFO     | configuration:configsetters:85 - {'file_name': '/home/fabrizio/Scrivania/Much-Cross-Little-Over/My_TSP/Istances-Converter/ulysses22.txt', 'crossover': 'Cycle', 'tsp_len': 22, 'iterations': 10000}
2022-09-15 18:22:59.310 | INFO     | configuration:configsetters:131 - [20, 18, 6, 0, 16, 10, 3, 15, 13, 17, 7, 4, 8, 12, 14, 21, 2, 1, 11, 5, 9, 19]
2022-09-15 18:22:59.310 | INFO     | configuration:configsetters:134 - 9012
2022-09-15 18:22:59.343 | INFO     | configuration:configsetters:85 - {'file_name': '/home/fabrizio/Scrivania/Much-Cross-Little-Over/My_TSP/Istances-Converter/ulysses22.txt', 'crossover': 'Cycle', 'tsp_len': 22, 'iterations': 10000}
2022-09-15 18:23:13.079 | INFO     | configuration:configsetters:131 - [9, 2, 1, 4, 11, 13, 18, 3, 12, 14, 15, 7, 8, 10, 21, 0, 5, 20, 19, 16, 17, 6]
2022-09-15 18:23:13.079 | INFO     | configuration:configsetters:134 - 9407
2022-09-15 18:23:13.119 | INFO     | configuration:configsetters:85 - {'file_name': '/home/fabrizio/Scrivania/Much-Cross-Little-Over/My_TSP/Istances-Converter/ulysses22.txt', 'crossover': 'Cycle', 'tsp_len': 22, 'iterations': 10000}
2022-09-15 18:23:27.320 | INFO     | configuration:configsetters:131 - [4, 20, 10, 18, 9, 11, 6, 7, 19, 8, 17, 16, 2, 0, 12, 13, 21, 3, 1, 15, 14, 5]
2022-09-15 18:23:27.320 | INFO     | configuration:configsetters:134 - 7986
2022-09-15 18:24:43.082 | INFO     | configuration:configsetters:85 - {'file_name': '/home/fabrizio/Scrivania/Much-Cross-Little-Over/My_TSP/Istances-Converter/ulysses22.txt', 'crossover': 'Order1', 'tsp_len': 22, 'iterations': 1000}
2022-09-15 18:24:43.936 | INFO     | configuration:configsetters:131 - [6, 8, 11, 1, 14, 2, 3, 9, 15, 7, 12, 17, 5, 4, 13, 18, 10, 16, 21, 20, 0, 19]
2022-09-15 18:24:43.936 | INFO     | configuration:configsetters:134 - 13442
2022-09-15 18:24:43.940 | INFO     | configuration:configsetters:85 - {'file_name': '/home/fabrizio/Scrivania/Much-Cross-Little-Over/My_TSP/Istances-Converter/ulysses22.txt', 'crossover': 'Order1', 'tsp_len': 22, 'iterations': 1000}
2022-09-15 18:24:44.795 | INFO     | configuration:configsetters:131 - [20, 6, 10, 18, 12, 3, 1, 14, 21, 0, 2, 11, 16, 7, 15, 5, 9, 8, 19, 17, 13, 4]
2022-09-15 18:24:44.795 | INFO     | configuration:configsetters:134 - 13514
2022-09-15 18:24:44.798 | INFO     | configuration:configsetters:85 - {'file_name': '/home/fabrizio/Scrivania/Much-Cross-Little-Over/My_TSP/Istances-Converter/ulysses22.txt', 'crossover': 'Order1', 'tsp_len': 22, 'iterations': 1000}
2022-09-15 18:24:45.630 | INFO     | configuration:configsetters:131 - [5, 17, 19, 20, 11, 4, 2, 8, 7, 0, 16, 6, 14, 10, 12, 13, 9, 1, 18, 21, 3, 15]
2022-09-15 18:24:45.630 | INFO     | configuration:configsetters:134 - 11970
2022-09-15 18:25:59.187 | INFO     | configuration:configsetters:85 - {'file_name': '/home/fabrizio/Scrivania/Much-Cross-Little-Over/My_TSP/Istances-Converter/ulysses22.txt', 'crossover': 'Order1', 'tsp_len': 22, 'iterations': 10000}
2022-09-15 18:26:08.797 | INFO     | configuration:configsetters:131 - [9, 4, 2, 7, 11, 16, 21, 14, 15, 12, 20, 0, 10, 3, 6, 8, 18, 19, 1, 13, 5, 17]
2022-09-15 18:26:08.797 | INFO     | configuration:configsetters:134 - 12176
2022-09-15 18:26:08.829 | INFO     | configuration:configsetters:85 - {'file_name': '/home/fabrizio/Scrivania/Much-Cross-Little-Over/My_TSP/Istances-Converter/ulysses22.txt', 'crossover': 'Order1', 'tsp_len': 22, 'iterations': 10000}
2022-09-15 18:26:18.539 | INFO     | configuration:configsetters:131 - [5, 4, 16, 21, 0, 10, 9, 11, 20, 8, 14, 7, 3, 1, 13, 2, 17, 12, 18, 15, 19, 6]
2022-09-15 18:26:18.539 | INFO     | configuration:configsetters:134 - 12023
2022-09-15 18:26:18.571 | INFO     | configuration:configsetters:85 - {'file_name': '/home/fabrizio/Scrivania/Much-Cross-Little-Over/My_TSP/Istances-Converter/ulysses22.txt', 'crossover': 'Order1', 'tsp_len': 22, 'iterations': 10000}
2022-09-15 18:26:28.281 | INFO     | configuration:configsetters:131 - [18, 14, 19, 15, 0, 13, 5, 12, 8, 9, 17, 1, 7, 21, 16, 6, 4, 11, 2, 10, 3, 20]
2022-09-15 18:26:28.281 | INFO     | configuration:configsetters:134 - 11781
2022-09-15 18:27:13.972 | INFO     | configuration:configsetters:85 - {'file_name': '/home/fabrizio/Scrivania/Much-Cross-Little-Over/My_TSP/Istances-Converter/ulysses22.txt', 'crossover': 'Order2', 'tsp_len': 22, 'iterations': 1000}
2022-09-15 18:27:15.619 | INFO     | configuration:configsetters:131 - [7, 3, 2, 12, 10, 11, 6, 4, 19, 13, 15, 0, 14, 17, 1, 9, 5, 16, 21, 18, 20, 8]
2022-09-15 18:27:15.619 | INFO     | configuration:configsetters:134 - 12995
2022-09-15 18:27:15.627 | INFO     | configuration:configsetters:85 - {'file_name': '/home/fabrizio/Scrivania/Much-Cross-Little-Over/My_TSP/Istances-Converter/ulysses22.txt', 'crossover': 'Order2', 'tsp_len': 22, 'iterations': 1000}
2022-09-15 18:27:17.223 | INFO     | configuration:configsetters:131 - [3, 11, 10, 16, 9, 4, 21, 13, 7, 8, 2, 18, 12, 14, 15, 5, 6, 1, 19, 20, 17, 0]
2022-09-15 18:27:17.223 | INFO     | configuration:configsetters:134 - 13724
2022-09-15 18:27:17.231 | INFO     | configuration:configsetters:85 - {'file_name': '/home/fabrizio/Scrivania/Much-Cross-Little-Over/My_TSP/Istances-Converter/ulysses22.txt', 'crossover': 'Order2', 'tsp_len': 22, 'iterations': 1000}
2022-09-15 18:27:18.801 | INFO     | configuration:configsetters:131 - [18, 20, 7, 4, 3, 14, 11, 9, 5, 6, 10, 0, 8, 2, 12, 15, 21, 19, 16, 1, 13, 17]
2022-09-15 18:27:18.801 | INFO     | configuration:configsetters:134 - 13710
2022-09-15 18:28:56.443 | INFO     | configuration:configsetters:85 - {'file_name': '/home/fabrizio/Scrivania/Much-Cross-Little-Over/My_TSP/Istances-Converter/ulysses22.txt', 'crossover': 'Order2', 'tsp_len': 22, 'iterations': 10000}
2022-09-15 18:29:12.705 | INFO     | configuration:configsetters:131 - [21, 3, 17, 2, 12, 10, 13, 14, 20, 8, 0, 5, 7, 11, 9, 19, 6, 1, 15, 18, 16, 4]
2022-09-15 18:29:12.705 | INFO     | configuration:configsetters:134 - 12224
2022-09-15 18:29:12.777 | INFO     | configuration:configsetters:85 - {'file_name': '/home/fabrizio/Scrivania/Much-Cross-Little-Over/My_TSP/Istances-Converter/ulysses22.txt', 'crossover': 'Order2', 'tsp_len': 22, 'iterations': 10000}
2022-09-15 18:29:29.220 | INFO     | configuration:configsetters:131 - [1, 0, 18, 17, 8, 4, 19, 11, 5, 20, 10, 14, 9, 12, 6, 3, 13, 21, 15, 16, 7, 2]
2022-09-15 18:29:29.221 | INFO     | configuration:configsetters:134 - 12792
2022-09-15 18:29:29.291 | INFO     | configuration:configsetters:85 - {'file_name': '/home/fabrizio/Scrivania/Much-Cross-Little-Over/My_TSP/Istances-Converter/ulysses22.txt', 'crossover': 'Order2', 'tsp_len': 22, 'iterations': 10000}
2022-09-15 18:29:46.057 | INFO     | configuration:configsetters:131 - [18, 2, 15, 17, 0, 3, 16, 5, 11, 9, 4, 20, 14, 10, 19, 1, 12, 7, 8, 21, 13, 6]
2022-09-15 18:29:46.057 | INFO     | configuration:configsetters:134 - 12580
2022-09-15 18:30:51.103 | INFO     | configuration:configsetters:85 - {'file_name': '/home/fabrizio/Scrivania/Much-Cross-Little-Over/My_TSP/Istances-Converter/ulysses22.txt', 'crossover': 'Position', 'tsp_len': 22, 'iterations': 1000}
2022-09-15 18:30:52.887 | INFO     | configuration:configsetters:131 - [9, 15, 20, 21, 3, 2, 7, 1, 19, 12, 13, 10, 18, 6, 4, 16, 5, 17, 11, 8, 14, 0]
2022-09-15 18:30:52.887 | INFO     | configuration:configsetters:134 - 12069
2022-09-15 18:30:52.891 | INFO     | configuration:configsetters:85 - {'file_name': '/home/fabrizio/Scrivania/Much-Cross-Little-Over/My_TSP/Istances-Converter/ulysses22.txt', 'crossover': 'Position', 'tsp_len': 22, 'iterations': 1000}
2022-09-15 18:30:54.687 | INFO     | configuration:configsetters:131 - [3, 8, 16, 5, 18, 15, 11, 17, 1, 6, 2, 14, 12, 19, 13, 9, 4, 20, 7, 10, 0, 21]
2022-09-15 18:30:54.687 | INFO     | configuration:configsetters:134 - 11641
2022-09-15 18:30:54.691 | INFO     | configuration:configsetters:85 - {'file_name': '/home/fabrizio/Scrivania/Much-Cross-Little-Over/My_TSP/Istances-Converter/ulysses22.txt', 'crossover': 'Position', 'tsp_len': 22, 'iterations': 1000}
2022-09-15 18:30:56.490 | INFO     | configuration:configsetters:131 - [3, 12, 21, 11, 5, 4, 7, 6, 14, 13, 9, 10, 15, 8, 20, 0, 19, 18, 17, 1, 16, 2]
2022-09-15 18:30:56.490 | INFO     | configuration:configsetters:134 - 10872
2022-09-15 18:31:59.524 | INFO     | configuration:configsetters:85 - {'file_name': '/home/fabrizio/Scrivania/Much-Cross-Little-Over/My_TSP/Istances-Converter/ulysses22.txt', 'crossover': 'Position', 'tsp_len': 22, 'iterations': 10000}
2022-09-15 18:32:18.567 | INFO     | configuration:configsetters:131 - [19, 3, 16, 20, 0, 2, 18, 14, 21, 9, 12, 7, 13, 4, 6, 1, 11, 17, 15, 10, 8, 5]
2022-09-15 18:32:18.568 | INFO     | configuration:configsetters:134 - 10188
2022-09-15 18:32:18.603 | INFO     | configuration:configsetters:85 - {'file_name': '/home/fabrizio/Scrivania/Much-Cross-Little-Over/My_TSP/Istances-Converter/ulysses22.txt', 'crossover': 'Position', 'tsp_len': 22, 'iterations': 10000}
2022-09-15 18:32:38.317 | INFO     | configuration:configsetters:131 - [19, 14, 8, 17, 20, 18, 11, 7, 21, 10, 5, 9, 13, 12, 16, 6, 1, 15, 2, 3, 4, 0]
2022-09-15 18:32:38.317 | INFO     | configuration:configsetters:134 - 9563
2022-09-15 18:32:38.353 | INFO     | configuration:configsetters:85 - {'file_name': '/home/fabrizio/Scrivania/Much-Cross-Little-Over/My_TSP/Istances-Converter/ulysses22.txt', 'crossover': 'Position', 'tsp_len': 22, 'iterations': 10000}
2022-09-15 18:32:58.536 | INFO     | configuration:configsetters:131 - [0, 7, 15, 17, 13, 4, 9, 18, 12, 16, 1, 5, 14, 11, 19, 10, 2, 21, 3, 6, 20, 8]
2022-09-15 18:32:58.536 | INFO     | configuration:configsetters:134 - 10652
2022-09-15 18:33:57.855 | INFO     | configuration:configsetters:85 - {'file_name': '/home/fabrizio/Scrivania/Much-Cross-Little-Over/My_TSP/Istances-Converter/ulysses22.txt', 'crossover': 'Alternation', 'tsp_len': 22, 'iterations': 1000}
2022-09-15 18:33:59.049 | INFO     | configuration:configsetters:131 - [19, 3, 16, 17, 11, 18, 2, 6, 0, 12, 14, 21, 8, 5, 15, 7, 9, 1, 20, 13, 4, 10]
2022-09-15 18:33:59.050 | INFO     | configuration:configsetters:134 - 13369
2022-09-15 18:33:59.053 | INFO     | configuration:configsetters:85 - {'file_name': '/home/fabrizio/Scrivania/Much-Cross-Little-Over/My_TSP/Istances-Converter/ulysses22.txt', 'crossover': 'Alternation', 'tsp_len': 22, 'iterations': 1000}
2022-09-15 18:34:00.248 | INFO     | configuration:configsetters:131 - [17, 11, 4, 9, 7, 2, 5, 21, 0, 12, 8, 13, 10, 20, 15, 6, 1, 14, 16, 18, 19, 3]
2022-09-15 18:34:00.248 | INFO     | configuration:configsetters:134 - 14159
2022-09-15 18:34:00.251 | INFO     | configuration:configsetters:85 - {'file_name': '/home/fabrizio/Scrivania/Much-Cross-Little-Over/My_TSP/Istances-Converter/ulysses22.txt', 'crossover': 'Alternation', 'tsp_len': 22, 'iterations': 1000}
2022-09-15 18:34:01.461 | INFO     | configuration:configsetters:131 - [8, 12, 11, 17, 2, 9, 6, 3, 19, 4, 14, 5, 13, 16, 18, 20, 15, 1, 21, 7, 10, 0]
2022-09-15 18:34:01.462 | INFO     | configuration:configsetters:134 - 12481
2022-09-15 18:34:46.669 | INFO     | configuration:configsetters:85 - {'file_name': '/home/fabrizio/Scrivania/Much-Cross-Little-Over/My_TSP/Istances-Converter/ulysses22.txt', 'crossover': 'Alternation', 'tsp_len': 22, 'iterations': 10000}
2022-09-15 18:34:57.470 | INFO     | configuration:configsetters:131 - [9, 7, 12, 21, 8, 17, 13, 4, 19, 18, 16, 3, 0, 11, 5, 2, 1, 10, 14, 6, 20, 15]
2022-09-15 18:34:57.470 | INFO     | configuration:configsetters:134 - 12136
2022-09-15 18:34:57.503 | INFO     | configuration:configsetters:85 - {'file_name': '/home/fabrizio/Scrivania/Much-Cross-Little-Over/My_TSP/Istances-Converter/ulysses22.txt', 'crossover': 'Alternation', 'tsp_len': 22, 'iterations': 10000}
2022-09-15 18:35:08.995 | INFO     | configuration:configsetters:131 - [21, 7, 13, 9, 4, 12, 15, 16, 2, 8, 17, 0, 6, 18, 19, 10, 11, 14, 3, 20, 5, 1]
2022-09-15 18:35:08.995 | INFO     | configuration:configsetters:134 - 11913
2022-09-15 18:35:09.036 | INFO     | configuration:configsetters:85 - {'file_name': '/home/fabrizio/Scrivania/Much-Cross-Little-Over/My_TSP/Istances-Converter/ulysses22.txt', 'crossover': 'Alternation', 'tsp_len': 22, 'iterations': 10000}
2022-09-15 18:35:20.539 | INFO     | configuration:configsetters:131 - [11, 17, 13, 4, 3, 1, 6, 2, 19, 8, 12, 14, 7, 16, 15, 18, 21, 5, 0, 9, 10, 20]
2022-09-15 18:35:20.540 | INFO     | configuration:configsetters:134 - 11783
2022-09-15 22:14:38.694 | INFO     | configuration:configsetters:85 - {'file_name': '/home/fabrizio/Scrivania/Much-Cross-Little-Over/My_TSP/Istances-Converter/berlin52.txt', 'crossover': 'PMX', 'tsp_len': 52, 'iterations': 1000}
2022-09-15 22:15:02.701 | INFO     | configuration:configsetters:85 - {'file_name': '/home/fabrizio/Scrivania/Much-Cross-Little-Over/My_TSP/Istances-Converter/berlin52.txt', 'crossover': 'PMX', 'tsp_len': 52, 'iterations': 1000}
2022-09-15 22:15:15.069 | INFO     | configuration:configsetters:85 - {'file_name': '/home/fabrizio/Scrivania/Much-Cross-Little-Over/My_TSP/Istances/berlin52.txt', 'crossover': 'PMX', 'tsp_len': 52, 'iterations': 1000}
2022-09-15 22:15:59.533 | INFO     | configuration:configsetters:85 - {'file_name': '/home/fabrizio/Scrivania/Much-Cross-Little-Over/My_TSP/Istances/berlin52.txt', 'crossover': 'PMX', 'tsp_len': 52, 'iterations': 1000}
2022-09-15 22:16:46.433 | INFO     | configuration:configsetters:85 - {'file_name': '/home/fabrizio/Scrivania/Much-Cross-Little-Over/My_TSP/Istances/berlin52.txt', 'crossover': 'PMX', 'tsp_len': 52, 'iterations': 1000}
2022-09-15 22:17:15.931 | INFO     | configuration:configsetters:85 - {'file_name': '/home/fabrizio/Scrivania/Much-Cross-Little-Over/My_TSP/Istances/berlin52.txt', 'crossover': 'PMX', 'tsp_len': 52, 'iterations': 1000}
2022-09-15 22:17:41.498 | INFO     | configuration:configsetters:85 - {'file_name': '/home/fabrizio/Scrivania/Much-Cross-Little-Over/My_TSP/Istances/berlin52.txt', 'crossover': 'PMX', 'tsp_len': 52, 'iterations': 1000}
2022-09-15 22:19:25.992 | INFO     | configuration:configsetters:85 - {'file_name': '/home/fabrizio/Scrivania/Much-Cross-Little-Over/My_TSP/Istances/berlin52.txt', 'crossover': 'PMX', 'tsp_len': 52, 'iterations': 1000}
2022-09-15 22:19:38.528 | INFO     | configuration:configsetters:85 - {'file_name': '/home/fabrizio/Scrivania/Much-Cross-Little-Over/My_TSP/Istances/berlin52.txt', 'crossover': 'PMX', 'tsp_len': 52, 'iterations': 1000}
2022-09-15 22:19:49.825 | INFO     | configuration:configsetters:85 - {'file_name': '/home/fabrizio/Scrivania/Much-Cross-Little-Over/My_TSP/Istances/berlin52.txt', 'crossover': 'PMX', 'tsp_len': 52, 'iterations': 1000}
2022-09-15 22:20:30.081 | INFO     | configuration:configsetters:85 - {'file_name': '/home/fabrizio/Scrivania/Much-Cross-Little-Over/My_TSP/Istances/berlin52.txt', 'crossover': 'PMX', 'tsp_len': 52, 'iterations': 1000}
2022-09-15 22:22:24.218 | INFO     | configuration:configsetters:85 - {'file_name': '/home/fabrizio/Scrivania/Much-Cross-Little-Over/My_TSP/Istances/berlin52.txt', 'crossover': 'PMX', 'tsp_len': 52, 'iterations': 1000}
2022-09-15 22:22:41.101 | INFO     | configuration:configsetters:85 - {'file_name': '/home/fabrizio/Scrivania/Much-Cross-Little-Over/My_TSP/Istances/berlin52.txt', 'crossover': 'PMX', 'tsp_len': 52, 'iterations': 1000}
2022-09-15 22:22:55.543 | INFO     | configuration:configsetters:85 - {'file_name': '/home/fabrizio/Scrivania/Much-Cross-Little-Over/My_TSP/Istances/berlin52.txt', 'crossover': 'PMX', 'tsp_len': 52, 'iterations': 1000}
2022-09-15 22:23:04.015 | INFO     | configuration:configsetters:131 - [45, 19, 9, 37, 0, 27, 26, 35, 34, 22, 7, 16, 50, 38, 18, 24, 4, 49, 42, 29, 48, 1, 17, 23, 36, 6, 21, 39, 28, 3, 10, 40, 33, 46, 41, 25, 14, 51, 30, 44, 11, 5, 13, 43, 47, 12, 8, 32, 20, 31, 15, 2]
2022-09-15 22:23:04.015 | INFO     | configuration:configsetters:134 - 23857
2022-09-15 22:23:04.048 | INFO     | configuration:configsetters:85 - {'file_name': '/home/fabrizio/Scrivania/Much-Cross-Little-Over/My_TSP/Istances/berlin52.txt', 'crossover': 'PMX', 'tsp_len': 52, 'iterations': 1000}
2022-09-15 22:23:12.879 | INFO     | configuration:configsetters:131 - [20, 16, 21, 50, 47, 18, 41, 45, 34, 8, 14, 7, 22, 51, 13, 3, 1, 37, 43, 31, 5, 33, 28, 38, 27, 0, 26, 17, 40, 44, 25, 49, 6, 46, 11, 9, 15, 10, 30, 12, 42, 39, 36, 32, 2, 35, 23, 19, 48, 24, 4, 29]
2022-09-15 22:23:12.879 | INFO     | configuration:configsetters:134 - 24063
2022-09-15 22:23:12.928 | INFO     | configuration:configsetters:85 - {'file_name': '/home/fabrizio/Scrivania/Much-Cross-Little-Over/My_TSP/Istances/berlin52.txt', 'crossover': 'PMX', 'tsp_len': 52, 'iterations': 1000}
2022-09-15 22:23:21.636 | INFO     | configuration:configsetters:131 - [44, 36, 42, 45, 41, 48, 13, 40, 1, 8, 9, 49, 28, 29, 35, 39, 47, 20, 27, 15, 6, 24, 38, 23, 18, 21, 50, 4, 37, 12, 10, 17, 32, 25, 30, 46, 16, 14, 0, 33, 51, 31, 26, 5, 19, 34, 3, 11, 7, 2, 43, 22]
2022-09-15 22:23:21.637 | INFO     | configuration:configsetters:134 - 23996
2022-09-15 22:28:29.268 | INFO     | configuration:configsetters:85 - {'file_name': '/home/fabrizio/Scrivania/Much-Cross-Little-Over/My_TSP/Istances/berlin52.txt', 'crossover': 'PMX', 'tsp_len': 52, 'iterations': 10000}
2022-09-15 22:29:28.801 | INFO     | configuration:configsetters:131 - [38, 6, 11, 47, 42, 9, 29, 49, 32, 16, 36, 44, 45, 43, 22, 39, 30, 13, 14, 35, 7, 18, 33, 21, 0, 31, 2, 48, 23, 26, 17, 12, 41, 25, 15, 34, 40, 50, 28, 1, 4, 37, 3, 19, 51, 20, 8, 27, 46, 5, 24, 10]
2022-09-15 22:29:28.801 | INFO     | configuration:configsetters:134 - 23007
2022-09-15 22:29:29.077 | INFO     | configuration:configsetters:85 - {'file_name': '/home/fabrizio/Scrivania/Much-Cross-Little-Over/My_TSP/Istances/berlin52.txt', 'crossover': 'PMX', 'tsp_len': 52, 'iterations': 10000}
2022-09-15 22:30:31.520 | INFO     | configuration:configsetters:131 - [6, 10, 32, 8, 26, 38, 33, 22, 7, 43, 36, 45, 51, 34, 11, 3, 0, 19, 49, 16, 48, 2, 13, 28, 41, 4, 5, 30, 9, 46, 20, 21, 25, 42, 44, 17, 27, 24, 39, 47, 31, 35, 23, 1, 40, 29, 18, 14, 12, 15, 37, 50]
2022-09-15 22:30:31.520 | INFO     | configuration:configsetters:134 - 22472
2022-09-15 22:30:31.775 | INFO     | configuration:configsetters:85 - {'file_name': '/home/fabrizio/Scrivania/Much-Cross-Little-Over/My_TSP/Istances/berlin52.txt', 'crossover': 'PMX', 'tsp_len': 52, 'iterations': 10000}
2022-09-15 22:31:36.767 | INFO     | configuration:configsetters:131 - [49, 43, 0, 15, 33, 4, 40, 14, 28, 47, 18, 39, 50, 46, 23, 44, 2, 6, 32, 21, 3, 41, 8, 20, 24, 5, 19, 42, 30, 22, 51, 12, 1, 29, 36, 45, 48, 13, 9, 10, 38, 16, 35, 26, 37, 31, 25, 7, 11, 34, 27, 17]
2022-09-15 22:31:36.768 | INFO     | configuration:configsetters:134 - 20987
2022-09-15 22:32:30.470 | INFO     | configuration:configsetters:85 - {'file_name': '/home/fabrizio/Scrivania/Much-Cross-Little-Over/My_TSP/Istances/berlin52.txt', 'crossover': 'Cycle', 'tsp_len': 52, 'iterations': 1000}
2022-09-15 22:32:40.883 | INFO     | configuration:configsetters:131 - [42, 34, 12, 2, 27, 46, 32, 8, 15, 6, 17, 7, 49, 36, 48, 4, 16, 31, 33, 23, 26, 14, 5, 11, 35, 20, 19, 1, 22, 41, 18, 51, 40, 39, 28, 37, 13, 3, 10, 21, 47, 43, 30, 25, 44, 29, 50, 24, 9, 45, 0, 38]
2022-09-15 22:32:40.884 | INFO     | configuration:configsetters:134 - 21524
2022-09-15 22:32:40.895 | INFO     | configuration:configsetters:85 - {'file_name': '/home/fabrizio/Scrivania/Much-Cross-Little-Over/My_TSP/Istances/berlin52.txt', 'crossover': 'Cycle', 'tsp_len': 52, 'iterations': 1000}
2022-09-15 22:32:51.387 | INFO     | configuration:configsetters:131 - [49, 23, 19, 18, 32, 35, 14, 17, 45, 30, 21, 50, 10, 31, 7, 8, 34, 33, 43, 4, 0, 37, 25, 16, 9, 2, 51, 36, 44, 41, 40, 42, 3, 22, 29, 13, 5, 27, 11, 39, 28, 12, 15, 46, 24, 26, 47, 6, 1, 48, 38, 20]
2022-09-15 22:32:51.387 | INFO     | configuration:configsetters:134 - 21912
2022-09-15 22:32:51.398 | INFO     | configuration:configsetters:85 - {'file_name': '/home/fabrizio/Scrivania/Much-Cross-Little-Over/My_TSP/Istances/berlin52.txt', 'crossover': 'Cycle', 'tsp_len': 52, 'iterations': 1000}
2022-09-15 22:33:01.911 | INFO     | configuration:configsetters:131 - [28, 0, 25, 31, 20, 9, 51, 42, 29, 40, 21, 33, 22, 1, 23, 44, 24, 34, 11, 43, 27, 26, 49, 17, 5, 6, 47, 36, 30, 19, 39, 4, 14, 48, 46, 8, 13, 45, 37, 18, 41, 15, 35, 32, 10, 12, 50, 2, 38, 3, 7, 16]
2022-09-15 22:33:01.911 | INFO     | configuration:configsetters:134 - 22783
2022-09-15 22:34:00.587 | INFO     | configuration:configsetters:85 - {'file_name': '/home/fabrizio/Scrivania/Much-Cross-Little-Over/My_TSP/Istances/berlin52.txt', 'crossover': 'Cycle', 'tsp_len': 52, 'iterations': 10000}
2022-09-15 22:35:42.290 | INFO     | configuration:configsetters:131 - [40, 5, 45, 50, 12, 51, 30, 28, 32, 19, 33, 11, 39, 46, 42, 34, 23, 25, 6, 9, 36, 0, 49, 13, 24, 15, 35, 20, 41, 16, 10, 37, 29, 47, 2, 26, 3, 48, 22, 18, 17, 21, 27, 38, 14, 31, 1, 4, 8, 44, 43, 7]
2022-09-15 22:35:42.291 | INFO     | configuration:configsetters:134 - 20800
2022-09-15 22:35:42.384 | INFO     | configuration:configsetters:85 - {'file_name': '/home/fabrizio/Scrivania/Much-Cross-Little-Over/My_TSP/Istances/berlin52.txt', 'crossover': 'Cycle', 'tsp_len': 52, 'iterations': 10000}
2022-09-15 22:37:24.899 | INFO     | configuration:configsetters:131 - [26, 10, 48, 51, 25, 13, 5, 19, 1, 41, 20, 45, 6, 47, 16, 30, 35, 0, 17, 32, 31, 15, 12, 46, 28, 27, 42, 29, 36, 11, 4, 14, 43, 24, 49, 50, 8, 38, 23, 7, 40, 39, 21, 18, 37, 33, 44, 3, 34, 9, 2, 22]
2022-09-15 22:37:24.899 | INFO     | configuration:configsetters:134 - 20935
2022-09-15 22:37:24.992 | INFO     | configuration:configsetters:85 - {'file_name': '/home/fabrizio/Scrivania/Much-Cross-Little-Over/My_TSP/Istances/berlin52.txt', 'crossover': 'Cycle', 'tsp_len': 52, 'iterations': 10000}
2022-09-15 22:39:06.054 | INFO     | configuration:configsetters:131 - [38, 27, 26, 51, 19, 21, 41, 17, 25, 33, 48, 46, 0, 50, 11, 39, 1, 36, 45, 49, 23, 37, 9, 7, 34, 42, 24, 12, 18, 13, 43, 16, 35, 5, 14, 6, 30, 28, 31, 40, 10, 3, 44, 22, 8, 20, 2, 4, 29, 47, 32, 15]
2022-09-15 22:39:06.054 | INFO     | configuration:configsetters:134 - 19620
2022-09-15 22:40:22.473 | INFO     | configuration:configsetters:85 - {'file_name': '/home/fabrizio/Scrivania/Much-Cross-Little-Over/My_TSP/Istances/berlin52.txt', 'crossover': 'Order1', 'tsp_len': 52, 'iterations': 1000}
2022-09-15 22:40:28.667 | INFO     | configuration:configsetters:131 - [33, 36, 41, 47, 15, 48, 3, 23, 51, 37, 4, 28, 20, 7, 29, 31, 10, 25, 19, 44, 8, 14, 50, 5, 32, 40, 46, 30, 39, 2, 17, 49, 24, 34, 45, 18, 12, 27, 6, 13, 21, 43, 11, 22, 9, 1, 38, 16, 35, 0, 26, 42]
2022-09-15 22:40:28.668 | INFO     | configuration:configsetters:134 - 24427
2022-09-15 22:40:28.678 | INFO     | configuration:configsetters:85 - {'file_name': '/home/fabrizio/Scrivania/Much-Cross-Little-Over/My_TSP/Istances/berlin52.txt', 'crossover': 'Order1', 'tsp_len': 52, 'iterations': 1000}
2022-09-15 22:40:34.907 | INFO     | configuration:configsetters:131 - [20, 2, 29, 43, 31, 3, 51, 4, 40, 23, 21, 0, 19, 36, 45, 34, 6, 15, 16, 39, 22, 49, 46, 27, 28, 26, 35, 38, 7, 44, 5, 9, 33, 13, 12, 50, 47, 48, 14, 30, 1, 37, 10, 8, 17, 42, 32, 24, 18, 41, 25, 11]
2022-09-15 22:40:34.908 | INFO     | configuration:configsetters:134 - 24741
2022-09-15 22:40:34.917 | INFO     | configuration:configsetters:85 - {'file_name': '/home/fabrizio/Scrivania/Much-Cross-Little-Over/My_TSP/Istances/berlin52.txt', 'crossover': 'Order1', 'tsp_len': 52, 'iterations': 1000}
2022-09-15 22:40:41.200 | INFO     | configuration:configsetters:131 - [4, 31, 24, 37, 42, 27, 33, 43, 18, 7, 17, 20, 15, 28, 23, 11, 21, 34, 19, 6, 46, 35, 26, 3, 36, 39, 44, 9, 1, 22, 29, 12, 16, 41, 51, 40, 30, 50, 48, 10, 8, 32, 14, 2, 38, 47, 49, 45, 5, 0, 13, 25]
2022-09-15 22:40:41.200 | INFO     | configuration:configsetters:134 - 24661
2022-09-15 22:40:55.832 | INFO     | configuration:configsetters:85 - {'file_name': '/home/fabrizio/Scrivania/Much-Cross-Little-Over/My_TSP/Istances/berlin52.txt', 'crossover': 'Order1', 'tsp_len': 52, 'iterations': 10000}
2022-09-15 22:42:02.917 | INFO     | configuration:configsetters:131 - [10, 47, 34, 33, 26, 8, 0, 20, 16, 3, 42, 32, 30, 25, 1, 29, 37, 51, 23, 40, 24, 9, 15, 28, 18, 48, 6, 50, 19, 36, 35, 22, 4, 12, 39, 44, 2, 49, 11, 45, 21, 31, 41, 27, 14, 7, 5, 13, 38, 43, 17, 46]
2022-09-15 22:42:02.917 | INFO     | configuration:configsetters:134 - 22907
2022-09-15 22:42:03.007 | INFO     | configuration:configsetters:85 - {'file_name': '/home/fabrizio/Scrivania/Much-Cross-Little-Over/My_TSP/Istances/berlin52.txt', 'crossover': 'Order1', 'tsp_len': 52, 'iterations': 10000}
2022-09-15 22:43:10.653 | INFO     | configuration:configsetters:131 - [6, 0, 26, 15, 41, 46, 50, 20, 16, 8, 38, 18, 7, 43, 47, 2, 45, 3, 28, 25, 30, 24, 12, 37, 11, 29, 23, 10, 42, 39, 13, 4, 17, 36, 40, 51, 48, 1, 34, 35, 5, 44, 49, 27, 19, 33, 9, 14, 31, 22, 21, 32]
2022-09-15 22:43:10.653 | INFO     | configuration:configsetters:134 - 22925
2022-09-15 22:43:10.742 | INFO     | configuration:configsetters:85 - {'file_name': '/home/fabrizio/Scrivania/Much-Cross-Little-Over/My_TSP/Istances/berlin52.txt', 'crossover': 'Order1', 'tsp_len': 52, 'iterations': 10000}
2022-09-15 22:44:18.637 | INFO     | configuration:configsetters:131 - [34, 49, 43, 37, 42, 6, 40, 22, 18, 16, 0, 15, 17, 29, 39, 5, 8, 45, 46, 26, 35, 13, 27, 20, 50, 48, 41, 33, 44, 30, 25, 36, 32, 9, 1, 31, 14, 19, 21, 51, 23, 3, 12, 2, 24, 38, 28, 10, 47, 7, 11, 4]
2022-09-15 22:44:18.637 | INFO     | configuration:configsetters:134 - 23460
2022-09-15 22:45:30.949 | INFO     | configuration:configsetters:85 - {'file_name': '/home/fabrizio/Scrivania/Much-Cross-Little-Over/My_TSP/Istances/berlin52.txt', 'crossover': 'Order2', 'tsp_len': 52, 'iterations': 1000}
2022-09-15 22:45:39.720 | INFO     | configuration:configsetters:131 - [26, 4, 44, 2, 22, 7, 23, 16, 13, 48, 33, 29, 14, 34, 39, 37, 50, 46, 36, 28, 12, 27, 1, 51, 18, 41, 43, 40, 11, 8, 19, 5, 3, 0, 24, 42, 49, 30, 9, 47, 35, 10, 38, 17, 20, 25, 21, 6, 32, 15, 31, 45]
2022-09-15 22:45:39.721 | INFO     | configuration:configsetters:134 - 24234
2022-09-15 22:45:39.748 | INFO     | configuration:configsetters:85 - {'file_name': '/home/fabrizio/Scrivania/Much-Cross-Little-Over/My_TSP/Istances/berlin52.txt', 'crossover': 'Order2', 'tsp_len': 52, 'iterations': 1000}
2022-09-15 22:45:48.540 | INFO     | configuration:configsetters:131 - [1, 50, 36, 42, 32, 14, 44, 4, 18, 34, 33, 9, 15, 17, 19, 21, 22, 25, 51, 7, 48, 29, 8, 47, 26, 28, 12, 37, 35, 13, 39, 20, 27, 31, 11, 41, 2, 46, 24, 0, 38, 10, 3, 16, 40, 5, 6, 45, 43, 30, 23, 49]
2022-09-15 22:45:48.540 | INFO     | configuration:configsetters:134 - 24431
2022-09-15 22:45:48.567 | INFO     | configuration:configsetters:85 - {'file_name': '/home/fabrizio/Scrivania/Much-Cross-Little-Over/My_TSP/Istances/berlin52.txt', 'crossover': 'Order2', 'tsp_len': 52, 'iterations': 1000}
2022-09-15 22:45:57.601 | INFO     | configuration:configsetters:131 - [15, 47, 37, 49, 31, 24, 32, 0, 2, 21, 42, 30, 38, 3, 10, 20, 23, 6, 41, 39, 18, 29, 36, 34, 17, 51, 19, 25, 9, 8, 1, 48, 40, 12, 13, 28, 11, 43, 16, 14, 33, 45, 50, 35, 22, 4, 44, 26, 46, 7, 27, 5]
2022-09-15 22:45:57.601 | INFO     | configuration:configsetters:134 - 24438
2022-09-15 22:46:47.316 | INFO     | configuration:configsetters:85 - {'file_name': '/home/fabrizio/Scrivania/Much-Cross-Little-Over/My_TSP/Istances/berlin52.txt', 'crossover': 'Order2', 'tsp_len': 52, 'iterations': 10000}
2022-09-15 22:48:12.322 | INFO     | configuration:configsetters:131 - [49, 43, 42, 32, 20, 13, 40, 8, 48, 26, 14, 44, 7, 5, 15, 1, 23, 41, 22, 47, 3, 18, 35, 45, 6, 9, 11, 51, 17, 24, 25, 36, 39, 0, 29, 33, 46, 30, 4, 2, 50, 28, 31, 12, 37, 34, 27, 16, 38, 21, 10, 19]
2022-09-15 22:48:12.322 | INFO     | configuration:configsetters:134 - 21989
2022-09-15 22:48:12.590 | INFO     | configuration:configsetters:85 - {'file_name': '/home/fabrizio/Scrivania/Much-Cross-Little-Over/My_TSP/Istances/berlin52.txt', 'crossover': 'Order2', 'tsp_len': 52, 'iterations': 10000}
2022-09-15 22:49:44.525 | INFO     | configuration:configsetters:131 - [47, 18, 44, 29, 23, 13, 51, 5, 38, 14, 49, 19, 15, 11, 50, 48, 32, 33, 8, 46, 28, 45, 2, 12, 10, 21, 9, 22, 3, 41, 26, 24, 35, 31, 34, 0, 40, 7, 30, 42, 27, 39, 25, 17, 36, 6, 43, 1, 37, 20, 4, 16]
2022-09-15 22:49:44.525 | INFO     | configuration:configsetters:134 - 23744
2022-09-15 22:49:44.791 | INFO     | configuration:configsetters:85 - {'file_name': '/home/fabrizio/Scrivania/Much-Cross-Little-Over/My_TSP/Istances/berlin52.txt', 'crossover': 'Order2', 'tsp_len': 52, 'iterations': 10000}
2022-09-15 22:51:16.615 | INFO     | configuration:configsetters:131 - [20, 11, 43, 28, 3, 22, 42, 17, 0, 37, 14, 18, 48, 45, 16, 5, 38, 30, 35, 15, 36, 40, 26, 29, 13, 8, 9, 47, 23, 7, 41, 4, 2, 34, 1, 27, 31, 6, 19, 49, 10, 21, 46, 39, 50, 51, 12, 33, 24, 25, 32, 44]
2022-09-15 22:51:16.615 | INFO     | configuration:configsetters:134 - 23522
2022-09-15 22:52:47.694 | INFO     | configuration:configsetters:85 - {'file_name': '/home/fabrizio/Scrivania/Much-Cross-Little-Over/My_TSP/Istances/berlin52.txt', 'crossover': 'Position', 'tsp_len': 52, 'iterations': 1000}
2022-09-15 22:52:58.754 | INFO     | configuration:configsetters:131 - [29, 12, 22, 11, 43, 37, 30, 41, 38, 3, 21, 15, 17, 36, 49, 39, 6, 18, 44, 5, 1, 50, 13, 31, 2, 45, 16, 35, 0, 46, 47, 23, 10, 24, 40, 33, 26, 32, 27, 51, 25, 28, 20, 34, 9, 7, 4, 14, 48, 19, 8, 42]
2022-09-15 22:52:58.754 | INFO     | configuration:configsetters:134 - 23645
2022-09-15 22:52:58.765 | INFO     | configuration:configsetters:85 - {'file_name': '/home/fabrizio/Scrivania/Much-Cross-Little-Over/My_TSP/Istances/berlin52.txt', 'crossover': 'Position', 'tsp_len': 52, 'iterations': 1000}
2022-09-15 22:53:09.940 | INFO     | configuration:configsetters:131 - [35, 42, 7, 44, 32, 20, 15, 6, 12, 26, 0, 11, 34, 18, 27, 39, 41, 51, 31, 2, 29, 22, 49, 48, 30, 23, 50, 37, 24, 1, 5, 46, 45, 38, 28, 10, 36, 8, 9, 13, 40, 17, 4, 14, 33, 25, 3, 19, 43, 47, 21, 16]
2022-09-15 22:53:09.941 | INFO     | configuration:configsetters:134 - 23526
2022-09-15 22:53:09.958 | INFO     | configuration:configsetters:85 - {'file_name': '/home/fabrizio/Scrivania/Much-Cross-Little-Over/My_TSP/Istances/berlin52.txt', 'crossover': 'Position', 'tsp_len': 52, 'iterations': 1000}
2022-09-15 22:53:21.222 | INFO     | configuration:configsetters:131 - [43, 38, 35, 42, 22, 33, 6, 37, 29, 18, 49, 23, 11, 3, 8, 28, 5, 34, 40, 27, 32, 15, 20, 4, 12, 25, 45, 10, 44, 0, 16, 14, 41, 7, 21, 51, 13, 9, 39, 46, 26, 19, 2, 24, 1, 36, 30, 47, 17, 48, 31, 50]
2022-09-15 22:53:21.222 | INFO     | configuration:configsetters:134 - 23797
2022-09-15 22:54:26.160 | INFO     | configuration:configsetters:85 - {'file_name': '/home/fabrizio/Scrivania/Much-Cross-Little-Over/My_TSP/Istances/berlin52.txt', 'crossover': 'Position', 'tsp_len': 52, 'iterations': 10000}
2022-09-15 22:56:19.077 | INFO     | configuration:configsetters:131 - [30, 1, 24, 25, 16, 36, 12, 23, 43, 10, 6, 4, 9, 18, 33, 32, 48, 45, 19, 20, 8, 22, 38, 44, 0, 17, 41, 11, 31, 26, 28, 13, 35, 39, 40, 14, 49, 3, 47, 5, 15, 37, 21, 7, 42, 46, 34, 2, 51, 50, 29, 27]
2022-09-15 22:56:19.077 | INFO     | configuration:configsetters:134 - 22615
2022-09-15 22:56:19.171 | INFO     | configuration:configsetters:85 - {'file_name': '/home/fabrizio/Scrivania/Much-Cross-Little-Over/My_TSP/Istances/berlin52.txt', 'crossover': 'Position', 'tsp_len': 52, 'iterations': 10000}
2022-09-15 22:58:16.046 | INFO     | configuration:configsetters:131 - [19, 3, 49, 23, 47, 7, 5, 48, 44, 14, 10, 34, 36, 51, 33, 35, 15, 30, 12, 46, 2, 50, 41, 6, 4, 37, 20, 29, 32, 31, 13, 43, 9, 0, 1, 24, 27, 25, 42, 21, 40, 18, 8, 45, 38, 26, 11, 22, 39, 17, 16, 28]
2022-09-15 22:58:16.047 | INFO     | configuration:configsetters:134 - 21903
2022-09-15 22:58:16.140 | INFO     | configuration:configsetters:85 - {'file_name': '/home/fabrizio/Scrivania/Much-Cross-Little-Over/My_TSP/Istances/berlin52.txt', 'crossover': 'Position', 'tsp_len': 52, 'iterations': 10000}
2022-09-15 23:00:09.457 | INFO     | configuration:configsetters:131 - [34, 47, 16, 8, 12, 13, 5, 3, 35, 26, 48, 37, 27, 31, 21, 44, 9, 46, 20, 19, 42, 6, 15, 33, 30, 29, 22, 39, 28, 51, 24, 41, 4, 38, 1, 50, 43, 11, 17, 0, 23, 7, 40, 25, 14, 10, 18, 32, 36, 49, 45, 2]
2022-09-15 23:00:09.457 | INFO     | configuration:configsetters:134 - 21865
2022-09-15 23:01:15.817 | INFO     | configuration:configsetters:85 - {'file_name': '/home/fabrizio/Scrivania/Much-Cross-Little-Over/My_TSP/Istances/berlin52.txt', 'crossover': 'Alternation', 'tsp_len': 52, 'iterations': 1000}
2022-09-15 23:01:25.081 | INFO     | configuration:configsetters:131 - [18, 16, 23, 29, 48, 34, 24, 25, 30, 5, 38, 45, 50, 0, 31, 3, 39, 49, 47, 46, 7, 13, 17, 42, 6, 28, 9, 20, 21, 32, 11, 22, 26, 36, 8, 27, 37, 44, 14, 15, 43, 19, 33, 1, 2, 40, 12, 41, 4, 10, 35, 51]
2022-09-15 23:01:25.081 | INFO     | configuration:configsetters:134 - 22055
2022-09-15 23:01:25.090 | INFO     | configuration:configsetters:85 - {'file_name': '/home/fabrizio/Scrivania/Much-Cross-Little-Over/My_TSP/Istances/berlin52.txt', 'crossover': 'Alternation', 'tsp_len': 52, 'iterations': 1000}
2022-09-15 23:01:34.481 | INFO     | configuration:configsetters:131 - [12, 14, 6, 0, 29, 35, 7, 23, 27, 4, 37, 39, 20, 17, 22, 34, 49, 15, 50, 33, 28, 25, 46, 31, 18, 16, 47, 21, 36, 44, 19, 11, 45, 10, 26, 5, 40, 13, 2, 43, 24, 9, 8, 1, 30, 48, 41, 38, 32, 3, 42, 51]
2022-09-15 23:01:34.481 | INFO     | configuration:configsetters:134 - 24480
2022-09-15 23:01:34.491 | INFO     | configuration:configsetters:85 - {'file_name': '/home/fabrizio/Scrivania/Much-Cross-Little-Over/My_TSP/Istances/berlin52.txt', 'crossover': 'Alternation', 'tsp_len': 52, 'iterations': 1000}
2022-09-15 23:01:43.992 | INFO     | configuration:configsetters:131 - [43, 8, 37, 46, 50, 2, 9, 12, 20, 47, 32, 14, 17, 18, 35, 3, 51, 5, 30, 36, 6, 23, 34, 39, 38, 4, 21, 40, 44, 22, 11, 45, 33, 29, 49, 13, 41, 1, 15, 28, 16, 19, 42, 31, 24, 10, 26, 27, 48, 0, 25, 7]
2022-09-15 23:01:43.992 | INFO     | configuration:configsetters:134 - 23493
2022-09-15 23:02:41.078 | INFO     | configuration:configsetters:85 - {'file_name': '/home/fabrizio/Scrivania/Much-Cross-Little-Over/My_TSP/Istances/berlin52.txt', 'crossover': 'Alternation', 'tsp_len': 52, 'iterations': 10000}
2022-09-15 23:04:13.193 | INFO     | configuration:configsetters:131 - [48, 45, 19, 18, 35, 37, 17, 5, 36, 40, 41, 34, 8, 30, 50, 31, 6, 38, 51, 14, 44, 4, 9, 33, 16, 0, 49, 10, 12, 24, 3, 25, 47, 23, 27, 28, 11, 29, 15, 32, 42, 20, 26, 39, 43, 1, 7, 46, 21, 2, 22, 13]
2022-09-15 23:04:13.194 | INFO     | configuration:configsetters:134 - 23213
2022-09-15 23:04:13.283 | INFO     | configuration:configsetters:85 - {'file_name': '/home/fabrizio/Scrivania/Much-Cross-Little-Over/My_TSP/Istances/berlin52.txt', 'crossover': 'Alternation', 'tsp_len': 52, 'iterations': 10000}
2022-09-15 23:05:43.647 | INFO     | configuration:configsetters:131 - [20, 2, 28, 36, 15, 42, 6, 45, 27, 7, 49, 1, 47, 37, 17, 16, 18, 12, 10, 44, 40, 41, 50, 25, 46, 34, 39, 21, 3, 33, 9, 13, 22, 24, 29, 4, 0, 26, 48, 11, 5, 8, 35, 23, 32, 30, 51, 19, 43, 31, 38, 14]
2022-09-15 23:05:43.647 | INFO     | configuration:configsetters:134 - 21725
2022-09-15 23:05:43.737 | INFO     | configuration:configsetters:85 - {'file_name': '/home/fabrizio/Scrivania/Much-Cross-Little-Over/My_TSP/Istances/berlin52.txt', 'crossover': 'Alternation', 'tsp_len': 52, 'iterations': 10000}
2022-09-15 23:07:15.496 | INFO     | configuration:configsetters:131 - [32, 39, 18, 16, 9, 37, 36, 50, 25, 17, 43, 15, 24, 13, 42, 45, 2, 34, 0, 48, 20, 38, 47, 12, 14, 35, 29, 19, 33, 40, 10, 3, 11, 4, 7, 31, 51, 26, 1, 6, 22, 28, 27, 8, 23, 49, 41, 30, 21, 46, 44, 5]
2022-09-15 23:07:15.496 | INFO     | configuration:configsetters:134 - 23516
2022-09-15 23:13:57.711 | INFO     | configuration:configsetters:85 - {'file_name': '/home/fabrizio/Scrivania/Much-Cross-Little-Over/My_TSP/Istances-Converter/gr96.txt', 'crossover': 'PMX', 'tsp_len': 96, 'iterations': 1000}
2022-09-15 23:14:16.257 | INFO     | configuration:configsetters:131 - [26, 66, 82, 21, 6, 69, 40, 24, 65, 67, 31, 88, 32, 29, 13, 60, 52, 19, 94, 30, 58, 22, 50, 63, 81, 89, 77, 87, 5, 78, 8, 11, 12, 85, 35, 90, 23, 80, 72, 76, 79, 54, 70, 84, 64, 61, 15, 42, 38, 1, 49, 45, 20, 33, 25, 91, 18, 27, 44, 39, 9, 36, 51, 48, 41, 93, 46, 56, 0, 92, 71, 75, 28, 83, 34, 47, 43, 3, 57, 53, 10, 2, 74, 86, 95, 4, 37, 62, 55, 17, 73, 16, 7, 14, 68, 59]
2022-09-15 23:14:16.257 | INFO     | configuration:configsetters:134 - 301072
2022-09-15 23:14:16.329 | INFO     | configuration:configsetters:85 - {'file_name': '/home/fabrizio/Scrivania/Much-Cross-Little-Over/My_TSP/Istances-Converter/gr96.txt', 'crossover': 'PMX', 'tsp_len': 96, 'iterations': 1000}
2022-09-15 23:14:35.306 | INFO     | configuration:configsetters:131 - [58, 38, 34, 45, 73, 94, 82, 50, 84, 90, 30, 25, 77, 95, 1, 14, 92, 23, 59, 71, 63, 74, 83, 76, 2, 44, 15, 75, 9, 5, 64, 46, 31, 4, 3, 51, 62, 52, 86, 56, 49, 48, 41, 12, 42, 78, 43, 89, 0, 17, 54, 21, 22, 87, 88, 37, 29, 72, 61, 32, 47, 36, 26, 53, 40, 69, 19, 33, 93, 18, 8, 35, 7, 81, 65, 28, 20, 16, 57, 68, 6, 79, 80, 67, 39, 13, 27, 24, 55, 11, 60, 91, 70, 10, 66, 85]
2022-09-15 23:14:35.306 | INFO     | configuration:configsetters:134 - 302354
2022-09-15 23:14:35.380 | INFO     | configuration:configsetters:85 - {'file_name': '/home/fabrizio/Scrivania/Much-Cross-Little-Over/My_TSP/Istances-Converter/gr96.txt', 'crossover': 'PMX', 'tsp_len': 96, 'iterations': 1000}
2022-09-15 23:14:54.677 | INFO     | configuration:configsetters:131 - [29, 34, 2, 33, 61, 52, 35, 8, 32, 78, 22, 11, 60, 90, 50, 93, 91, 23, 5, 72, 68, 18, 62, 75, 16, 86, 59, 20, 7, 6, 65, 49, 40, 43, 67, 24, 95, 87, 19, 48, 28, 9, 3, 39, 37, 82, 79, 36, 94, 13, 70, 4, 64, 44, 69, 80, 85, 63, 89, 31, 74, 25, 56, 53, 17, 76, 1, 84, 51, 15, 58, 12, 14, 38, 45, 73, 27, 47, 30, 88, 55, 57, 92, 26, 0, 77, 83, 46, 71, 10, 54, 21, 66, 81, 42, 41]
2022-09-15 23:14:54.677 | INFO     | configuration:configsetters:134 - 311364
2022-09-15 23:16:46.941 | INFO     | configuration:configsetters:85 - {'file_name': '/home/fabrizio/Scrivania/Much-Cross-Little-Over/My_TSP/Istances-Converter/gr96.txt', 'crossover': 'PMX', 'tsp_len': 96, 'iterations': 10000}
2022-09-15 23:20:07.809 | INFO     | configuration:configsetters:131 - [17, 27, 30, 76, 73, 3, 14, 50, 44, 90, 69, 65, 88, 24, 55, 11, 72, 29, 66, 94, 56, 77, 93, 12, 47, 39, 53, 42, 28, 19, 4, 23, 6, 0, 82, 38, 41, 89, 79, 32, 18, 34, 95, 15, 83, 59, 20, 52, 26, 36, 86, 68, 87, 61, 16, 57, 67, 43, 7, 62, 84, 22, 48, 33, 64, 45, 58, 51, 13, 46, 49, 10, 70, 37, 54, 85, 60, 9, 2, 40, 78, 25, 1, 35, 21, 31, 8, 75, 91, 71, 81, 5, 63, 80, 74, 92]
2022-09-15 23:20:07.812 | INFO     | configuration:configsetters:134 - 291205
2022-09-15 23:20:08.601 | INFO     | configuration:configsetters:85 - {'file_name': '/home/fabrizio/Scrivania/Much-Cross-Little-Over/My_TSP/Istances-Converter/gr96.txt', 'crossover': 'PMX', 'tsp_len': 96, 'iterations': 10000}
2022-09-15 23:23:25.040 | INFO     | configuration:configsetters:131 - [87, 6, 90, 74, 23, 68, 63, 16, 45, 3, 11, 57, 12, 46, 85, 83, 62, 91, 29, 50, 44, 37, 81, 8, 86, 21, 43, 41, 92, 84, 76, 71, 94, 82, 89, 36, 78, 48, 53, 30, 34, 7, 93, 72, 28, 67, 54, 60, 4, 9, 73, 19, 47, 17, 27, 52, 39, 88, 75, 65, 56, 77, 79, 15, 95, 51, 49, 13, 0, 10, 5, 2, 42, 55, 20, 26, 70, 25, 22, 14, 32, 31, 58, 80, 66, 61, 1, 18, 64, 69, 33, 59, 40, 38, 35, 24]
2022-09-15 23:23:25.040 | INFO     | configuration:configsetters:134 - 301402
2022-09-15 23:23:25.771 | INFO     | configuration:configsetters:85 - {'file_name': '/home/fabrizio/Scrivania/Much-Cross-Little-Over/My_TSP/Istances-Converter/gr96.txt', 'crossover': 'PMX', 'tsp_len': 96, 'iterations': 10000}
2022-09-15 23:26:39.714 | INFO     | configuration:configsetters:131 - [9, 89, 53, 27, 55, 84, 1, 88, 60, 70, 26, 95, 47, 81, 44, 59, 16, 93, 63, 40, 36, 10, 79, 77, 21, 64, 15, 14, 31, 3, 11, 91, 85, 62, 25, 87, 0, 32, 50, 46, 80, 65, 61, 24, 73, 2, 48, 75, 13, 38, 86, 72, 76, 41, 74, 39, 49, 42, 17, 34, 30, 78, 92, 8, 18, 20, 12, 83, 94, 82, 52, 22, 71, 66, 23, 58, 56, 29, 6, 57, 54, 4, 51, 45, 68, 35, 90, 43, 67, 7, 33, 37, 28, 69, 19, 5]
2022-09-15 23:26:39.714 | INFO     | configuration:configsetters:134 - 292795
2022-09-15 23:27:41.532 | INFO     | configuration:configsetters:85 - {'file_name': '/home/fabrizio/Scrivania/Much-Cross-Little-Over/My_TSP/Istances-Converter/gr96.txt', 'crossover': 'Cycle', 'tsp_len': 96, 'iterations': 1000}
2022-09-15 23:28:31.534 | INFO     | configuration:configsetters:131 - [18, 14, 1, 64, 0, 33, 75, 65, 55, 27, 74, 8, 76, 61, 71, 72, 24, 87, 3, 5, 7, 89, 66, 38, 90, 23, 85, 52, 42, 10, 28, 82, 48, 58, 36, 41, 15, 30, 47, 68, 69, 2, 95, 6, 73, 80, 22, 21, 57, 43, 83, 94, 49, 54, 9, 63, 60, 4, 39, 91, 45, 25, 77, 59, 56, 93, 81, 35, 88, 92, 17, 50, 12, 11, 40, 78, 70, 34, 26, 20, 31, 84, 32, 67, 79, 51, 19, 46, 16, 37, 29, 62, 86, 53, 13, 44]
2022-09-15 23:28:31.534 | INFO     | configuration:configsetters:134 - 295963
2022-09-15 23:28:31.559 | INFO     | configuration:configsetters:85 - {'file_name': '/home/fabrizio/Scrivania/Much-Cross-Little-Over/My_TSP/Istances-Converter/gr96.txt', 'crossover': 'Cycle', 'tsp_len': 96, 'iterations': 1000}
2022-09-15 23:29:24.272 | INFO     | configuration:configsetters:131 - [10, 53, 70, 21, 59, 93, 60, 57, 91, 79, 88, 29, 15, 4, 22, 30, 64, 23, 7, 25, 5, 81, 75, 73, 18, 19, 11, 71, 50, 31, 87, 76, 13, 12, 44, 42, 84, 65, 95, 67, 49, 26, 33, 78, 69, 77, 47, 34, 62, 92, 94, 35, 58, 32, 89, 52, 56, 1, 17, 80, 3, 85, 72, 39, 43, 16, 27, 40, 63, 83, 36, 38, 86, 74, 90, 2, 8, 51, 68, 48, 0, 28, 6, 61, 24, 9, 54, 46, 55, 45, 66, 20, 37, 41, 82, 14]
2022-09-15 23:29:24.272 | INFO     | configuration:configsetters:134 - 300863
2022-09-15 23:29:24.296 | INFO     | configuration:configsetters:85 - {'file_name': '/home/fabrizio/Scrivania/Much-Cross-Little-Over/My_TSP/Istances-Converter/gr96.txt', 'crossover': 'Cycle', 'tsp_len': 96, 'iterations': 1000}
2022-09-15 23:30:17.292 | INFO     | configuration:configsetters:131 - [65, 12, 88, 40, 45, 89, 53, 22, 37, 28, 62, 55, 76, 66, 72, 86, 41, 81, 13, 59, 18, 70, 32, 4, 1, 7, 48, 39, 57, 25, 2, 16, 29, 17, 8, 80, 63, 91, 73, 11, 23, 24, 9, 43, 34, 36, 61, 27, 31, 67, 74, 95, 79, 75, 60, 14, 78, 19, 84, 49, 0, 85, 58, 52, 10, 47, 50, 42, 90, 44, 77, 71, 83, 94, 15, 56, 69, 54, 38, 93, 51, 87, 20, 21, 64, 35, 92, 3, 33, 30, 82, 26, 46, 5, 6, 68]
2022-09-15 23:30:17.292 | INFO     | configuration:configsetters:134 - 301946
2022-09-15 23:31:28.479 | INFO     | configuration:configsetters:85 - {'file_name': '/home/fabrizio/Scrivania/Much-Cross-Little-Over/My_TSP/Istances-Converter/gr96.txt', 'crossover': 'Cycle', 'tsp_len': 96, 'iterations': 10000}
2022-09-15 23:39:48.577 | INFO     | configuration:configsetters:131 - [62, 51, 41, 17, 19, 45, 65, 23, 70, 53, 68, 84, 80, 35, 16, 11, 27, 46, 36, 67, 49, 7, 37, 61, 50, 39, 73, 4, 90, 0, 95, 75, 94, 14, 56, 86, 26, 78, 77, 42, 88, 69, 57, 32, 60, 92, 72, 55, 40, 3, 20, 28, 82, 18, 81, 63, 10, 93, 33, 83, 66, 59, 21, 91, 76, 30, 1, 71, 34, 25, 24, 31, 29, 89, 15, 38, 43, 58, 2, 48, 22, 12, 9, 74, 85, 64, 54, 5, 47, 52, 13, 8, 87, 79, 6, 44]
2022-09-15 23:39:48.577 | INFO     | configuration:configsetters:134 - 289328
2022-09-15 23:39:48.854 | INFO     | configuration:configsetters:85 - {'file_name': '/home/fabrizio/Scrivania/Much-Cross-Little-Over/My_TSP/Istances-Converter/gr96.txt', 'crossover': 'Cycle', 'tsp_len': 96, 'iterations': 10000}
2022-09-15 23:48:08.942 | INFO     | configuration:configsetters:131 - [46, 17, 47, 29, 2, 12, 85, 88, 75, 60, 22, 20, 68, 34, 56, 4, 51, 55, 13, 24, 27, 86, 43, 5, 59, 74, 90, 93, 39, 48, 77, 3, 92, 50, 40, 57, 49, 7, 30, 21, 53, 18, 25, 95, 8, 36, 31, 58, 41, 52, 19, 65, 89, 66, 11, 35, 44, 62, 45, 94, 87, 69, 71, 28, 1, 70, 82, 91, 73, 15, 84, 64, 9, 10, 76, 79, 67, 6, 42, 23, 26, 83, 14, 32, 78, 81, 33, 38, 63, 80, 72, 37, 54, 0, 16, 61]
2022-09-15 23:48:08.943 | INFO     | configuration:configsetters:134 - 281303
2022-09-15 23:48:09.161 | INFO     | configuration:configsetters:85 - {'file_name': '/home/fabrizio/Scrivania/Much-Cross-Little-Over/My_TSP/Istances-Converter/gr96.txt', 'crossover': 'Cycle', 'tsp_len': 96, 'iterations': 10000}
2022-09-15 23:56:29.237 | INFO     | configuration:configsetters:131 - [82, 39, 51, 90, 67, 10, 69, 35, 77, 13, 61, 91, 89, 47, 34, 29, 93, 70, 48, 30, 25, 40, 23, 20, 85, 41, 57, 11, 24, 27, 63, 26, 62, 38, 65, 74, 75, 66, 54, 46, 59, 92, 6, 31, 19, 12, 88, 44, 87, 86, 16, 37, 81, 18, 55, 17, 0, 2, 36, 95, 4, 43, 68, 42, 45, 8, 49, 14, 60, 1, 50, 9, 71, 79, 58, 15, 28, 83, 94, 56, 64, 72, 76, 33, 21, 78, 22, 5, 52, 3, 7, 84, 80, 73, 32, 53]
2022-09-15 23:56:29.238 | INFO     | configuration:configsetters:134 - 282497
2022-09-15 23:57:35.283 | INFO     | configuration:configsetters:85 - {'file_name': '/home/fabrizio/Scrivania/Much-Cross-Little-Over/My_TSP/Istances-Converter/gr96.txt', 'crossover': 'Order1', 'tsp_len': 96, 'iterations': 1000}
2022-09-15 23:58:07.256 | INFO     | configuration:configsetters:131 - [56, 19, 69, 33, 79, 59, 43, 28, 48, 4, 20, 72, 63, 11, 25, 34, 42, 93, 16, 94, 62, 31, 8, 92, 38, 41, 39, 78, 29, 32, 60, 52, 27, 6, 18, 49, 36, 89, 71, 75, 23, 46, 90, 26, 9, 40, 84, 67, 68, 57, 47, 83, 24, 35, 77, 76, 74, 13, 80, 17, 7, 88, 64, 15, 91, 37, 12, 50, 70, 95, 51, 2, 58, 61, 30, 53, 54, 45, 87, 14, 82, 55, 73, 44, 0, 21, 65, 86, 10, 85, 1, 66, 5, 3, 22, 81]
2022-09-15 23:58:07.256 | INFO     | configuration:configsetters:134 - 300766
2022-09-15 23:58:07.281 | INFO     | configuration:configsetters:85 - {'file_name': '/home/fabrizio/Scrivania/Much-Cross-Little-Over/My_TSP/Istances-Converter/gr96.txt', 'crossover': 'Order1', 'tsp_len': 96, 'iterations': 1000}
2022-09-15 23:58:40.298 | INFO     | configuration:configsetters:131 - [7, 10, 88, 61, 17, 69, 77, 46, 45, 54, 37, 19, 25, 93, 27, 43, 63, 87, 50, 31, 18, 66, 29, 78, 30, 82, 14, 23, 41, 2, 21, 38, 53, 76, 94, 62, 57, 52, 4, 79, 6, 44, 3, 71, 72, 83, 80, 74, 90, 89, 55, 36, 1, 48, 13, 8, 33, 32, 26, 22, 20, 81, 84, 70, 95, 28, 56, 5, 67, 49, 47, 39, 59, 16, 92, 86, 60, 12, 65, 68, 73, 64, 11, 42, 85, 34, 40, 24, 75, 35, 0, 58, 51, 9, 15, 91]
2022-09-15 23:58:40.298 | INFO     | configuration:configsetters:134 - 299936
2022-09-15 23:58:40.323 | INFO     | configuration:configsetters:85 - {'file_name': '/home/fabrizio/Scrivania/Much-Cross-Little-Over/My_TSP/Istances-Converter/gr96.txt', 'crossover': 'Order1', 'tsp_len': 96, 'iterations': 1000}
2022-09-15 23:59:12.439 | INFO     | configuration:configsetters:131 - [40, 30, 8, 93, 55, 34, 68, 56, 13, 45, 1, 42, 84, 94, 2, 26, 95, 3, 7, 18, 47, 25, 76, 92, 90, 59, 51, 22, 15, 16, 81, 63, 11, 79, 27, 88, 6, 5, 33, 71, 46, 37, 44, 49, 60, 38, 35, 17, 89, 36, 41, 80, 66, 73, 23, 77, 14, 48, 4, 10, 39, 50, 75, 9, 0, 21, 58, 20, 19, 64, 70, 85, 82, 87, 57, 61, 24, 72, 31, 54, 52, 43, 62, 78, 65, 83, 67, 86, 32, 91, 74, 29, 69, 53, 12, 28]
2022-09-15 23:59:12.440 | INFO     | configuration:configsetters:134 - 307158
2022-09-16 00:01:09.088 | INFO     | configuration:configsetters:85 - {'file_name': '/home/fabrizio/Scrivania/Much-Cross-Little-Over/My_TSP/Istances-Converter/gr96.txt', 'crossover': 'Order1', 'tsp_len': 96, 'iterations': 10000}
2022-09-16 00:06:55.992 | INFO     | configuration:configsetters:131 - [19, 2, 73, 65, 84, 92, 67, 6, 56, 76, 90, 33, 70, 45, 78, 44, 94, 79, 43, 80, 31, 87, 7, 85, 18, 14, 4, 26, 59, 11, 47, 49, 17, 68, 75, 51, 77, 63, 32, 39, 5, 28, 93, 0, 35, 83, 86, 13, 69, 57, 89, 52, 22, 30, 16, 29, 9, 27, 20, 66, 42, 8, 74, 46, 81, 23, 10, 24, 88, 40, 50, 37, 64, 48, 53, 60, 58, 71, 41, 36, 3, 15, 62, 91, 54, 25, 82, 12, 21, 55, 34, 95, 72, 61, 1, 38]
2022-09-16 00:06:55.993 | INFO     | configuration:configsetters:134 - 298108
2022-09-16 00:06:56.233 | INFO     | configuration:configsetters:85 - {'file_name': '/home/fabrizio/Scrivania/Much-Cross-Little-Over/My_TSP/Istances-Converter/gr96.txt', 'crossover': 'Order1', 'tsp_len': 96, 'iterations': 10000}
2022-09-16 00:12:49.459 | INFO     | configuration:configsetters:131 - [65, 92, 52, 13, 67, 95, 25, 48, 81, 20, 36, 6, 23, 3, 45, 59, 72, 27, 41, 54, 60, 2, 64, 69, 9, 22, 89, 21, 58, 34, 84, 73, 70, 24, 76, 93, 71, 85, 63, 61, 56, 30, 51, 17, 91, 7, 55, 19, 39, 8, 10, 0, 79, 32, 43, 90, 5, 57, 53, 42, 94, 50, 78, 38, 47, 4, 82, 75, 62, 18, 29, 31, 86, 12, 14, 80, 16, 74, 66, 46, 26, 35, 28, 49, 11, 1, 33, 40, 15, 37, 87, 44, 88, 77, 68, 83]
2022-09-16 00:12:49.459 | INFO     | configuration:configsetters:134 - 290897
2022-09-16 00:12:49.699 | INFO     | configuration:configsetters:85 - {'file_name': '/home/fabrizio/Scrivania/Much-Cross-Little-Over/My_TSP/Istances-Converter/gr96.txt', 'crossover': 'Order1', 'tsp_len': 96, 'iterations': 10000}
2022-09-16 00:18:29.802 | INFO     | configuration:configsetters:131 - [57, 52, 71, 89, 77, 4, 61, 38, 27, 10, 2, 6, 47, 8, 11, 42, 87, 56, 43, 53, 39, 91, 70, 92, 44, 32, 20, 26, 5, 7, 12, 73, 65, 94, 68, 76, 80, 79, 24, 86, 67, 36, 74, 40, 66, 9, 88, 18, 82, 90, 30, 64, 78, 72, 23, 81, 0, 19, 50, 31, 75, 35, 13, 48, 95, 17, 85, 45, 84, 21, 58, 3, 25, 49, 69, 28, 59, 34, 37, 60, 33, 93, 63, 83, 62, 54, 55, 22, 46, 51, 41, 14, 29, 1, 16, 15]
2022-09-16 00:18:29.802 | INFO     | configuration:configsetters:134 - 279975
2022-09-16 00:19:48.093 | INFO     | configuration:configsetters:85 - {'file_name': '/home/fabrizio/Scrivania/Much-Cross-Little-Over/My_TSP/Istances-Converter/gr96.txt', 'crossover': 'Order2', 'tsp_len': 96, 'iterations': 1000}
2022-09-16 00:20:18.694 | INFO     | configuration:configsetters:131 - [52, 48, 51, 78, 75, 41, 46, 89, 54, 95, 79, 56, 28, 2, 43, 70, 4, 76, 55, 92, 15, 81, 53, 80, 71, 42, 73, 16, 25, 45, 9, 69, 85, 39, 65, 30, 31, 6, 64, 26, 44, 23, 66, 36, 38, 7, 84, 86, 29, 14, 58, 18, 47, 49, 24, 11, 93, 40, 90, 68, 60, 3, 21, 87, 34, 27, 22, 33, 82, 50, 67, 10, 5, 19, 91, 61, 88, 8, 13, 17, 1, 74, 72, 59, 62, 0, 57, 63, 94, 12, 20, 77, 35, 32, 83, 37]
2022-09-16 00:20:18.694 | INFO     | configuration:configsetters:134 - 307125
2022-09-16 00:20:18.778 | INFO     | configuration:configsetters:85 - {'file_name': '/home/fabrizio/Scrivania/Much-Cross-Little-Over/My_TSP/Istances-Converter/gr96.txt', 'crossover': 'Order2', 'tsp_len': 96, 'iterations': 1000}
2022-09-16 00:20:50.043 | INFO     | configuration:configsetters:131 - [3, 39, 87, 43, 0, 83, 46, 38, 74, 73, 5, 26, 17, 14, 6, 37, 1, 71, 92, 52, 40, 47, 16, 27, 72, 75, 10, 7, 93, 59, 77, 15, 62, 95, 55, 84, 88, 8, 42, 19, 12, 31, 70, 85, 89, 63, 81, 53, 9, 57, 48, 56, 34, 4, 21, 76, 45, 86, 58, 91, 41, 30, 18, 44, 54, 25, 23, 49, 22, 2, 50, 51, 60, 82, 78, 33, 32, 80, 64, 65, 90, 67, 28, 69, 94, 61, 13, 35, 36, 11, 79, 20, 29, 68, 66, 24]
2022-09-16 00:20:50.043 | INFO     | configuration:configsetters:134 - 304045
2022-09-16 00:20:50.143 | INFO     | configuration:configsetters:85 - {'file_name': '/home/fabrizio/Scrivania/Much-Cross-Little-Over/My_TSP/Istances-Converter/gr96.txt', 'crossover': 'Order2', 'tsp_len': 96, 'iterations': 1000}
2022-09-16 00:21:21.668 | INFO     | configuration:configsetters:131 - [33, 70, 88, 76, 12, 54, 22, 53, 79, 3, 47, 46, 69, 51, 27, 35, 95, 9, 66, 4, 26, 11, 28, 25, 50, 65, 73, 90, 57, 0, 23, 18, 92, 94, 13, 75, 61, 93, 67, 63, 7, 81, 32, 5, 84, 40, 38, 49, 42, 34, 14, 19, 8, 41, 58, 77, 71, 60, 82, 62, 48, 45, 24, 85, 64, 31, 10, 1, 43, 80, 16, 86, 21, 15, 20, 52, 56, 2, 68, 87, 78, 83, 39, 74, 17, 72, 59, 30, 36, 37, 89, 55, 6, 44, 29, 91]
2022-09-16 00:21:21.669 | INFO     | configuration:configsetters:134 - 302703
2022-09-16 00:22:47.654 | INFO     | configuration:configsetters:85 - {'file_name': '/home/fabrizio/Scrivania/Much-Cross-Little-Over/My_TSP/Istances-Converter/gr96.txt', 'crossover': 'Order2', 'tsp_len': 96, 'iterations': 10000}
2022-09-16 00:28:09.801 | INFO     | configuration:configsetters:131 - [35, 49, 36, 21, 66, 4, 31, 12, 43, 37, 14, 92, 75, 47, 30, 5, 59, 17, 27, 8, 25, 32, 22, 26, 53, 64, 68, 60, 94, 16, 42, 38, 73, 50, 19, 77, 15, 80, 79, 85, 61, 51, 55, 83, 11, 57, 39, 89, 63, 6, 9, 56, 52, 3, 72, 24, 78, 7, 44, 29, 13, 82, 84, 54, 95, 2, 18, 48, 69, 76, 10, 67, 90, 81, 20, 62, 1, 87, 28, 41, 70, 23, 65, 45, 91, 46, 74, 40, 33, 71, 58, 88, 86, 34, 0, 93]
2022-09-16 00:28:09.801 | INFO     | configuration:configsetters:134 - 296482
2022-09-16 00:28:10.650 | INFO     | configuration:configsetters:85 - {'file_name': '/home/fabrizio/Scrivania/Much-Cross-Little-Over/My_TSP/Istances-Converter/gr96.txt', 'crossover': 'Order2', 'tsp_len': 96, 'iterations': 10000}
2022-09-16 00:33:27.530 | INFO     | configuration:configsetters:131 - [87, 0, 6, 31, 33, 80, 13, 15, 84, 8, 46, 11, 53, 14, 42, 95, 50, 77, 83, 94, 60, 90, 92, 70, 26, 27, 65, 43, 91, 21, 47, 25, 64, 2, 5, 74, 62, 1, 40, 34, 32, 9, 75, 24, 66, 72, 69, 18, 44, 59, 45, 85, 81, 55, 41, 89, 29, 86, 82, 19, 7, 36, 79, 61, 37, 68, 52, 3, 93, 12, 78, 58, 38, 4, 16, 17, 76, 51, 20, 23, 49, 88, 73, 57, 35, 56, 39, 54, 67, 63, 10, 30, 48, 71, 28, 22]
2022-09-16 00:33:27.530 | INFO     | configuration:configsetters:134 - 301258
2022-09-16 00:33:28.426 | INFO     | configuration:configsetters:85 - {'file_name': '/home/fabrizio/Scrivania/Much-Cross-Little-Over/My_TSP/Istances-Converter/gr96.txt', 'crossover': 'Order2', 'tsp_len': 96, 'iterations': 10000}
2022-09-16 00:38:45.463 | INFO     | configuration:configsetters:131 - [72, 85, 42, 2, 83, 24, 35, 20, 40, 8, 13, 74, 75, 93, 3, 70, 61, 64, 34, 38, 37, 21, 0, 27, 86, 31, 41, 60, 68, 90, 14, 94, 43, 56, 58, 82, 46, 10, 9, 59, 32, 77, 84, 23, 66, 89, 39, 48, 81, 57, 15, 63, 22, 1, 28, 17, 25, 87, 33, 92, 52, 18, 54, 76, 4, 50, 91, 78, 53, 49, 80, 36, 55, 73, 67, 47, 12, 95, 29, 7, 30, 5, 71, 65, 62, 16, 79, 11, 44, 45, 88, 6, 51, 19, 69, 26]
2022-09-16 00:38:45.463 | INFO     | configuration:configsetters:134 - 282324
2022-09-16 10:02:33.557 | INFO     | configuration:configsetters:85 - {'file_name': '/home/fabrizio/Scrivania/Much-Cross-Little-Over/My_TSP/Istances-Converter/gr96.txt', 'crossover': 'Position', 'tsp_len': 96, 'iterations': 1000}
2022-09-16 10:03:15.988 | INFO     | configuration:configsetters:131 - [0, 92, 90, 42, 64, 44, 65, 79, 54, 8, 10, 60, 52, 36, 58, 63, 41, 78, 49, 6, 48, 25, 31, 33, 32, 75, 70, 76, 12, 13, 1, 22, 19, 81, 34, 14, 85, 43, 87, 18, 21, 30, 9, 23, 93, 29, 27, 57, 67, 5, 59, 94, 24, 47, 38, 7, 35, 73, 53, 45, 61, 51, 88, 55, 28, 84, 77, 95, 74, 66, 26, 15, 11, 17, 2, 91, 46, 3, 39, 62, 83, 69, 20, 4, 72, 37, 80, 68, 86, 56, 16, 71, 40, 82, 50, 89]
2022-09-16 10:03:15.988 | INFO     | configuration:configsetters:134 - 295514
2022-09-16 10:03:16.012 | INFO     | configuration:configsetters:85 - {'file_name': '/home/fabrizio/Scrivania/Much-Cross-Little-Over/My_TSP/Istances-Converter/gr96.txt', 'crossover': 'Position', 'tsp_len': 96, 'iterations': 1000}
2022-09-16 10:04:03.675 | INFO     | configuration:configsetters:131 - [31, 46, 90, 82, 65, 15, 39, 73, 63, 26, 62, 81, 13, 71, 60, 40, 22, 24, 51, 59, 5, 72, 66, 70, 93, 33, 87, 69, 48, 50, 32, 89, 95, 1, 36, 74, 42, 25, 78, 23, 64, 52, 57, 54, 38, 43, 53, 86, 77, 83, 61, 47, 68, 80, 49, 17, 16, 56, 30, 94, 37, 8, 28, 91, 18, 44, 55, 76, 45, 21, 10, 2, 85, 79, 41, 34, 58, 0, 11, 92, 9, 20, 88, 75, 27, 3, 14, 29, 7, 67, 6, 35, 19, 12, 84, 4]
2022-09-16 10:04:03.675 | INFO     | configuration:configsetters:134 - 296540
2022-09-16 10:04:03.700 | INFO     | configuration:configsetters:85 - {'file_name': '/home/fabrizio/Scrivania/Much-Cross-Little-Over/My_TSP/Istances-Converter/gr96.txt', 'crossover': 'Position', 'tsp_len': 96, 'iterations': 1000}
2022-09-16 10:04:54.979 | INFO     | configuration:configsetters:131 - [65, 85, 31, 62, 21, 58, 20, 15, 37, 34, 16, 93, 90, 41, 11, 22, 74, 73, 39, 50, 59, 54, 69, 47, 40, 0, 87, 61, 82, 24, 2, 67, 13, 80, 64, 10, 43, 78, 92, 60, 32, 19, 18, 51, 79, 71, 68, 38, 27, 86, 8, 76, 66, 48, 4, 72, 5, 26, 12, 95, 28, 84, 53, 75, 57, 7, 30, 63, 29, 6, 52, 23, 88, 3, 89, 36, 42, 44, 46, 9, 55, 94, 91, 1, 33, 70, 83, 81, 14, 17, 25, 56, 45, 77, 49, 35]
2022-09-16 10:04:54.980 | INFO     | configuration:configsetters:134 - 295816
2022-09-16 10:06:55.500 | INFO     | configuration:configsetters:85 - {'file_name': '/home/fabrizio/Scrivania/Much-Cross-Little-Over/My_TSP/Istances-Converter/gr96.txt', 'crossover': 'Position', 'tsp_len': 96, 'iterations': 10000}
2022-09-16 10:15:15.600 | INFO     | configuration:configsetters:131 - [91, 53, 31, 62, 94, 57, 40, 44, 13, 48, 33, 27, 39, 24, 14, 23, 54, 11, 88, 37, 17, 42, 52, 15, 78, 59, 43, 73, 8, 79, 58, 51, 84, 72, 66, 77, 35, 89, 5, 50, 3, 2, 6, 47, 49, 29, 80, 28, 32, 65, 4, 30, 68, 90, 74, 12, 56, 10, 38, 0, 75, 55, 22, 61, 70, 9, 69, 82, 71, 60, 18, 67, 86, 85, 26, 36, 64, 95, 20, 76, 25, 45, 1, 87, 92, 81, 46, 16, 63, 21, 34, 93, 41, 7, 83, 19]
2022-09-16 10:15:15.600 | INFO     | configuration:configsetters:134 - 298291
2022-09-16 10:15:15.832 | INFO     | configuration:configsetters:85 - {'file_name': '/home/fabrizio/Scrivania/Much-Cross-Little-Over/My_TSP/Istances-Converter/gr96.txt', 'crossover': 'Position', 'tsp_len': 96, 'iterations': 10000}
2022-09-16 10:23:24.638 | INFO     | configuration:configsetters:131 - [5, 10, 70, 46, 29, 9, 6, 61, 88, 84, 28, 19, 52, 12, 42, 39, 68, 90, 65, 2, 20, 3, 37, 21, 41, 56, 18, 83, 81, 79, 67, 33, 31, 54, 63, 85, 15, 23, 66, 64, 13, 16, 22, 49, 51, 0, 34, 36, 86, 87, 69, 30, 72, 75, 62, 25, 53, 74, 71, 73, 35, 45, 60, 76, 14, 7, 48, 89, 57, 47, 92, 24, 55, 78, 91, 43, 1, 80, 77, 58, 8, 82, 26, 94, 95, 17, 38, 50, 32, 11, 93, 40, 44, 27, 4, 59]
2022-09-16 10:23:24.638 | INFO     | configuration:configsetters:134 - 297454
2022-09-16 10:23:24.876 | INFO     | configuration:configsetters:85 - {'file_name': '/home/fabrizio/Scrivania/Much-Cross-Little-Over/My_TSP/Istances-Converter/gr96.txt', 'crossover': 'Position', 'tsp_len': 96, 'iterations': 10000}
2022-09-16 10:31:29.058 | INFO     | configuration:configsetters:131 - [7, 77, 53, 90, 50, 6, 80, 32, 15, 89, 21, 68, 14, 2, 44, 38, 84, 42, 58, 74, 70, 36, 86, 16, 93, 85, 61, 45, 79, 10, 31, 4, 23, 29, 34, 91, 8, 55, 13, 76, 33, 27, 60, 88, 40, 43, 3, 35, 81, 24, 73, 20, 37, 52, 69, 19, 75, 48, 62, 25, 18, 82, 83, 87, 92, 22, 47, 54, 49, 46, 59, 26, 39, 17, 95, 28, 65, 41, 57, 9, 51, 67, 30, 56, 5, 94, 78, 1, 66, 71, 12, 0, 63, 64, 72, 11]
2022-09-16 10:31:29.058 | INFO     | configuration:configsetters:134 - 294295
2022-09-16 10:32:27.932 | INFO     | configuration:configsetters:85 - {'file_name': '/home/fabrizio/Scrivania/Much-Cross-Little-Over/My_TSP/Istances-Converter/gr96.txt', 'crossover': 'Alternation', 'tsp_len': 96, 'iterations': 1000}
2022-09-16 10:33:16.133 | INFO     | configuration:configsetters:131 - [63, 85, 49, 1, 40, 9, 54, 11, 25, 82, 61, 13, 83, 52, 34, 26, 4, 58, 93, 33, 56, 14, 80, 53, 69, 90, 23, 31, 29, 19, 10, 12, 74, 8, 50, 68, 2, 55, 15, 7, 92, 17, 67, 72, 71, 46, 27, 51, 94, 88, 42, 47, 57, 41, 32, 48, 24, 35, 0, 5, 76, 18, 16, 89, 6, 81, 36, 65, 95, 78, 91, 3, 20, 84, 38, 60, 21, 43, 66, 44, 79, 28, 30, 45, 39, 86, 37, 22, 64, 77, 59, 62, 75, 87, 70, 73]
2022-09-16 10:33:16.133 | INFO     | configuration:configsetters:134 - 315249
2022-09-16 10:33:16.158 | INFO     | configuration:configsetters:85 - {'file_name': '/home/fabrizio/Scrivania/Much-Cross-Little-Over/My_TSP/Istances-Converter/gr96.txt', 'crossover': 'Alternation', 'tsp_len': 96, 'iterations': 1000}
2022-09-16 10:34:06.700 | INFO     | configuration:configsetters:131 - [38, 25, 21, 75, 90, 65, 46, 35, 39, 61, 77, 89, 49, 47, 23, 58, 41, 44, 22, 24, 54, 45, 86, 69, 26, 87, 50, 43, 34, 56, 12, 60, 64, 92, 7, 9, 6, 67, 80, 15, 30, 0, 51, 55, 2, 63, 33, 48, 29, 16, 14, 94, 84, 11, 57, 88, 82, 13, 8, 59, 4, 74, 37, 79, 20, 71, 91, 73, 85, 78, 36, 10, 32, 31, 19, 62, 76, 95, 68, 42, 5, 93, 18, 3, 40, 53, 83, 17, 28, 52, 1, 72, 27, 81, 66, 70]
2022-09-16 10:34:06.700 | INFO     | configuration:configsetters:134 - 299851
2022-09-16 10:34:06.739 | INFO     | configuration:configsetters:85 - {'file_name': '/home/fabrizio/Scrivania/Much-Cross-Little-Over/My_TSP/Istances-Converter/gr96.txt', 'crossover': 'Alternation', 'tsp_len': 96, 'iterations': 1000}
2022-09-16 10:34:56.635 | INFO     | configuration:configsetters:131 - [72, 51, 63, 94, 82, 6, 10, 2, 71, 73, 56, 16, 74, 1, 84, 61, 28, 93, 18, 64, 48, 68, 41, 58, 69, 0, 54, 19, 77, 24, 43, 4, 35, 78, 90, 88, 14, 53, 47, 38, 86, 31, 89, 7, 60, 49, 80, 57, 65, 81, 30, 39, 76, 21, 13, 44, 5, 22, 34, 3, 95, 17, 66, 25, 36, 85, 40, 79, 27, 50, 32, 75, 91, 8, 9, 26, 59, 46, 15, 70, 23, 42, 92, 11, 20, 83, 29, 87, 67, 62, 45, 52, 12, 37, 33, 55]
2022-09-16 10:34:56.635 | INFO     | configuration:configsetters:134 - 297793
2022-09-16 10:36:27.650 | INFO     | configuration:configsetters:85 - {'file_name': '/home/fabrizio/Scrivania/Much-Cross-Little-Over/My_TSP/Istances-Converter/gr96.txt', 'crossover': 'Alternation', 'tsp_len': 96, 'iterations': 10000}
2022-09-16 10:44:34.165 | INFO     | configuration:configsetters:131 - [0, 9, 76, 44, 56, 78, 74, 75, 91, 49, 27, 6, 31, 68, 24, 81, 79, 84, 23, 65, 51, 4, 13, 19, 36, 3, 66, 58, 33, 95, 70, 32, 47, 61, 77, 62, 1, 39, 63, 29, 34, 20, 18, 87, 42, 22, 88, 64, 67, 5, 90, 2, 43, 55, 26, 30, 53, 15, 69, 59, 45, 48, 52, 25, 14, 82, 35, 57, 38, 72, 60, 10, 16, 21, 37, 83, 93, 80, 54, 50, 71, 89, 7, 73, 41, 86, 92, 12, 40, 46, 8, 94, 85, 11, 17, 28]
2022-09-16 10:44:34.165 | INFO     | configuration:configsetters:134 - 291596
2022-09-16 10:44:34.411 | INFO     | configuration:configsetters:85 - {'file_name': '/home/fabrizio/Scrivania/Much-Cross-Little-Over/My_TSP/Istances-Converter/gr96.txt', 'crossover': 'Alternation', 'tsp_len': 96, 'iterations': 10000}
2022-09-16 10:52:36.892 | INFO     | configuration:configsetters:131 - [32, 26, 34, 27, 74, 80, 5, 71, 61, 53, 65, 30, 82, 59, 50, 68, 16, 41, 75, 13, 35, 47, 70, 9, 7, 18, 1, 44, 84, 93, 83, 22, 56, 3, 43, 63, 67, 89, 12, 24, 14, 11, 20, 95, 8, 39, 88, 55, 36, 48, 37, 79, 62, 38, 21, 57, 29, 33, 52, 0, 4, 58, 17, 87, 91, 85, 64, 51, 42, 90, 73, 72, 66, 6, 45, 86, 25, 28, 2, 92, 81, 46, 40, 49, 60, 31, 15, 69, 54, 77, 76, 10, 94, 19, 78, 23]
2022-09-16 10:52:36.893 | INFO     | configuration:configsetters:134 - 295024
2022-09-16 10:52:37.130 | INFO     | configuration:configsetters:85 - {'file_name': '/home/fabrizio/Scrivania/Much-Cross-Little-Over/My_TSP/Istances-Converter/gr96.txt', 'crossover': 'Alternation', 'tsp_len': 96, 'iterations': 10000}
2022-09-16 11:00:45.245 | INFO     | configuration:configsetters:131 - [30, 88, 42, 14, 70, 10, 65, 90, 56, 16, 8, 61, 1, 59, 71, 69, 12, 15, 44, 43, 0, 6, 2, 20, 13, 7, 34, 55, 80, 66, 18, 63, 81, 62, 68, 26, 36, 51, 76, 49, 92, 87, 5, 79, 60, 83, 93, 52, 74, 33, 89, 77, 40, 21, 39, 46, 11, 82, 31, 41, 3, 73, 37, 57, 38, 35, 64, 54, 67, 29, 84, 47, 72, 58, 95, 53, 78, 94, 9, 28, 23, 4, 85, 19, 75, 25, 45, 48, 17, 27, 24, 32, 91, 86, 50, 22]
2022-09-16 11:00:45.245 | INFO     | configuration:configsetters:134 - 291968
