2022-07-27 18:20:17.243 | INFO     | __main__:configsetters:49 - {'file_name': '/home/fabrizio/Scrivania/Much-Cross-Little-Over/My_TSP/berlin52.txt', 'crossover': 'PMX', 'pop_size': 10, 'tsp_len': 52, 'iterations': 1000, 'elitism': 1}
2022-07-27 18:40:18.733 | INFO     | __main__:configsetters:51 - {'file_name': '/home/fabrizio/Scrivania/Much-Cross-Little-Over/My_TSP/berlin52.txt', 'crossover': 'PMX', 'pop_size': 10, 'tsp_len': 52, 'iterations': 1000, 'elitism': 1}
2022-07-27 18:42:03.025 | INFO     | __main__:configsetters:52 - {'file_name': '/home/fabrizio/Scrivania/Much-Cross-Little-Over/My_TSP/berlin52.txt', 'crossover': 'PMX', 'pop_size': 10, 'tsp_len': 52, 'iterations': 1000, 'elitism': 1}
2022-07-27 18:42:44.469 | INFO     | __main__:configsetters:52 - {'file_name': '/home/fabrizio/Scrivania/Much-Cross-Little-Over/My_TSP/berlin52.txt', 'crossover': 'PMX', 'pop_size': 10, 'tsp_len': 52, 'iterations': 1000, 'elitism': 1}
2022-07-27 18:43:21.127 | INFO     | __main__:configsetters:52 - {'file_name': '/home/fabrizio/Scrivania/Much-Cross-Little-Over/My_TSP/berlin52.txt', 'crossover': 'PMX', 'pop_size': 10, 'tsp_len': 52, 'iterations': 1000, 'elitism': 1}
2022-07-27 18:43:27.733 | INFO     | __main__:configsetters:74 - [[17, 38, 37, 14, 42, 18, 44, 35, 33, 46, 12, 25, 45, 47, 23, 43, 15, 49, 29, 41, 1, 6, 16, 20, 22, 19, 28, 13, 51, 10, 24, 3, 5, 4, 0, 30, 21, 31, 48, 34, 39, 36, 26, 27, 11, 50, 32, 9, 8, 7, 40, 2]]
2022-07-27 18:43:27.733 | INFO     | __main__:configsetters:75 - [11632.792920337488]
2022-07-27 18:45:35.864 | INFO     | __main__:configsetters:52 - {'file_name': '/home/fabrizio/Scrivania/Much-Cross-Little-Over/My_TSP/berlin52.txt', 'crossover': 'PMX', 'pop_size': 10, 'tsp_len': 52, 'iterations': 1000, 'elitism': 1}
2022-07-27 19:05:58.704 | INFO     | __main__:configsetters:52 - {'file_name': '/home/fabrizio/Scrivania/Much-Cross-Little-Over/My_TSP/berlin52.txt', 'crossover': 'PMX', 'pop_size': 10, 'tsp_len': 52, 'iterations': 1000, 'elitism': 1}
2022-07-27 19:06:13.452 | INFO     | __main__:configsetters:52 - {'file_name': '/home/fabrizio/Scrivania/Much-Cross-Little-Over/My_TSP/berlin52.txt', 'crossover': 'PMX', 'pop_size': 10, 'tsp_len': 52, 'iterations': 1000, 'elitism': 1}
2022-07-27 19:06:20.483 | INFO     | __main__:configsetters:52 - {'file_name': '/home/fabrizio/Scrivania/Much-Cross-Little-Over/My_TSP/berlin52.txt', 'crossover': 'PMX', 'pop_size': 10, 'tsp_len': 52, 'iterations': 1000, 'elitism': 1}
2022-07-27 19:06:51.461 | INFO     | __main__:configsetters:52 - {'file_name': '/home/fabrizio/Scrivania/Much-Cross-Little-Over/My_TSP/berlin52.txt', 'crossover': 'PMX', 'pop_size': 10, 'tsp_len': 52, 'iterations': 1000, 'elitism': 1}
2022-07-27 19:07:00.537 | INFO     | __main__:configsetters:52 - {'file_name': '/home/fabrizio/Scrivania/Much-Cross-Little-Over/My_TSP/berlin52.txt', 'crossover': 'PMX', 'pop_size': 10, 'tsp_len': 52, 'iterations': 1000, 'elitism': 1}
2022-07-27 19:07:08.127 | INFO     | __main__:configsetters:52 - {'file_name': '/home/fabrizio/Scrivania/Much-Cross-Little-Over/My_TSP/berlin52.txt', 'crossover': 'PMX', 'pop_size': 10, 'tsp_len': 52, 'iterations': 1000, 'elitism': 1}
2022-07-27 19:12:24.484 | INFO     | __main__:configsetters:49 - {'file_name': '/home/fabrizio/Scrivania/Much-Cross-Little-Over/My_TSP/berlin52.txt', 'crossover': 'PMX', 'pop_size': 10, 'tsp_len': 52, 'iterations': 1000, 'elitism': 1}
2022-07-27 19:13:27.299 | INFO     | __main__:configsetters:49 - {'file_name': '/home/fabrizio/Scrivania/Much-Cross-Little-Over/My_TSP/berlin52.txt', 'crossover': 'PMX', 'pop_size': 10, 'tsp_len': 52, 'iterations': 1000, 'elitism': 1}
2022-07-27 19:15:23.723 | INFO     | __main__:configsetters:49 - {'file_name': '/home/fabrizio/Scrivania/Much-Cross-Little-Over/My_TSP/berlin52.txt', 'crossover': 'PMX', 'pop_size': 10, 'tsp_len': 52, 'iterations': 1000, 'elitism': 1}
2022-07-27 19:15:35.695 | INFO     | __main__:configsetters:49 - {'file_name': '/home/fabrizio/Scrivania/Much-Cross-Little-Over/My_TSP/berlin52.txt', 'crossover': 'PMX', 'pop_size': 10, 'tsp_len': 52, 'iterations': 1000, 'elitism': 1}
2022-07-27 19:15:41.161 | INFO     | __main__:configsetters:70 - [[47, 45, 15, 43, 33, 34, 35, 0, 21, 20, 41, 1, 6, 29, 19, 22, 30, 17, 48, 36, 37, 39, 38, 31, 40, 7, 18, 44, 14, 4, 5, 3, 42, 9, 8, 32, 50, 10, 51, 13, 12, 46, 28, 49, 25, 26, 27, 11, 24, 2, 16, 23]]
2022-07-27 19:15:41.161 | INFO     | __main__:configsetters:71 - [10064.832283315058]
2022-07-27 19:17:40.163 | INFO     | __main__:configsetters:49 - {'file_name': '/home/fabrizio/Scrivania/Much-Cross-Little-Over/My_TSP/berlin52.txt', 'crossover': 'PMX', 'pop_size': 10, 'tsp_len': 52, 'iterations': 1000, 'elitism': 1}
2022-07-27 19:18:07.695 | INFO     | __main__:configsetters:49 - {'file_name': '/home/fabrizio/Scrivania/Much-Cross-Little-Over/My_TSP/berlin52.txt', 'crossover': 'PMX', 'pop_size': 10, 'tsp_len': 52, 'iterations': 1000, 'elitism': 1}
2022-07-27 19:18:42.615 | INFO     | __main__:configsetters:49 - {'file_name': '/home/fabrizio/Scrivania/Much-Cross-Little-Over/My_TSP/berlin52.txt', 'crossover': 'PMX', 'pop_size': 10, 'tsp_len': 52, 'iterations': 1000, 'elitism': 1}
2022-07-27 19:18:49.180 | INFO     | __main__:configsetters:70 - [[39, 37, 23, 4, 14, 42, 7, 40, 44, 31, 0, 43, 49, 28, 29, 19, 22, 30, 20, 41, 1, 6, 16, 18, 8, 9, 32, 50, 10, 51, 25, 24, 45, 38, 35, 48, 34, 33, 15, 46, 13, 12, 26, 27, 11, 3, 5, 47, 21, 17, 2, 36]]
2022-07-27 19:18:49.181 | INFO     | __main__:configsetters:71 - [10341.298053039016]
2022-07-27 19:19:22.068 | INFO     | __main__:configsetters:49 - {'file_name': '/home/fabrizio/Scrivania/Much-Cross-Little-Over/My_TSP/berlin52.txt', 'crossover': 'PMX', 'pop_size': 10, 'tsp_len': 52, 'iterations': 1000, 'elitism': 1}
2022-07-27 19:20:42.526 | INFO     | __main__:configsetters:49 - {'file_name': '/home/fabrizio/Scrivania/Much-Cross-Little-Over/My_TSP/berlin52.txt', 'crossover': 'PMX', 'pop_size': 10, 'tsp_len': 52, 'iterations': 1000, 'elitism': 1}
2022-07-27 19:20:48.039 | INFO     | __main__:configsetters:70 - [[6, 41, 20, 16, 2, 17, 30, 29, 22, 21, 44, 31, 48, 0, 34, 33, 45, 11, 27, 26, 12, 25, 24, 23, 5, 32, 9, 8, 7, 40, 18, 42, 14, 4, 3, 50, 10, 51, 13, 46, 28, 19, 49, 15, 43, 35, 39, 37, 47, 36, 38, 1]]
2022-07-27 19:20:48.039 | INFO     | __main__:configsetters:71 - [9774.654517443505]
2022-07-27 19:22:48.336 | INFO     | __main__:configsetters:49 - {'file_name': '/home/fabrizio/Scrivania/Much-Cross-Little-Over/My_TSP/berlin52.txt', 'crossover': 'PMX', 'pop_size': 10, 'tsp_len': 52, 'iterations': 1000, 'elitism': 1}
2022-07-27 19:23:20.670 | INFO     | __main__:configsetters:49 - {'file_name': '/home/fabrizio/Scrivania/Much-Cross-Little-Over/My_TSP/berlin52.txt', 'crossover': 'PMX', 'pop_size': 10, 'tsp_len': 52, 'iterations': 1000, 'elitism': 1}
2022-07-27 19:23:26.650 | INFO     | __main__:configsetters:70 - [[40, 18, 39, 37, 4, 14, 3, 5, 23, 33, 43, 15, 46, 25, 28, 29, 41, 1, 6, 16, 2, 20, 30, 17, 0, 31, 48, 34, 35, 38, 44, 8, 9, 42, 32, 10, 51, 13, 12, 26, 49, 19, 22, 21, 36, 47, 45, 24, 27, 11, 50, 7]]
2022-07-27 19:23:26.650 | INFO     | __main__:configsetters:71 - [10403.08293325472]
2022-07-27 19:24:22.994 | INFO     | __main__:configsetters:49 - {'file_name': '/home/fabrizio/Scrivania/Much-Cross-Little-Over/My_TSP/berlin52.txt', 'crossover': 'PMX', 'pop_size': 10, 'tsp_len': 52, 'iterations': 1000, 'elitism': 1}
2022-07-27 19:25:07.574 | INFO     | __main__:configsetters:49 - {'file_name': '/home/fabrizio/Scrivania/Much-Cross-Little-Over/My_TSP/berlin52.txt', 'crossover': 'PMX', 'pop_size': 10, 'tsp_len': 52, 'iterations': 1000, 'elitism': 1}
2022-07-27 19:25:26.617 | INFO     | __main__:configsetters:49 - {'file_name': '/home/fabrizio/Scrivania/Much-Cross-Little-Over/My_TSP/berlin52.txt', 'crossover': 'PMX', 'pop_size': 10, 'tsp_len': 52, 'iterations': 1000, 'elitism': 1}
2022-07-27 19:25:32.174 | INFO     | __main__:configsetters:70 - [[13, 12, 24, 3, 5, 4, 37, 39, 38, 34, 0, 21, 43, 45, 11, 50, 10, 27, 26, 25, 46, 28, 15, 49, 19, 29, 20, 17, 30, 22, 14, 42, 32, 9, 8, 7, 40, 18, 2, 44, 35, 33, 47, 23, 36, 48, 31, 16, 41, 6, 1, 51]]
2022-07-27 19:25:32.175 | INFO     | __main__:configsetters:71 - [9986.172109715493]
2022-07-27 19:25:49.140 | INFO     | __main__:configsetters:49 - {'file_name': '/home/fabrizio/Scrivania/Much-Cross-Little-Over/My_TSP/berlin52.txt', 'crossover': 'PMX', 'pop_size': 10, 'tsp_len': 52, 'iterations': 1000, 'elitism': 1}
2022-07-27 19:25:55.089 | INFO     | __main__:configsetters:70 - [[49, 15, 36, 47, 24, 26, 12, 25, 27, 0, 21, 2, 16, 20, 22, 19, 30, 17, 39, 23, 37, 8, 9, 32, 42, 14, 4, 5, 3, 11, 50, 10, 51, 13, 46, 45, 38, 40, 7, 18, 44, 31, 48, 33, 35, 34, 43, 29, 41, 6, 1, 28]]
2022-07-27 19:25:55.089 | INFO     | __main__:configsetters:71 - [10940.45142346]
2022-07-27 19:26:50.672 | INFO     | __main__:configsetters:49 - {'file_name': '/home/fabrizio/Scrivania/Much-Cross-Little-Over/My_TSP/berlin52.txt', 'crossover': 'PMX', 'pop_size': 10, 'tsp_len': 52, 'iterations': 1000, 'elitism': 1}
2022-07-27 19:26:56.018 | INFO     | __main__:configsetters:70 - [[37, 47, 23, 4, 5, 3, 11, 50, 32, 42, 43, 15, 49, 19, 29, 1, 6, 41, 20, 30, 31, 48, 34, 35, 0, 21, 22, 28, 46, 13, 51, 12, 10, 36, 38, 33, 45, 25, 26, 27, 24, 14, 44, 18, 9, 8, 7, 40, 2, 17, 16, 39]]
2022-07-27 19:26:56.018 | INFO     | __main__:configsetters:71 - [10361.782088853892]
2022-07-27 19:27:25.013 | INFO     | __main__:configsetters:49 - {'file_name': '/home/fabrizio/Scrivania/Much-Cross-Little-Over/My_TSP/berlin52.txt', 'crossover': 'PMX', 'pop_size': 10, 'tsp_len': 52, 'iterations': 1000, 'elitism': 1}
2022-07-27 19:29:20.149 | INFO     | __main__:configsetters:49 - {'file_name': '/home/fabrizio/Scrivania/Much-Cross-Little-Over/My_TSP/berlin52.txt', 'crossover': 'PMX', 'pop_size': 10, 'tsp_len': 52, 'iterations': 1000, 'elitism': 1}
2022-07-27 19:29:51.884 | INFO     | __main__:configsetters:49 - {'file_name': '/home/fabrizio/Scrivania/Much-Cross-Little-Over/My_TSP/berlin52.txt', 'crossover': 'PMX', 'pop_size': 10, 'tsp_len': 52, 'iterations': 1000, 'elitism': 1}
2022-07-27 19:32:48.358 | INFO     | __main__:configsetters:49 - {'file_name': '/home/fabrizio/Scrivania/Much-Cross-Little-Over/My_TSP/berlin52.txt', 'crossover': 'PMX', 'pop_size': 10, 'tsp_len': 52, 'iterations': 1000, 'elitism': 1}
2022-07-27 19:33:07.930 | INFO     | __main__:configsetters:49 - {'file_name': '/home/fabrizio/Scrivania/Much-Cross-Little-Over/My_TSP/berlin52.txt', 'crossover': 'PMX', 'pop_size': 10, 'tsp_len': 52, 'iterations': 1000, 'elitism': 1}
2022-07-27 19:35:09.209 | INFO     | __main__:configsetters:49 - {'file_name': '/home/fabrizio/Scrivania/Much-Cross-Little-Over/My_TSP/berlin52.txt', 'crossover': 'PMX', 'pop_size': 10, 'tsp_len': 52, 'iterations': 1000, 'elitism': 1}
2022-07-27 19:35:15.822 | INFO     | __main__:configsetters:70 - [[25, 45, 43, 48, 31, 17, 30, 21, 0, 33, 36, 47, 26, 51, 10, 11, 24, 15, 28, 49, 19, 22, 29, 20, 1, 6, 41, 16, 2, 40, 8, 9, 7, 18, 44, 39, 4, 23, 37, 34, 35, 38, 14, 5, 3, 42, 32, 50, 27, 12, 13, 46]]
2022-07-27 19:35:15.822 | INFO     | __main__:configsetters:71 - [9982.133044264512]
2022-07-27 19:35:57.719 | INFO     | __main__:configsetters:49 - {'file_name': '/home/fabrizio/Scrivania/Much-Cross-Little-Over/My_TSP/berlin52.txt', 'crossover': 'PMX', 'pop_size': 10, 'tsp_len': 52, 'iterations': 1000, 'elitism': 1}
2022-07-27 19:37:32.229 | INFO     | __main__:configsetters:49 - {'file_name': '/home/fabrizio/Scrivania/Much-Cross-Little-Over/My_TSP/berlin52.txt', 'crossover': 'PMX', 'pop_size': 10, 'tsp_len': 52, 'iterations': 1000, 'elitism': 1}
2022-07-27 19:38:17.374 | INFO     | __main__:configsetters:49 - {'file_name': '/home/fabrizio/Scrivania/Much-Cross-Little-Over/My_TSP/berlin52.txt', 'crossover': 'PMX', 'pop_size': 10, 'tsp_len': 52, 'iterations': 1000, 'elitism': 1}
2022-07-27 19:38:22.948 | INFO     | __main__:configsetters:70 - [[7, 8, 9, 18, 2, 44, 39, 37, 4, 23, 36, 38, 35, 34, 0, 21, 19, 22, 20, 30, 43, 33, 47, 24, 45, 15, 29, 1, 6, 41, 16, 17, 31, 48, 49, 28, 26, 10, 51, 13, 12, 3, 5, 14, 42, 32, 50, 11, 27, 25, 46, 40]]
2022-07-27 19:38:22.948 | INFO     | __main__:configsetters:71 - [10302.232602965983]
2022-07-27 19:38:46.064 | INFO     | __main__:configsetters:49 - {'file_name': '/home/fabrizio/Scrivania/Much-Cross-Little-Over/My_TSP/berlin52.txt', 'crossover': 'PMX', 'pop_size': 10, 'tsp_len': 52, 'iterations': 1000, 'elitism': 1}
2022-07-27 19:38:52.650 | INFO     | __main__:configsetters:70 - [[25, 45, 43, 33, 0, 41, 1, 6, 16, 48, 34, 24, 50, 10, 51, 13, 12, 26, 27, 11, 3, 47, 23, 4, 5, 14, 40, 7, 8, 9, 32, 42, 37, 36, 39, 38, 35, 31, 44, 18, 2, 17, 21, 30, 20, 29, 22, 19, 49, 15, 28, 46]]
2022-07-27 19:38:52.651 | INFO     | __main__:configsetters:71 - [9866.378050354557]
2022-07-27 19:39:29.308 | INFO     | __main__:configsetters:49 - {'file_name': '/home/fabrizio/Scrivania/Much-Cross-Little-Over/My_TSP/berlin52.txt', 'crossover': 'PMX', 'pop_size': 10, 'tsp_len': 52, 'iterations': 1000, 'elitism': 1}
2022-07-27 19:39:54.955 | INFO     | __main__:configsetters:49 - {'file_name': '/home/fabrizio/Scrivania/Much-Cross-Little-Over/My_TSP/berlin52.txt', 'crossover': 'PMX', 'pop_size': 10, 'tsp_len': 52, 'iterations': 1000, 'elitism': 1}
2022-07-27 19:40:01.403 | INFO     | __main__:configsetters:70 - [[48, 36, 11, 37, 39, 21, 30, 20, 16, 2, 17, 22, 28, 46, 13, 12, 25, 15, 43, 49, 19, 29, 6, 1, 41, 0, 35, 34, 33, 45, 24, 27, 26, 51, 10, 50, 32, 9, 8, 7, 42, 3, 14, 5, 4, 23, 47, 38, 44, 18, 40, 31]]
2022-07-27 19:40:01.403 | INFO     | __main__:configsetters:71 - [10936.463839106429]
2022-07-27 19:40:12.463 | INFO     | __main__:configsetters:49 - {'file_name': '/home/fabrizio/Scrivania/Much-Cross-Little-Over/My_TSP/berlin52.txt', 'crossover': 'PMX', 'pop_size': 10, 'tsp_len': 52, 'iterations': 1000, 'elitism': 1}
2022-07-27 19:40:59.772 | INFO     | __main__:configsetters:49 - {'file_name': '/home/fabrizio/Scrivania/Much-Cross-Little-Over/My_TSP/berlin52.txt', 'crossover': 'PMX', 'pop_size': 10, 'tsp_len': 52, 'iterations': 1000, 'elitism': 1}
2022-07-27 19:41:26.312 | INFO     | __main__:configsetters:49 - {'file_name': '/home/fabrizio/Scrivania/Much-Cross-Little-Over/My_TSP/berlin52.txt', 'crossover': 'PMX', 'pop_size': 10, 'tsp_len': 52, 'iterations': 1000, 'elitism': 1}
2022-07-27 19:41:42.375 | INFO     | __main__:configsetters:49 - {'file_name': '/home/fabrizio/Scrivania/Much-Cross-Little-Over/My_TSP/berlin52.txt', 'crossover': 'PMX', 'pop_size': 10, 'tsp_len': 52, 'iterations': 1000, 'elitism': 1}
2022-07-27 19:43:29.133 | INFO     | __main__:configsetters:49 - {'file_name': '/home/fabrizio/Scrivania/Much-Cross-Little-Over/My_TSP/berlin52.txt', 'crossover': 'PMX', 'pop_size': 10, 'tsp_len': 52, 'iterations': 1000, 'elitism': 1}
2022-07-27 19:43:54.793 | INFO     | __main__:configsetters:49 - {'file_name': '/home/fabrizio/Scrivania/Much-Cross-Little-Over/My_TSP/berlin52.txt', 'crossover': 'PMX', 'pop_size': 10, 'tsp_len': 52, 'iterations': 1000, 'elitism': 1}
2022-07-27 19:45:02.267 | INFO     | __main__:configsetters:49 - {'file_name': '/home/fabrizio/Scrivania/Much-Cross-Little-Over/My_TSP/berlin52.txt', 'crossover': 'PMX', 'pop_size': 10, 'tsp_len': 52, 'iterations': 1000, 'elitism': 1}
2022-07-27 19:45:26.458 | INFO     | __main__:configsetters:49 - {'file_name': '/home/fabrizio/Scrivania/Much-Cross-Little-Over/My_TSP/berlin52.txt', 'crossover': 'PMX', 'pop_size': 10, 'tsp_len': 52, 'iterations': 1000, 'elitism': 1}
2022-07-27 19:47:51.485 | INFO     | __main__:configsetters:49 - {'file_name': '/home/fabrizio/Scrivania/Much-Cross-Little-Over/My_TSP/berlin52.txt', 'crossover': 'PMX', 'pop_size': 10, 'tsp_len': 52, 'iterations': 1000, 'elitism': 1}
2022-07-27 19:47:57.318 | INFO     | __main__:configsetters:70 - [[17, 18, 44, 38, 5, 3, 50, 10, 51, 13, 12, 26, 27, 24, 45, 43, 22, 20, 41, 6, 1, 29, 46, 25, 11, 32, 42, 9, 8, 7, 40, 2, 16, 21, 31, 48, 33, 34, 35, 0, 19, 49, 28, 15, 36, 39, 37, 47, 23, 4, 14, 30]]
2022-07-27 19:47:57.318 | INFO     | __main__:configsetters:71 - [9958.412220753302]
2022-07-27 19:48:31.439 | INFO     | __main__:configsetters:49 - {'file_name': '/home/fabrizio/Scrivania/Much-Cross-Little-Over/My_TSP/berlin52.txt', 'crossover': 'PMX', 'pop_size': 10, 'tsp_len': 52, 'iterations': 1000, 'elitism': 1}
2022-07-27 19:51:36.115 | INFO     | __main__:configsetters:49 - {'file_name': '/home/fabrizio/Scrivania/Much-Cross-Little-Over/My_TSP/berlin52.txt', 'crossover': 'PMX', 'pop_size': 10, 'tsp_len': 52, 'iterations': 1000, 'elitism': 1}
2022-07-27 19:51:55.737 | INFO     | __main__:configsetters:49 - {'file_name': '/home/fabrizio/Scrivania/Much-Cross-Little-Over/My_TSP/berlin52.txt', 'crossover': 'PMX', 'pop_size': 10, 'tsp_len': 52, 'iterations': 1000, 'elitism': 1}
2022-07-27 22:00:21.151 | INFO     | __main__:configsetters:49 - {'file_name': '/home/fabrizio/Scrivania/Much-Cross-Little-Over/My_TSP/berlin52.txt', 'crossover': 'PMX', 'pop_size': 10, 'tsp_len': 52, 'iterations': 1000, 'elitism': 1}
2022-07-27 22:00:27.833 | INFO     | __main__:configsetters:70 - [[12, 51, 3, 42, 18, 44, 19, 49, 28, 15, 43, 33, 38, 36, 39, 8, 9, 32, 10, 50, 11, 24, 5, 14, 4, 48, 31, 17, 21, 0, 45, 46, 25, 26, 27, 47, 23, 37, 35, 34, 22, 30, 16, 20, 29, 1, 6, 41, 2, 40, 7, 13]]
2022-07-27 22:00:27.834 | INFO     | __main__:configsetters:71 - [11393.218522478153]
2022-07-27 22:01:14.303 | INFO     | __main__:configsetters:49 - {'file_name': '/home/fabrizio/Scrivania/Much-Cross-Little-Over/My_TSP/berlin52.txt', 'crossover': 'PMX', 'pop_size': 10, 'tsp_len': 52, 'iterations': 1000, 'elitism': 1}
2022-07-27 22:01:20.264 | INFO     | __main__:configsetters:70 - [[6, 41, 20, 48, 36, 39, 38, 37, 14, 24, 50, 11, 27, 26, 12, 25, 46, 15, 43, 8, 9, 13, 51, 10, 32, 2, 16, 17, 30, 21, 31, 18, 40, 7, 44, 0, 22, 29, 28, 49, 19, 34, 35, 33, 45, 47, 23, 4, 5, 3, 42, 1]]
2022-07-27 22:01:20.264 | INFO     | __main__:configsetters:71 - [11459.722451888018]
2022-07-27 22:02:05.992 | INFO     | __main__:configsetters:49 - {'file_name': '/home/fabrizio/Scrivania/Much-Cross-Little-Over/My_TSP/berlin52.txt', 'crossover': 'PMX', 'pop_size': 10, 'tsp_len': 52, 'iterations': 1000, 'elitism': 1}
2022-07-27 22:02:12.610 | INFO     | __main__:configsetters:70 - [[4, 5, 11, 51, 10, 50, 24, 45, 19, 22, 29, 49, 15, 46, 25, 47, 23, 39, 38, 35, 34, 43, 0, 18, 40, 7, 8, 9, 41, 6, 1, 28, 13, 12, 26, 27, 3, 37, 44, 30, 20, 16, 2, 17, 21, 48, 31, 33, 36, 42, 32, 14]]
2022-07-27 22:02:12.610 | INFO     | __main__:configsetters:71 - [11917.79363035219]
2022-07-27 22:03:03.838 | INFO     | __main__:configsetters:49 - {'file_name': '/home/fabrizio/Scrivania/Much-Cross-Little-Over/My_TSP/berlin52.txt', 'crossover': 'PMX', 'pop_size': 10, 'tsp_len': 52, 'iterations': 1000, 'elitism': 1}
2022-07-27 22:03:20.275 | INFO     | __main__:configsetters:70 - [[15, 49, 19, 33, 43, 46, 13, 12, 26, 45, 35, 34, 31, 48, 38, 36, 14, 4, 37, 39, 44, 17, 2, 16, 20, 22, 27, 10, 50, 11, 24, 18, 40, 7, 8, 9, 32, 42, 3, 5, 23, 47, 0, 21, 30, 41, 6, 1, 29, 25, 51, 28]]
2022-07-27 22:03:20.276 | INFO     | __main__:configsetters:71 - [11790.568310419501]
2022-07-27 22:03:35.113 | INFO     | __main__:configsetters:49 - {'file_name': '/home/fabrizio/Scrivania/Much-Cross-Little-Over/My_TSP/berlin52.txt', 'crossover': 'PMX', 'pop_size': 10, 'tsp_len': 52, 'iterations': 1000, 'elitism': 1}
2022-07-27 22:03:50.057 | INFO     | __main__:configsetters:70 - [[0, 34, 38, 39, 37, 23, 47, 36, 35, 33, 43, 15, 49, 19, 29, 22, 48, 31, 30, 17, 2, 18, 44, 14, 42, 32, 9, 8, 7, 40, 16, 20, 41, 6, 1, 28, 46, 51, 10, 50, 11, 27, 26, 12, 13, 25, 24, 3, 5, 4, 45, 21]]
2022-07-27 22:03:50.057 | INFO     | __main__:configsetters:71 - [9680.402191292167]
2022-07-27 22:04:18.793 | INFO     | __main__:configsetters:49 - {'file_name': '/home/fabrizio/Scrivania/Much-Cross-Little-Over/My_TSP/berlin52.txt', 'crossover': 'PMX', 'pop_size': 10, 'tsp_len': 52, 'iterations': 1000, 'elitism': 1}
2022-07-27 22:04:37.223 | INFO     | __main__:configsetters:70 - [[6, 41, 28, 46, 13, 51, 10, 50, 12, 25, 15, 22, 30, 17, 7, 40, 20, 29, 19, 49, 45, 24, 11, 27, 26, 43, 0, 21, 48, 36, 5, 3, 42, 32, 9, 8, 18, 44, 31, 37, 14, 4, 47, 23, 39, 38, 35, 33, 34, 2, 16, 1]]
2022-07-27 22:04:37.224 | INFO     | __main__:configsetters:71 - [11028.342794860228]
2022-07-27 22:04:59.568 | INFO     | __main__:configsetters:49 - {'file_name': '/home/fabrizio/Scrivania/Much-Cross-Little-Over/My_TSP/berlin52.txt', 'crossover': 'PMX', 'pop_size': 10, 'tsp_len': 52, 'iterations': 1000, 'elitism': 1}
2022-07-27 22:05:32.767 | INFO     | __main__:configsetters:70 - [[27, 26, 25, 29, 20, 43, 33, 23, 3, 32, 8, 7, 40, 35, 34, 15, 28, 19, 49, 22, 21, 30, 17, 18, 44, 31, 0, 48, 9, 42, 14, 39, 36, 38, 2, 16, 6, 1, 41, 46, 12, 13, 51, 10, 50, 24, 5, 4, 37, 47, 45, 11]]
2022-07-27 22:05:32.768 | INFO     | __main__:configsetters:71 - [11810.921635325414]
2022-07-27 22:08:00.393 | INFO     | __main__:configsetters:49 - {'file_name': '/home/fabrizio/Scrivania/Much-Cross-Little-Over/My_TSP/berlin52.txt', 'crossover': 'PMX', 'pop_size': 10, 'tsp_len': 52, 'iterations': 1000, 'elitism': 1}
2022-07-27 22:08:31.700 | INFO     | __main__:configsetters:70 - [[3, 42, 32, 10, 51, 13, 12, 24, 47, 23, 14, 4, 37, 39, 36, 33, 43, 49, 15, 45, 9, 8, 7, 17, 20, 22, 30, 48, 35, 38, 34, 0, 21, 19, 46, 25, 26, 27, 50, 11, 28, 29, 1, 6, 41, 16, 2, 40, 18, 44, 31, 5]]
2022-07-27 22:08:31.700 | INFO     | __main__:configsetters:71 - [11069.802034627386]
2022-07-27 22:09:11.342 | INFO     | __main__:configsetters:49 - {'file_name': '/home/fabrizio/Scrivania/Much-Cross-Little-Over/My_TSP/berlin52.txt', 'crossover': 'PMX', 'pop_size': 10, 'tsp_len': 52, 'iterations': 1000, 'elitism': 1}
2022-07-27 22:09:51.500 | INFO     | __main__:configsetters:49 - {'file_name': '/home/fabrizio/Scrivania/Much-Cross-Little-Over/My_TSP/berlin52.txt', 'crossover': 'PMX', 'pop_size': 10, 'tsp_len': 52, 'iterations': 1000, 'elitism': 1}
2022-07-27 22:10:10.810 | INFO     | __main__:configsetters:49 - {'file_name': '/home/fabrizio/Scrivania/Much-Cross-Little-Over/My_TSP/berlin52.txt', 'crossover': 'PMX', 'pop_size': 10, 'tsp_len': 52, 'iterations': 1000, 'elitism': 1}
2022-07-27 22:10:29.146 | INFO     | __main__:configsetters:49 - {'file_name': '/home/fabrizio/Scrivania/Much-Cross-Little-Over/My_TSP/berlin52.txt', 'crossover': 'PMX', 'pop_size': 10, 'tsp_len': 52, 'iterations': 1000, 'elitism': 1}
2022-07-27 22:11:04.812 | INFO     | __main__:configsetters:70 - [[4, 23, 47, 43, 22, 29, 1, 6, 41, 16, 8, 9, 42, 37, 39, 36, 5, 11, 10, 51, 13, 12, 45, 24, 27, 26, 25, 46, 28, 15, 49, 19, 31, 18, 40, 7, 44, 38, 35, 33, 34, 48, 0, 21, 30, 20, 2, 17, 3, 50, 32, 14]]
2022-07-27 22:11:04.813 | INFO     | __main__:configsetters:71 - [10798.94930667236]
2022-07-27 22:11:12.985 | INFO     | __main__:configsetters:49 - {'file_name': '/home/fabrizio/Scrivania/Much-Cross-Little-Over/My_TSP/berlin52.txt', 'crossover': 'PMX', 'pop_size': 10, 'tsp_len': 52, 'iterations': 1000, 'elitism': 1}
2022-07-27 22:11:59.746 | INFO     | __main__:configsetters:70 - [[49, 28, 15, 43, 34, 40, 7, 8, 9, 42, 4, 23, 33, 38, 39, 36, 47, 45, 11, 10, 50, 32, 35, 0, 21, 31, 48, 17, 30, 20, 22, 29, 41, 1, 6, 16, 2, 18, 44, 37, 14, 5, 3, 24, 27, 26, 25, 46, 12, 13, 51, 19]]
2022-07-27 22:11:59.747 | INFO     | __main__:configsetters:71 - [9479.19431469999]
2022-07-27 22:12:15.545 | INFO     | __main__:configsetters:49 - {'file_name': '/home/fabrizio/Scrivania/Much-Cross-Little-Over/My_TSP/berlin52.txt', 'crossover': 'PMX', 'pop_size': 10, 'tsp_len': 52, 'iterations': 1000, 'elitism': 1}
2022-07-27 22:12:40.277 | INFO     | __main__:configsetters:70 - [[8, 7, 40, 2, 16, 20, 17, 18, 44, 37, 4, 5, 23, 45, 15, 49, 28, 46, 25, 13, 51, 12, 26, 27, 11, 24, 47, 43, 19, 22, 41, 6, 1, 29, 10, 50, 32, 42, 3, 14, 39, 36, 48, 31, 30, 21, 0, 34, 33, 35, 38, 9]]
2022-07-27 22:12:40.278 | INFO     | __main__:configsetters:71 - [10311.103173479698]
2022-07-27 22:14:19.441 | INFO     | __main__:configsetters:49 - {'file_name': '/home/fabrizio/Scrivania/Much-Cross-Little-Over/My_TSP/berlin52.txt', 'crossover': 'PMX', 'pop_size': 10, 'tsp_len': 52, 'iterations': 1000, 'elitism': 1}
2022-07-27 22:14:32.348 | INFO     | __main__:configsetters:70 - [[33, 36, 37, 23, 4, 14, 24, 25, 27, 11, 3, 5, 47, 43, 22, 20, 17, 2, 7, 8, 9, 39, 45, 12, 13, 51, 10, 50, 15, 49, 19, 31, 18, 40, 44, 38, 35, 48, 0, 21, 30, 16, 6, 1, 41, 29, 28, 46, 26, 42, 32, 34]]
2022-07-27 22:14:32.349 | INFO     | __main__:configsetters:71 - [11335.336998740251]
2022-07-27 22:15:46.720 | INFO     | __main__:configsetters:49 - {'file_name': '/home/fabrizio/Scrivania/Much-Cross-Little-Over/My_TSP/berlin52.txt', 'crossover': 'PMX', 'pop_size': 10, 'tsp_len': 52, 'iterations': 1000, 'elitism': 1}
2022-07-27 22:16:06.994 | INFO     | __main__:configsetters:49 - {'file_name': '/home/fabrizio/Scrivania/Much-Cross-Little-Over/My_TSP/berlin52.txt', 'crossover': 'PMX', 'pop_size': 10, 'tsp_len': 52, 'iterations': 1000, 'elitism': 1}
2022-07-27 22:16:34.628 | INFO     | __main__:configsetters:49 - {'file_name': '/home/fabrizio/Scrivania/Much-Cross-Little-Over/My_TSP/berlin52.txt', 'crossover': 'PMX', 'pop_size': 10, 'tsp_len': 52, 'iterations': 1000, 'elitism': 1}
2022-07-27 22:17:07.796 | INFO     | __main__:configsetters:49 - {'file_name': '/home/fabrizio/Scrivania/Much-Cross-Little-Over/My_TSP/berlin52.txt', 'crossover': 'PMX', 'pop_size': 10, 'tsp_len': 52, 'iterations': 1000, 'elitism': 1}
2022-07-27 22:20:10.603 | INFO     | __main__:configsetters:49 - {'file_name': '/home/fabrizio/Scrivania/Much-Cross-Little-Over/My_TSP/berlin52.txt', 'crossover': 'PMX', 'pop_size': 10, 'tsp_len': 52, 'iterations': 1000, 'elitism': 1}
2022-07-27 22:20:38.572 | INFO     | __main__:configsetters:49 - {'file_name': '/home/fabrizio/Scrivania/Much-Cross-Little-Over/My_TSP/berlin52.txt', 'crossover': 'PMX', 'pop_size': 10, 'tsp_len': 52, 'iterations': 1000, 'elitism': 1}
2022-07-27 22:21:05.094 | INFO     | __main__:configsetters:49 - {'file_name': '/home/fabrizio/Scrivania/Much-Cross-Little-Over/My_TSP/berlin52.txt', 'crossover': 'PMX', 'pop_size': 10, 'tsp_len': 52, 'iterations': 1000, 'elitism': 1}
2022-07-27 22:21:12.199 | INFO     | __main__:configsetters:70 - [[34, 43, 22, 19, 49, 15, 45, 11, 50, 3, 47, 23, 37, 39, 35, 38, 42, 32, 10, 51, 13, 12, 46, 25, 26, 27, 24, 5, 14, 4, 36, 48, 21, 17, 16, 2, 40, 8, 9, 7, 18, 44, 31, 0, 30, 20, 41, 6, 1, 29, 28, 33]]
2022-07-27 22:21:12.199 | INFO     | __main__:configsetters:71 - [9223.568471490022]
2022-07-28 15:47:16.109 | INFO     | __main__:configsetters:49 - {'file_name': '/home/fabrizio/Scrivania/Much-Cross-Little-Over/My_TSP/berlin52.txt', 'crossover': 'PMX', 'pop_size': 10, 'tsp_len': 52, 'iterations': 1000, 'elitism': 1}
2022-07-28 15:47:40.621 | INFO     | __main__:configsetters:49 - {'file_name': '/home/fabrizio/Scrivania/Much-Cross-Little-Over/My_TSP/berlin52.txt', 'crossover': 'PMX', 'pop_size': 10, 'tsp_len': 52, 'iterations': 1000, 'elitism': 1}
2022-07-28 16:02:50.702 | INFO     | __main__:configsetters:49 - {'file_name': '/home/fabrizio/Scrivania/Much-Cross-Little-Over/My_TSP/berlin52.txt', 'crossover': 'PMX', 'pop_size': 10, 'tsp_len': 52, 'iterations': 1000, 'elitism': 1}
2022-07-28 16:02:57.165 | INFO     | __main__:configsetters:70 - [[12, 26, 25, 43, 33, 36, 34, 35, 0, 30, 21, 48, 31, 44, 18, 7, 40, 2, 17, 16, 6, 1, 41, 29, 20, 22, 19, 49, 28, 15, 27, 10, 51, 46, 45, 38, 39, 37, 42, 9, 8, 32, 50, 11, 24, 14, 4, 23, 47, 5, 3, 13]]
2022-07-28 16:02:57.165 | INFO     | __main__:configsetters:71 - [10284.497564433737]
2022-07-28 16:03:16.921 | INFO     | __main__:configsetters:49 - {'file_name': '/home/fabrizio/Scrivania/Much-Cross-Little-Over/My_TSP/berlin52.txt', 'crossover': 'PMX', 'pop_size': 10, 'tsp_len': 52, 'iterations': 1000, 'elitism': 1}
2022-07-28 16:03:26.013 | INFO     | __main__:configsetters:70 - [[21, 30, 20, 41, 1, 6, 16, 2, 17, 22, 43, 36, 33, 34, 35, 48, 31, 44, 38, 39, 37, 23, 47, 14, 4, 7, 40, 18, 3, 11, 50, 10, 26, 27, 42, 9, 8, 32, 51, 13, 46, 28, 29, 19, 49, 15, 45, 5, 24, 25, 12, 0]]
2022-07-28 16:03:26.013 | INFO     | __main__:configsetters:71 - [11093.874964974319]
2022-07-28 16:03:44.053 | INFO     | __main__:configsetters:49 - {'file_name': '/home/fabrizio/Scrivania/Much-Cross-Little-Over/My_TSP/berlin52.txt', 'crossover': 'PMX', 'pop_size': 10, 'tsp_len': 52, 'iterations': 1000, 'elitism': 1}
2022-07-28 16:03:51.432 | INFO     | __main__:configsetters:70 - [[47, 38, 31, 17, 2, 18, 40, 7, 8, 9, 44, 39, 4, 5, 3, 24, 11, 27, 10, 50, 32, 42, 14, 37, 36, 34, 35, 48, 0, 21, 19, 22, 30, 20, 16, 6, 1, 41, 29, 49, 43, 33, 45, 15, 28, 25, 26, 12, 51, 13, 46, 23]]
2022-07-28 16:03:51.432 | INFO     | __main__:configsetters:71 - [9327.299474220781]
2022-07-28 16:04:35.317 | INFO     | __main__:configsetters:49 - {'file_name': '/home/fabrizio/Scrivania/Much-Cross-Little-Over/My_TSP/berlin52.txt', 'crossover': 'PMX', 'pop_size': 10, 'tsp_len': 52, 'iterations': 1000, 'elitism': 1}
2022-07-28 16:04:42.207 | INFO     | __main__:configsetters:70 - [[34, 33, 49, 43, 36, 37, 23, 47, 45, 15, 28, 19, 22, 29, 41, 6, 1, 46, 25, 24, 8, 9, 50, 11, 27, 26, 12, 13, 51, 10, 3, 39, 38, 48, 0, 20, 16, 2, 18, 44, 17, 30, 21, 31, 40, 7, 4, 5, 14, 42, 32, 35]]
2022-07-28 16:04:42.208 | INFO     | __main__:configsetters:71 - [11192.129732171914]
2022-07-28 16:05:33.194 | INFO     | __main__:configsetters:49 - {'file_name': '/home/fabrizio/Scrivania/Much-Cross-Little-Over/My_TSP/berlin52.txt', 'crossover': 'PMX', 'pop_size': 10, 'tsp_len': 52, 'iterations': 1000, 'elitism': 1}
2022-07-28 16:05:40.805 | INFO     | __main__:configsetters:70 - [[4, 24, 25, 46, 28, 22, 17, 30, 20, 41, 6, 1, 29, 15, 47, 23, 5, 3, 50, 10, 11, 45, 34, 48, 0, 21, 19, 49, 43, 44, 18, 8, 9, 32, 42, 38, 39, 37, 27, 26, 51, 13, 12, 36, 33, 35, 31, 2, 16, 40, 7, 14]]
2022-07-28 16:05:40.805 | INFO     | __main__:configsetters:71 - [11568.561224847983]
2022-07-28 16:06:36.153 | INFO     | __main__:configsetters:49 - {'file_name': '/home/fabrizio/Scrivania/Much-Cross-Little-Over/My_TSP/berlin52.txt', 'crossover': 'PMX', 'pop_size': 10, 'tsp_len': 52, 'iterations': 1000, 'elitism': 1}
2022-07-28 16:07:34.091 | INFO     | __main__:configsetters:49 - {'file_name': '/home/fabrizio/Scrivania/Much-Cross-Little-Over/My_TSP/berlin52.txt', 'crossover': 'PMX', 'pop_size': 10, 'tsp_len': 52, 'iterations': 1000, 'elitism': 1}
2022-07-28 16:08:17.630 | INFO     | __main__:configsetters:49 - {'file_name': '/home/fabrizio/Scrivania/Much-Cross-Little-Over/My_TSP/berlin52.txt', 'crossover': 'PMX', 'pop_size': 10, 'tsp_len': 52, 'iterations': 1000, 'elitism': 1}
2022-07-28 16:08:57.417 | INFO     | __main__:configsetters:49 - {'file_name': '/home/fabrizio/Scrivania/Much-Cross-Little-Over/My_TSP/berlin52.txt', 'crossover': 'PMX', 'pop_size': 10, 'tsp_len': 52, 'iterations': 1000, 'elitism': 1}
2022-07-28 16:09:34.208 | INFO     | __main__:configsetters:49 - {'file_name': '/home/fabrizio/Scrivania/Much-Cross-Little-Over/My_TSP/berlin52.txt', 'crossover': 'PMX', 'pop_size': 10, 'tsp_len': 52, 'iterations': 1000, 'elitism': 1}
2022-07-28 16:09:41.511 | INFO     | __main__:configsetters:70 - [[19, 49, 15, 45, 24, 46, 12, 13, 51, 10, 50, 32, 42, 14, 23, 39, 38, 48, 34, 33, 43, 0, 21, 35, 37, 47, 4, 36, 44, 31, 2, 18, 7, 9, 8, 40, 16, 17, 30, 20, 41, 6, 1, 29, 28, 5, 3, 11, 27, 26, 25, 22]]
2022-07-28 16:09:41.512 | INFO     | __main__:configsetters:71 - [9840.946891018086]
2022-07-28 16:10:38.926 | INFO     | __main__:configsetters:49 - {'file_name': '/home/fabrizio/Scrivania/Much-Cross-Little-Over/My_TSP/berlin52.txt', 'crossover': 'PMX', 'pop_size': 10, 'tsp_len': 52, 'iterations': 1000, 'elitism': 1}
2022-07-28 16:11:21.267 | INFO     | __main__:configsetters:49 - {'file_name': '/home/fabrizio/Scrivania/Much-Cross-Little-Over/My_TSP/berlin52.txt', 'crossover': 'PMX', 'pop_size': 10, 'tsp_len': 52, 'iterations': 1000, 'elitism': 1}
2022-07-28 16:12:16.791 | INFO     | __main__:configsetters:49 - {'file_name': '/home/fabrizio/Scrivania/Much-Cross-Little-Over/My_TSP/berlin52.txt', 'crossover': 'PMX', 'pop_size': 10, 'tsp_len': 52, 'iterations': 1000, 'elitism': 1}
2022-07-28 16:13:09.402 | INFO     | __main__:configsetters:49 - {'file_name': '/home/fabrizio/Scrivania/Much-Cross-Little-Over/My_TSP/berlin52.txt', 'crossover': 'PMX', 'pop_size': 10, 'tsp_len': 52, 'iterations': 1000, 'elitism': 1}
2022-07-28 16:13:15.907 | INFO     | __main__:configsetters:70 - [[40, 2, 16, 17, 21, 48, 35, 39, 37, 14, 4, 23, 47, 45, 36, 38, 33, 34, 31, 44, 9, 8, 18, 30, 22, 19, 49, 29, 41, 20, 0, 43, 15, 6, 1, 28, 46, 25, 26, 24, 3, 5, 42, 32, 50, 10, 51, 13, 12, 27, 11, 7]]
2022-07-28 16:13:15.907 | INFO     | __main__:configsetters:71 - [10445.443331181385]
2022-07-28 16:13:42.182 | INFO     | __main__:configsetters:49 - {'file_name': '/home/fabrizio/Scrivania/Much-Cross-Little-Over/My_TSP/berlin52.txt', 'crossover': 'PMX', 'pop_size': 10, 'tsp_len': 52, 'iterations': 1000, 'elitism': 1}
2022-07-28 16:13:48.491 | INFO     | __main__:configsetters:70 - [[50, 11, 3, 5, 4, 37, 49, 19, 22, 21, 0, 33, 43, 28, 15, 45, 39, 36, 38, 34, 35, 42, 32, 51, 13, 12, 24, 47, 23, 14, 44, 9, 8, 7, 40, 18, 2, 16, 17, 27, 26, 25, 46, 29, 1, 6, 41, 20, 30, 31, 48, 10]]
2022-07-28 16:13:48.491 | INFO     | __main__:configsetters:71 - [11358.084984769066]
2022-07-28 16:14:20.679 | INFO     | __main__:configsetters:49 - {'file_name': '/home/fabrizio/Scrivania/Much-Cross-Little-Over/My_TSP/berlin52.txt', 'crossover': 'PMX', 'pop_size': 10, 'tsp_len': 52, 'iterations': 1000, 'elitism': 1}
2022-07-28 16:14:43.032 | INFO     | __main__:configsetters:70 - [[14, 32, 9, 8, 18, 44, 31, 35, 43, 15, 19, 29, 1, 6, 41, 20, 21, 0, 48, 38, 39, 36, 37, 5, 24, 25, 12, 51, 13, 46, 28, 49, 22, 30, 17, 16, 2, 40, 7, 42, 3, 27, 26, 10, 50, 11, 45, 33, 34, 47, 23, 4]]
2022-07-28 16:14:43.033 | INFO     | __main__:configsetters:71 - [10343.275097458554]
2022-07-28 16:25:59.088 | INFO     | __main__:configsetters:49 - {'file_name': '/home/fabrizio/Scrivania/Much-Cross-Little-Over/My_TSP/berlin52.txt', 'crossover': 'PMX', 'pop_size': 10, 'tsp_len': 52, 'iterations': 1000, 'elitism': 1}
2022-07-28 16:26:08.047 | INFO     | __main__:configsetters:70 - [[6, 41, 29, 30, 21, 0, 38, 39, 14, 5, 4, 23, 47, 44, 9, 8, 7, 40, 18, 34, 33, 43, 49, 19, 22, 20, 16, 2, 17, 31, 48, 35, 36, 37, 24, 45, 15, 28, 27, 26, 25, 46, 12, 13, 51, 10, 50, 11, 3, 42, 32, 1]]
2022-07-28 16:26:08.047 | INFO     | __main__:configsetters:71 - [8830.669158786253]
2022-07-28 17:48:05.991 | INFO     | __main__:configsetters:49 - {'file_name': '/home/fabrizio/Scrivania/Much-Cross-Little-Over/My_TSP/berlin52.txt', 'crossover': 'PMX', 'pop_size': 10, 'tsp_len': 52, 'iterations': 1000, 'elitism': 1}
2022-07-28 17:48:22.386 | INFO     | __main__:configsetters:49 - {'file_name': '/home/fabrizio/Scrivania/Much-Cross-Little-Over/My_TSP/berlin52.txt', 'crossover': 'PMX', 'pop_size': 10, 'tsp_len': 52, 'iterations': 1000, 'elitism': 1}
2022-07-28 17:48:28.652 | INFO     | __main__:configsetters:70 - [[10, 50, 3, 5, 4, 44, 18, 40, 7, 26, 12, 13, 25, 17, 30, 20, 16, 2, 8, 9, 32, 42, 14, 36, 43, 45, 47, 23, 37, 33, 34, 35, 39, 38, 48, 21, 41, 6, 1, 29, 15, 24, 11, 27, 46, 28, 49, 19, 22, 0, 31, 51]]
2022-07-28 17:48:28.652 | INFO     | __main__:configsetters:71 - [11885.013099840455]
2022-07-28 17:48:51.199 | INFO     | __main__:configsetters:49 - {'file_name': '/home/fabrizio/Scrivania/Much-Cross-Little-Over/My_TSP/berlin52.txt', 'crossover': 'PMX', 'pop_size': 10, 'tsp_len': 52, 'iterations': 1000, 'elitism': 1}
2022-07-28 17:48:57.302 | INFO     | __main__:configsetters:70 - [[12, 26, 27, 36, 47, 23, 37, 4, 5, 14, 42, 44, 18, 31, 48, 35, 38, 39, 33, 34, 21, 16, 6, 1, 41, 29, 28, 15, 49, 19, 22, 20, 30, 7, 40, 9, 8, 32, 3, 24, 11, 50, 10, 51, 46, 25, 45, 43, 0, 17, 2, 13]]
2022-07-28 17:48:57.302 | INFO     | __main__:configsetters:71 - [10181.930428515267]
2022-07-28 17:49:39.045 | INFO     | __main__:configsetters:49 - {'file_name': '/home/fabrizio/Scrivania/Much-Cross-Little-Over/My_TSP/berlin52.txt', 'crossover': 'PMX', 'pop_size': 10, 'tsp_len': 52, 'iterations': 1000, 'elitism': 1}
2022-07-28 17:49:45.479 | INFO     | __main__:configsetters:70 - [[23, 39, 38, 43, 15, 28, 49, 19, 22, 20, 29, 41, 1, 6, 16, 42, 50, 11, 27, 26, 25, 46, 12, 13, 51, 10, 32, 9, 8, 7, 40, 18, 44, 2, 17, 30, 21, 0, 37, 4, 14, 5, 3, 24, 45, 36, 33, 34, 35, 48, 31, 47]]
2022-07-28 17:49:45.479 | INFO     | __main__:configsetters:71 - [8985.015789944198]
2022-07-28 17:49:54.089 | INFO     | __main__:configsetters:49 - {'file_name': '/home/fabrizio/Scrivania/Much-Cross-Little-Over/My_TSP/berlin52.txt', 'crossover': 'PMX', 'pop_size': 10, 'tsp_len': 52, 'iterations': 1000, 'elitism': 1}
2022-07-28 17:50:00.587 | INFO     | __main__:configsetters:70 - [[25, 24, 47, 23, 4, 14, 9, 8, 7, 40, 18, 44, 31, 17, 2, 16, 6, 1, 41, 20, 33, 34, 35, 38, 39, 37, 5, 3, 50, 11, 15, 49, 19, 0, 36, 42, 32, 51, 13, 12, 46, 28, 29, 22, 30, 21, 48, 43, 45, 27, 10, 26]]
2022-07-28 17:50:00.587 | INFO     | __main__:configsetters:71 - [10940.248813304675]
2022-07-28 17:51:06.771 | INFO     | __main__:configsetters:49 - {'file_name': '/home/fabrizio/Scrivania/Much-Cross-Little-Over/My_TSP/berlin52.txt', 'crossover': 'PMX', 'pop_size': 10, 'tsp_len': 52, 'iterations': 1000, 'elitism': 1}
2022-07-28 17:51:15.214 | INFO     | __main__:configsetters:70 - [[12, 26, 5, 14, 4, 23, 35, 48, 31, 42, 3, 37, 36, 39, 38, 0, 2, 16, 6, 1, 41, 46, 51, 10, 50, 45, 43, 33, 34, 44, 18, 40, 7, 8, 9, 32, 11, 27, 25, 24, 47, 15, 28, 49, 19, 22, 29, 20, 17, 30, 21, 13]]
2022-07-28 17:51:15.215 | INFO     | __main__:configsetters:71 - [11222.802493540088]
2022-07-28 17:53:24.824 | INFO     | __main__:configsetters:49 - {'file_name': '/home/fabrizio/Scrivania/Much-Cross-Little-Over/My_TSP/berlin52.txt', 'crossover': 'PMX', 'pop_size': 10, 'tsp_len': 52, 'iterations': 1000, 'elitism': 1}
2022-07-28 17:53:32.623 | INFO     | __main__:configsetters:70 - [[6, 41, 20, 16, 2, 18, 44, 17, 30, 21, 0, 48, 43, 45, 36, 37, 39, 38, 35, 34, 33, 47, 23, 4, 14, 5, 3, 24, 11, 50, 10, 51, 12, 26, 27, 32, 42, 8, 9, 7, 40, 31, 49, 15, 25, 13, 46, 28, 19, 22, 29, 1]]
2022-07-28 17:53:32.623 | INFO     | __main__:configsetters:71 - [9343.592158969972]
2022-07-28 17:55:08.473 | INFO     | __main__:configsetters:49 - {'file_name': '/home/fabrizio/Scrivania/Much-Cross-Little-Over/My_TSP/berlin52.txt', 'crossover': 'PMX', 'pop_size': 10, 'tsp_len': 52, 'iterations': 1000, 'elitism': 1}
2022-07-28 17:55:27.845 | INFO     | __main__:configsetters:49 - {'file_name': '/home/fabrizio/Scrivania/Much-Cross-Little-Over/My_TSP/berlin52.txt', 'crossover': 'PMX', 'pop_size': 10, 'tsp_len': 52, 'iterations': 1000, 'elitism': 1}
2022-07-28 17:55:41.305 | INFO     | __main__:configsetters:49 - {'file_name': '/home/fabrizio/Scrivania/Much-Cross-Little-Over/My_TSP/berlin52.txt', 'crossover': 'PMX', 'pop_size': 10, 'tsp_len': 52, 'iterations': 1000, 'elitism': 1}
2022-07-28 17:56:03.234 | INFO     | __main__:configsetters:49 - {'file_name': '/home/fabrizio/Scrivania/Much-Cross-Little-Over/My_TSP/berlin52.txt', 'crossover': 'PMX', 'pop_size': 10, 'tsp_len': 52, 'iterations': 1000, 'elitism': 1}
2022-07-28 17:56:56.448 | INFO     | __main__:configsetters:49 - {'file_name': '/home/fabrizio/Scrivania/Much-Cross-Little-Over/My_TSP/berlin52.txt', 'crossover': 'PMX', 'pop_size': 10, 'tsp_len': 52, 'iterations': 1000, 'elitism': 1}
2022-07-28 17:58:16.062 | INFO     | __main__:configsetters:49 - {'file_name': '/home/fabrizio/Scrivania/Much-Cross-Little-Over/My_TSP/berlin52.txt', 'crossover': 'PMX', 'pop_size': 10, 'tsp_len': 52, 'iterations': 1000, 'elitism': 1}
2022-07-28 17:58:36.242 | INFO     | __main__:configsetters:49 - {'file_name': '/home/fabrizio/Scrivania/Much-Cross-Little-Over/My_TSP/berlin52.txt', 'crossover': 'PMX', 'pop_size': 10, 'tsp_len': 52, 'iterations': 1000, 'elitism': 1}
2022-07-28 17:59:08.666 | INFO     | __main__:configsetters:49 - {'file_name': '/home/fabrizio/Scrivania/Much-Cross-Little-Over/My_TSP/berlin52.txt', 'crossover': 'PMX', 'pop_size': 10, 'tsp_len': 52, 'iterations': 1000, 'elitism': 1}
2022-07-28 17:59:22.773 | INFO     | __main__:configsetters:49 - {'file_name': '/home/fabrizio/Scrivania/Much-Cross-Little-Over/My_TSP/berlin52.txt', 'crossover': 'PMX', 'pop_size': 10, 'tsp_len': 52, 'iterations': 1000, 'elitism': 1}
2022-07-28 18:00:01.129 | INFO     | __main__:configsetters:49 - {'file_name': '/home/fabrizio/Scrivania/Much-Cross-Little-Over/My_TSP/berlin52.txt', 'crossover': 'PMX', 'pop_size': 10, 'tsp_len': 52, 'iterations': 1000, 'elitism': 1}
2022-07-28 18:00:13.212 | INFO     | __main__:configsetters:49 - {'file_name': '/home/fabrizio/Scrivania/Much-Cross-Little-Over/My_TSP/berlin52.txt', 'crossover': 'PMX', 'pop_size': 10, 'tsp_len': 52, 'iterations': 1000, 'elitism': 1}
2022-07-28 18:00:36.168 | INFO     | __main__:configsetters:70 - [[25, 24, 5, 4, 37, 14, 42, 9, 8, 40, 7, 32, 50, 10, 27, 45, 47, 23, 3, 11, 12, 51, 13, 46, 39, 38, 44, 18, 2, 16, 20, 35, 36, 15, 28, 1, 6, 41, 29, 22, 30, 17, 31, 48, 34, 33, 43, 49, 19, 0, 21, 26]]
2022-07-28 18:00:36.168 | INFO     | __main__:configsetters:71 - [11142.40765467581]
2022-07-28 18:01:37.547 | INFO     | __main__:configsetters:49 - {'file_name': '/home/fabrizio/Scrivania/Much-Cross-Little-Over/My_TSP/berlin52.txt', 'crossover': 'PMX', 'pop_size': 10, 'tsp_len': 52, 'iterations': 1000, 'elitism': 1}
2022-07-28 18:01:46.053 | INFO     | __main__:configsetters:49 - {'file_name': '/home/fabrizio/Scrivania/Much-Cross-Little-Over/My_TSP/berlin52.txt', 'crossover': 'PMX', 'pop_size': 10, 'tsp_len': 52, 'iterations': 1000, 'elitism': 1}
2022-07-28 18:01:54.379 | INFO     | __main__:configsetters:70 - [[6, 41, 16, 8, 9, 32, 10, 51, 26, 27, 15, 49, 19, 29, 22, 20, 30, 17, 21, 48, 43, 45, 47, 23, 36, 35, 34, 0, 31, 40, 2, 44, 18, 7, 42, 50, 11, 12, 13, 25, 46, 28, 33, 38, 39, 37, 4, 14, 5, 3, 24, 1]]
2022-07-28 18:01:54.379 | INFO     | __main__:configsetters:71 - [10590.358625253075]
2022-07-28 18:04:02.229 | INFO     | __main__:configsetters:49 - {'file_name': '/home/fabrizio/Scrivania/Much-Cross-Little-Over/My_TSP/berlin52.txt', 'crossover': 'PMX', 'pop_size': 10, 'tsp_len': 52, 'iterations': 1000, 'elitism': 1}
2022-07-28 18:04:12.233 | INFO     | __main__:configsetters:70 - [[33, 35, 43, 36, 39, 38, 48, 21, 20, 41, 1, 6, 16, 40, 18, 14, 3, 24, 11, 27, 15, 28, 29, 22, 30, 17, 2, 31, 37, 47, 23, 4, 5, 45, 49, 19, 0, 44, 7, 8, 9, 42, 32, 50, 25, 46, 13, 51, 12, 26, 10, 34]]
2022-07-28 18:04:12.234 | INFO     | __main__:configsetters:71 - [10221.963030536339]
2022-07-28 18:04:46.225 | INFO     | __main__:configsetters:49 - {'file_name': '/home/fabrizio/Scrivania/Much-Cross-Little-Over/My_TSP/berlin52.txt', 'crossover': 'PMX', 'pop_size': 10, 'tsp_len': 52, 'iterations': 1000, 'elitism': 1}
2022-07-28 18:04:59.303 | INFO     | __main__:configsetters:49 - {'file_name': '/home/fabrizio/Scrivania/Much-Cross-Little-Over/My_TSP/berlin52.txt', 'crossover': 'PMX', 'pop_size': 10, 'tsp_len': 52, 'iterations': 1000, 'elitism': 1}
2022-07-28 18:05:37.805 | INFO     | __main__:configsetters:49 - {'file_name': '/home/fabrizio/Scrivania/Much-Cross-Little-Over/My_TSP/berlin52.txt', 'crossover': 'PMX', 'pop_size': 10, 'tsp_len': 52, 'iterations': 1000, 'elitism': 1}
2022-07-28 18:08:26.682 | INFO     | __main__:configsetters:49 - {'file_name': '/home/fabrizio/Scrivania/Much-Cross-Little-Over/My_TSP/berlin52.txt', 'crossover': 'PMX', 'pop_size': 10, 'tsp_len': 52, 'iterations': 1000, 'elitism': 1}
2022-07-28 18:08:40.029 | INFO     | __main__:configsetters:49 - {'file_name': '/home/fabrizio/Scrivania/Much-Cross-Little-Over/My_TSP/berlin52.txt', 'crossover': 'PMX', 'pop_size': 10, 'tsp_len': 52, 'iterations': 1000, 'elitism': 1}
2022-07-28 18:08:48.723 | INFO     | __main__:configsetters:70 - [[25, 45, 36, 38, 39, 37, 5, 11, 51, 13, 12, 26, 33, 34, 35, 48, 31, 0, 21, 22, 20, 41, 6, 1, 29, 28, 19, 49, 15, 43, 47, 23, 14, 42, 9, 8, 32, 50, 10, 27, 24, 3, 4, 44, 17, 30, 16, 2, 18, 40, 7, 46]]
2022-07-28 18:08:48.724 | INFO     | __main__:configsetters:71 - [10481.623759726495]
2022-07-28 18:09:32.809 | INFO     | __main__:configsetters:49 - {'file_name': '/home/fabrizio/Scrivania/Much-Cross-Little-Over/My_TSP/berlin52.txt', 'crossover': 'PMX', 'pop_size': 10, 'tsp_len': 52, 'iterations': 1000, 'elitism': 1}
2022-07-28 18:11:21.599 | INFO     | __main__:configsetters:49 - {'file_name': '/home/fabrizio/Scrivania/Much-Cross-Little-Over/My_TSP/berlin52.txt', 'crossover': 'PMX', 'pop_size': 10, 'tsp_len': 52, 'iterations': 1000, 'elitism': 1}
2022-07-28 18:11:52.519 | INFO     | __main__:configsetters:49 - {'file_name': '/home/fabrizio/Scrivania/Much-Cross-Little-Over/My_TSP/berlin52.txt', 'crossover': 'PMX', 'pop_size': 10, 'tsp_len': 52, 'iterations': 1000, 'elitism': 1}
2022-07-28 18:12:13.497 | INFO     | __main__:configsetters:49 - {'file_name': '/home/fabrizio/Scrivania/Much-Cross-Little-Over/My_TSP/berlin52.txt', 'crossover': 'PMX', 'pop_size': 10, 'tsp_len': 52, 'iterations': 1000, 'elitism': 1}
2022-07-28 18:12:21.827 | INFO     | __main__:configsetters:70 - [[30, 41, 1, 6, 21, 47, 27, 26, 51, 10, 5, 23, 36, 38, 39, 37, 4, 14, 40, 18, 44, 31, 48, 34, 0, 49, 19, 22, 20, 16, 2, 7, 32, 50, 11, 24, 3, 42, 9, 8, 35, 33, 46, 13, 12, 25, 45, 43, 15, 28, 29, 17]]
2022-07-28 18:12:21.828 | INFO     | __main__:configsetters:71 - [12087.917471488443]
2022-07-28 18:12:28.182 | INFO     | __main__:configsetters:49 - {'file_name': '/home/fabrizio/Scrivania/Much-Cross-Little-Over/My_TSP/berlin52.txt', 'crossover': 'PMX', 'pop_size': 10, 'tsp_len': 52, 'iterations': 1000, 'elitism': 1}
2022-07-28 18:12:36.369 | INFO     | __main__:configsetters:70 - [[12, 26, 25, 46, 45, 34, 48, 31, 18, 40, 7, 8, 9, 32, 42, 5, 24, 27, 51, 10, 50, 11, 4, 37, 36, 39, 38, 35, 43, 15, 49, 0, 21, 30, 20, 17, 33, 47, 23, 14, 3, 44, 2, 16, 6, 1, 41, 29, 22, 19, 28, 13]]
2022-07-28 18:12:36.369 | INFO     | __main__:configsetters:71 - [9914.342035842901]
2022-07-28 18:19:55.161 | INFO     | __main__:configsetters:49 - {'file_name': '/home/fabrizio/Scrivania/Much-Cross-Little-Over/My_TSP/berlin52.txt', 'crossover': 'PMX', 'pop_size': 10, 'tsp_len': 52, 'iterations': 1000, 'elitism': 1}
2022-07-28 18:20:02.396 | INFO     | __main__:configsetters:70 - [[37, 23, 47, 36, 38, 34, 35, 44, 18, 7, 40, 2, 17, 16, 6, 1, 41, 30, 21, 0, 45, 5, 4, 14, 8, 9, 3, 24, 26, 25, 28, 29, 20, 22, 15, 46, 12, 13, 51, 10, 27, 11, 50, 32, 42, 31, 48, 33, 43, 49, 19, 39]]
2022-07-28 18:20:02.396 | INFO     | __main__:configsetters:71 - [10785.722330277185]
2022-07-28 18:22:12.706 | INFO     | __main__:configsetters:49 - {'file_name': '/home/fabrizio/Scrivania/Much-Cross-Little-Over/My_TSP/berlin52.txt', 'crossover': 'PMX', 'pop_size': 10, 'tsp_len': 52, 'iterations': 1000, 'elitism': 1}
2022-07-28 18:22:21.021 | INFO     | __main__:configsetters:70 - [[34, 35, 0, 20, 41, 1, 6, 16, 2, 44, 17, 30, 21, 31, 48, 33, 43, 45, 11, 24, 23, 47, 37, 4, 14, 5, 3, 32, 50, 10, 51, 13, 12, 46, 25, 26, 27, 36, 39, 42, 9, 8, 7, 40, 18, 22, 19, 49, 15, 28, 29, 38]]
2022-07-28 18:22:21.021 | INFO     | __main__:configsetters:71 - [9496.345913447967]
2022-07-28 18:22:52.977 | INFO     | __main__:configsetters:49 - {'file_name': '/home/fabrizio/Scrivania/Much-Cross-Little-Over/My_TSP/berlin52.txt', 'crossover': 'PMX', 'pop_size': 10, 'tsp_len': 52, 'iterations': 1000, 'elitism': 1}
2022-07-28 18:23:00.182 | INFO     | __main__:configsetters:70 - [[6, 41, 16, 40, 7, 14, 4, 5, 3, 27, 26, 25, 28, 49, 19, 29, 20, 17, 2, 44, 38, 34, 35, 33, 39, 36, 37, 23, 47, 15, 46, 12, 50, 32, 42, 31, 48, 0, 21, 30, 22, 13, 51, 10, 11, 24, 45, 43, 18, 9, 8, 1]]
2022-07-28 18:23:00.182 | INFO     | __main__:configsetters:71 - [11567.053740141115]
2022-07-28 18:24:56.617 | INFO     | __main__:configsetters:49 - {'file_name': '/home/fabrizio/Scrivania/Much-Cross-Little-Over/My_TSP/berlin52.txt', 'crossover': 'PMX', 'pop_size': 10, 'tsp_len': 52, 'iterations': 1000, 'elitism': 1}
2022-07-28 18:26:53.398 | INFO     | __main__:configsetters:49 - {'file_name': '/home/fabrizio/Scrivania/Much-Cross-Little-Over/My_TSP/berlin52.txt', 'crossover': 'PMX', 'pop_size': 20, 'tsp_len': 52, 'iterations': 1000, 'elitism': 1}
2022-07-28 18:27:00.824 | INFO     | __main__:configsetters:70 - [[46, 28, 19, 49, 43, 47, 23, 4, 14, 5, 3, 50, 11, 24, 48, 31, 17, 16, 2, 40, 18, 44, 39, 45, 15, 22, 0, 21, 30, 29, 1, 6, 41, 20, 7, 8, 9, 42, 38, 35, 34, 33, 36, 37, 27, 26, 12, 13, 51, 10, 32, 25]]
2022-07-28 18:27:00.825 | INFO     | __main__:configsetters:71 - [10390.152059005884]
2022-07-28 18:27:08.101 | INFO     | __main__:configsetters:49 - {'file_name': '/home/fabrizio/Scrivania/Much-Cross-Little-Over/My_TSP/berlin52.txt', 'crossover': 'PMX', 'pop_size': 20, 'tsp_len': 52, 'iterations': 1000, 'elitism': 1}
2022-07-28 18:27:15.433 | INFO     | __main__:configsetters:70 - [[0, 31, 18, 40, 44, 48, 17, 2, 16, 30, 35, 37, 23, 47, 5, 14, 4, 36, 39, 7, 8, 9, 42, 38, 34, 19, 49, 15, 45, 33, 43, 22, 20, 41, 6, 1, 29, 28, 46, 13, 51, 12, 26, 25, 24, 3, 32, 50, 10, 11, 27, 21]]
2022-07-28 18:27:15.434 | INFO     | __main__:configsetters:71 - [10252.450339754294]
2022-07-28 18:30:38.043 | INFO     | __main__:configsetters:49 - {'file_name': '/home/fabrizio/Scrivania/Much-Cross-Little-Over/My_TSP/berlin52.txt', 'crossover': 'PMX', 'pop_size': 20, 'tsp_len': 52, 'iterations': 1000, 'elitism': 1}
2022-07-28 18:30:48.917 | INFO     | __main__:configsetters:70 - [[17, 2, 16, 20, 19, 49, 28, 46, 12, 13, 51, 10, 50, 3, 36, 0, 21, 31, 48, 35, 34, 33, 38, 39, 42, 32, 9, 8, 7, 40, 18, 44, 24, 11, 27, 26, 25, 45, 47, 23, 37, 5, 4, 14, 15, 43, 22, 29, 41, 6, 1, 30]]
2022-07-28 18:30:48.917 | INFO     | __main__:configsetters:71 - [9460.340160995263]
2022-07-28 18:31:41.586 | INFO     | __main__:configsetters:49 - {'file_name': '/home/fabrizio/Scrivania/Much-Cross-Little-Over/My_TSP/berlin52.txt', 'crossover': 'PMX', 'pop_size': 20, 'tsp_len': 52, 'iterations': 1000, 'elitism': 1}
2022-07-28 18:31:53.256 | INFO     | __main__:configsetters:49 - {'file_name': '/home/fabrizio/Scrivania/Much-Cross-Little-Over/My_TSP/berlin52.txt', 'crossover': 'PMX', 'pop_size': 20, 'tsp_len': 52, 'iterations': 1000, 'elitism': 1}
2022-07-28 18:32:35.097 | INFO     | __main__:configsetters:49 - {'file_name': '/home/fabrizio/Scrivania/Much-Cross-Little-Over/My_TSP/berlin52.txt', 'crossover': 'PMX', 'pop_size': 20, 'tsp_len': 52, 'iterations': 1000, 'elitism': 1}
2022-07-28 18:33:02.062 | INFO     | __main__:configsetters:70 - [[1, 29, 41, 28, 13, 51, 10, 11, 50, 32, 3, 5, 47, 23, 24, 27, 26, 12, 46, 25, 44, 18, 2, 16, 20, 19, 49, 22, 21, 0, 48, 31, 43, 15, 45, 36, 39, 38, 35, 34, 33, 37, 14, 4, 42, 9, 8, 7, 40, 17, 30, 6]]
2022-07-28 18:33:02.062 | INFO     | __main__:configsetters:71 - [10689.953478357513]
2022-07-28 18:33:29.229 | INFO     | __main__:configsetters:49 - {'file_name': '/home/fabrizio/Scrivania/Much-Cross-Little-Over/My_TSP/berlin52.txt', 'crossover': 'PMX', 'pop_size': 10, 'tsp_len': 52, 'iterations': 1000, 'elitism': 1}
2022-07-28 18:33:56.159 | INFO     | __main__:configsetters:70 - [[35, 8, 9, 32, 42, 14, 23, 37, 33, 38, 47, 3, 24, 11, 50, 10, 51, 13, 12, 26, 27, 5, 4, 39, 44, 18, 7, 40, 2, 16, 6, 1, 41, 20, 15, 48, 31, 17, 30, 21, 0, 43, 36, 45, 46, 25, 28, 49, 19, 22, 29, 34]]
2022-07-28 18:33:56.160 | INFO     | __main__:configsetters:71 - [10188.756690110342]
2022-07-28 18:38:42.773 | INFO     | __main__:configsetters:49 - {'file_name': '/home/fabrizio/Scrivania/Much-Cross-Little-Over/My_TSP/berlin52.txt', 'crossover': 'PMX', 'pop_size': 10, 'tsp_len': 52, 'iterations': 1000, 'elitism': 1}
2022-07-28 18:39:09.257 | INFO     | __main__:configsetters:70 - [[33, 48, 31, 21, 2, 17, 30, 22, 29, 19, 49, 44, 18, 40, 7, 8, 9, 42, 5, 3, 24, 26, 12, 51, 13, 46, 28, 1, 6, 41, 16, 20, 0, 34, 35, 38, 39, 36, 37, 47, 23, 4, 14, 45, 15, 25, 27, 11, 10, 50, 32, 43]]
2022-07-28 18:39:09.257 | INFO     | __main__:configsetters:71 - [9707.830264374737]
2022-07-28 18:39:21.575 | INFO     | __main__:configsetters:49 - {'file_name': '/home/fabrizio/Scrivania/Much-Cross-Little-Over/My_TSP/berlin52.txt', 'crossover': 'PMX', 'pop_size': 20, 'tsp_len': 52, 'iterations': 1000, 'elitism': 1}
2022-07-28 18:39:43.792 | INFO     | __main__:configsetters:49 - {'file_name': '/home/fabrizio/Scrivania/Much-Cross-Little-Over/My_TSP/berlin52.txt', 'crossover': 'PMX', 'pop_size': 20, 'tsp_len': 52, 'iterations': 1000, 'elitism': 1}
2022-07-28 18:40:06.150 | INFO     | __main__:configsetters:49 - {'file_name': '/home/fabrizio/Scrivania/Much-Cross-Little-Over/My_TSP/berlin52.txt', 'crossover': 'PMX', 'pop_size': 20, 'tsp_len': 52, 'iterations': 1000, 'elitism': 1}
2022-07-28 18:40:20.152 | INFO     | __main__:configsetters:49 - {'file_name': '/home/fabrizio/Scrivania/Much-Cross-Little-Over/My_TSP/berlin52.txt', 'crossover': 'PMX', 'pop_size': 20, 'tsp_len': 52, 'iterations': 1000, 'elitism': 1}
2022-07-28 18:40:49.665 | INFO     | __main__:configsetters:49 - {'file_name': '/home/fabrizio/Scrivania/Much-Cross-Little-Over/My_TSP/berlin52.txt', 'crossover': 'PMX', 'pop_size': 20, 'tsp_len': 52, 'iterations': 1000, 'elitism': 1}
2022-07-28 18:41:28.209 | INFO     | __main__:configsetters:49 - {'file_name': '/home/fabrizio/Scrivania/Much-Cross-Little-Over/My_TSP/berlin52.txt', 'crossover': 'PMX', 'pop_size': 20, 'tsp_len': 52, 'iterations': 1000, 'elitism': 1}
2022-07-28 18:41:34.803 | INFO     | __main__:configsetters:70 - [[4, 35, 34, 0, 41, 6, 1, 29, 28, 10, 50, 11, 39, 38, 31, 44, 33, 43, 15, 49, 19, 22, 17, 18, 40, 7, 42, 32, 9, 8, 2, 16, 20, 30, 21, 48, 46, 13, 51, 12, 26, 25, 27, 24, 45, 47, 23, 36, 37, 5, 3, 14]]
2022-07-28 18:41:34.803 | INFO     | __main__:configsetters:71 - [11154.214296891376]
2022-07-28 18:41:52.743 | INFO     | __main__:configsetters:49 - {'file_name': '/home/fabrizio/Scrivania/Much-Cross-Little-Over/My_TSP/berlin52.txt', 'crossover': 'PMX', 'pop_size': 20, 'tsp_len': 52, 'iterations': 1000, 'elitism': 1}
2022-07-28 18:42:03.708 | INFO     | __main__:configsetters:49 - {'file_name': '/home/fabrizio/Scrivania/Much-Cross-Little-Over/My_TSP/berlin52.txt', 'crossover': 'PMX', 'pop_size': 20, 'tsp_len': 52, 'iterations': 1000, 'elitism': 1}
2022-07-28 18:44:00.558 | INFO     | __main__:configsetters:49 - {'file_name': '/home/fabrizio/Scrivania/Much-Cross-Little-Over/My_TSP/berlin52.txt', 'crossover': 'PMX', 'pop_size': 20, 'tsp_len': 52, 'iterations': 1000, 'elitism': 1}
2022-07-28 18:44:22.140 | INFO     | __main__:configsetters:49 - {'file_name': '/home/fabrizio/Scrivania/Much-Cross-Little-Over/My_TSP/berlin52.txt', 'crossover': 'PMX', 'pop_size': 20, 'tsp_len': 52, 'iterations': 1000, 'elitism': 1}
2022-07-28 18:45:19.956 | INFO     | __main__:configsetters:49 - {'file_name': '/home/fabrizio/Scrivania/Much-Cross-Little-Over/My_TSP/berlin52.txt', 'crossover': 'PMX', 'pop_size': 20, 'tsp_len': 52, 'iterations': 1000, 'elitism': 1}
2022-07-28 18:45:33.892 | INFO     | __main__:configsetters:49 - {'file_name': '/home/fabrizio/Scrivania/Much-Cross-Little-Over/My_TSP/berlin52.txt', 'crossover': 'PMX', 'pop_size': 20, 'tsp_len': 52, 'iterations': 1000, 'elitism': 1}
2022-07-28 18:47:05.986 | INFO     | __main__:configsetters:49 - {'file_name': '/home/fabrizio/Scrivania/Much-Cross-Little-Over/My_TSP/berlin52.txt', 'crossover': 'PMX', 'pop_size': 20, 'tsp_len': 52, 'iterations': 1000, 'elitism': 1}
2022-07-28 18:47:34.910 | INFO     | __main__:configsetters:50 - {'file_name': '/home/fabrizio/Scrivania/Much-Cross-Little-Over/My_TSP/berlin52.txt', 'crossover': 'PMX', 'pop_size': 20, 'tsp_len': 52, 'iterations': 1000, 'elitism': 1}
2022-07-28 18:47:55.520 | INFO     | __main__:configsetters:49 - {'file_name': '/home/fabrizio/Scrivania/Much-Cross-Little-Over/My_TSP/berlin52.txt', 'crossover': 'PMX', 'pop_size': 20, 'tsp_len': 52, 'iterations': 1000, 'elitism': 1}
2022-07-28 18:49:55.081 | INFO     | __main__:configsetters:49 - {'file_name': '/home/fabrizio/Scrivania/Much-Cross-Little-Over/My_TSP/berlin52.txt', 'crossover': 'PMX', 'pop_size': 20, 'tsp_len': 52, 'iterations': 1000, 'elitism': 1}
2022-07-28 18:50:08.145 | INFO     | __main__:configsetters:49 - {'file_name': '/home/fabrizio/Scrivania/Much-Cross-Little-Over/My_TSP/berlin52.txt', 'crossover': 'PMX', 'pop_size': 20, 'tsp_len': 52, 'iterations': 1000, 'elitism': 1}
2022-07-28 18:50:19.231 | INFO     | __main__:configsetters:49 - {'file_name': '/home/fabrizio/Scrivania/Much-Cross-Little-Over/My_TSP/berlin52.txt', 'crossover': 'PMX', 'pop_size': 20, 'tsp_len': 52, 'iterations': 1000, 'elitism': 1}
2022-07-28 18:50:43.575 | INFO     | __main__:configsetters:49 - {'file_name': '/home/fabrizio/Scrivania/Much-Cross-Little-Over/My_TSP/berlin52.txt', 'crossover': 'PMX', 'pop_size': 20, 'tsp_len': 52, 'iterations': 1000, 'elitism': 1}
2022-07-28 18:51:32.854 | INFO     | __main__:configsetters:49 - {'file_name': '/home/fabrizio/Scrivania/Much-Cross-Little-Over/My_TSP/berlin52.txt', 'crossover': 'PMX', 'pop_size': 20, 'tsp_len': 52, 'iterations': 1000, 'elitism': 1}
2022-07-28 18:51:49.839 | INFO     | __main__:configsetters:49 - {'file_name': '/home/fabrizio/Scrivania/Much-Cross-Little-Over/My_TSP/berlin52.txt', 'crossover': 'PMX', 'pop_size': 20, 'tsp_len': 52, 'iterations': 1000, 'elitism': 1}
2022-07-28 18:51:58.961 | INFO     | __main__:configsetters:70 - [[49, 29, 1, 6, 41, 20, 36, 37, 39, 38, 35, 34, 33, 45, 15, 43, 21, 30, 17, 40, 7, 18, 44, 31, 48, 0, 19, 22, 16, 2, 8, 9, 32, 10, 51, 12, 26, 11, 50, 42, 3, 5, 14, 4, 23, 47, 24, 27, 25, 46, 13, 28]]
2022-07-28 18:51:58.961 | INFO     | __main__:configsetters:71 - [9952.514512427353]
2022-07-28 18:53:55.640 | INFO     | __main__:configsetters:49 - {'file_name': '/home/fabrizio/Scrivania/Much-Cross-Little-Over/My_TSP/berlin52.txt', 'crossover': 'PMX', 'pop_size': 20, 'tsp_len': 52, 'iterations': 1000, 'elitism': 1}
2022-07-28 18:54:06.236 | INFO     | __main__:configsetters:49 - {'file_name': '/home/fabrizio/Scrivania/Much-Cross-Little-Over/My_TSP/berlin52.txt', 'crossover': 'PMX', 'pop_size': 20, 'tsp_len': 52, 'iterations': 1000, 'elitism': 1}
2022-07-28 18:54:22.763 | INFO     | __main__:configsetters:49 - {'file_name': '/home/fabrizio/Scrivania/Much-Cross-Little-Over/My_TSP/berlin52.txt', 'crossover': 'PMX', 'pop_size': 20, 'tsp_len': 52, 'iterations': 1000, 'elitism': 1}
2022-07-28 18:54:33.141 | INFO     | __main__:configsetters:70 - [[12, 46, 25, 24, 14, 4, 23, 47, 29, 41, 1, 6, 16, 2, 17, 21, 20, 30, 0, 33, 34, 37, 38, 39, 36, 45, 43, 15, 28, 49, 19, 22, 35, 48, 31, 44, 18, 40, 7, 8, 9, 32, 50, 11, 10, 51, 26, 27, 3, 5, 42, 13]]
2022-07-28 18:54:33.141 | INFO     | __main__:configsetters:71 - [9708.242087009125]
2022-07-28 18:56:11.532 | INFO     | __main__:configsetters:49 - {'file_name': '/home/fabrizio/Scrivania/Much-Cross-Little-Over/My_TSP/berlin52.txt', 'crossover': 'PMX', 'pop_size': 20, 'tsp_len': 52, 'iterations': 1000, 'elitism': 1}
2022-07-28 18:56:23.965 | INFO     | __main__:configsetters:49 - {'file_name': '/home/fabrizio/Scrivania/Much-Cross-Little-Over/My_TSP/berlin52.txt', 'crossover': 'PMX', 'pop_size': 20, 'tsp_len': 52, 'iterations': 1000, 'elitism': 1}
2022-07-28 18:56:34.451 | INFO     | __main__:configsetters:70 - [[12, 13, 25, 46, 26, 27, 11, 24, 14, 7, 40, 18, 44, 2, 17, 38, 39, 37, 42, 32, 9, 8, 31, 48, 35, 45, 43, 15, 28, 49, 47, 23, 10, 50, 3, 5, 4, 36, 0, 22, 41, 6, 1, 29, 19, 33, 34, 21, 30, 20, 16, 51]]
2022-07-28 18:56:34.452 | INFO     | __main__:configsetters:71 - [10941.184544521584]
2022-07-28 18:56:45.615 | INFO     | __main__:configsetters:49 - {'file_name': '/home/fabrizio/Scrivania/Much-Cross-Little-Over/My_TSP/berlin52.txt', 'crossover': 'PMX', 'pop_size': 10, 'tsp_len': 52, 'iterations': 1000, 'elitism': 1}
2022-07-28 18:56:56.360 | INFO     | __main__:configsetters:70 - [[45, 47, 5, 10, 50, 11, 24, 3, 42, 32, 9, 8, 38, 39, 37, 4, 14, 44, 7, 40, 18, 31, 35, 34, 33, 36, 23, 27, 26, 12, 51, 13, 25, 46, 28, 29, 22, 19, 49, 43, 48, 2, 16, 17, 21, 0, 30, 20, 41, 6, 1, 15]]
2022-07-28 18:56:56.361 | INFO     | __main__:configsetters:71 - [10169.125802838957]
2022-07-28 19:00:12.249 | INFO     | __main__:configsetters:49 - {'file_name': '/home/fabrizio/Scrivania/Much-Cross-Little-Over/My_TSP/berlin52.txt', 'crossover': 'PMX', 'pop_size': 10, 'tsp_len': 52, 'iterations': 1000, 'elitism': 1}
2022-07-28 19:00:23.748 | INFO     | __main__:configsetters:49 - {'file_name': '/home/fabrizio/Scrivania/Much-Cross-Little-Over/My_TSP/berlin52.txt', 'crossover': 'PMX', 'pop_size': 10, 'tsp_len': 52, 'iterations': 1000, 'elitism': 1}
2022-07-28 19:00:36.969 | INFO     | __main__:configsetters:49 - {'file_name': '/home/fabrizio/Scrivania/Much-Cross-Little-Over/My_TSP/berlin52.txt', 'crossover': 'PMX', 'pop_size': 10, 'tsp_len': 52, 'iterations': 1000, 'elitism': 1}
2022-07-28 19:00:53.825 | INFO     | __main__:configsetters:70 - [[50, 32, 8, 9, 7, 40, 16, 1, 6, 41, 46, 25, 26, 27, 28, 49, 19, 0, 33, 3, 10, 51, 12, 13, 29, 20, 22, 15, 45, 24, 43, 30, 17, 21, 36, 23, 47, 39, 38, 48, 31, 35, 34, 37, 14, 4, 5, 42, 44, 2, 18, 11]]
2022-07-28 19:00:53.833 | INFO     | __main__:configsetters:71 - [12291.75978984185]
2022-07-28 19:01:58.858 | INFO     | __main__:configsetters:49 - {'file_name': '/home/fabrizio/Scrivania/Much-Cross-Little-Over/My_TSP/berlin52.txt', 'crossover': 'PMX', 'pop_size': 10, 'tsp_len': 52, 'iterations': 1000, 'elitism': 1}
2022-07-28 19:02:16.945 | INFO     | __main__:configsetters:49 - {'file_name': '/home/fabrizio/Scrivania/Much-Cross-Little-Over/My_TSP/berlin52.txt', 'crossover': 'PMX', 'pop_size': 10, 'tsp_len': 52, 'iterations': 1000, 'elitism': 1}
2022-07-28 19:02:32.035 | INFO     | __main__:configsetters:49 - {'file_name': '/home/fabrizio/Scrivania/Much-Cross-Little-Over/My_TSP/berlin52.txt', 'crossover': 'PMX', 'pop_size': 10, 'tsp_len': 52, 'iterations': 1000, 'elitism': 1}
2022-07-28 19:02:47.692 | INFO     | __main__:configsetters:70 - [[50, 32, 42, 43, 15, 28, 49, 33, 29, 1, 6, 41, 16, 48, 31, 47, 45, 46, 25, 26, 12, 13, 51, 10, 23, 24, 3, 5, 14, 4, 44, 38, 0, 21, 22, 30, 20, 17, 2, 8, 9, 7, 34, 18, 37, 27, 36, 39, 35, 40, 19, 11]]
2022-07-28 19:02:47.693 | INFO     | __main__:configsetters:71 - [9999.56628411368]
2022-07-28 19:04:14.732 | INFO     | __main__:configsetters:49 - {'file_name': '/home/fabrizio/Scrivania/Much-Cross-Little-Over/My_TSP/berlin52.txt', 'crossover': 'PMX', 'pop_size': 10, 'tsp_len': 52, 'iterations': 1000, 'elitism': 1}
2022-07-28 19:04:36.704 | INFO     | __main__:configsetters:70 - [[23, 47, 39, 44, 18, 7, 8, 40, 2, 16, 20, 22, 35, 36, 14, 3, 5, 24, 27, 45, 50, 10, 51, 25, 12, 46, 15, 19, 49, 41, 6, 1, 29, 33, 13, 26, 11, 43, 0, 30, 17, 21, 31, 48, 34, 28, 38, 37, 42, 9, 32, 4]]
2022-07-28 19:04:36.705 | INFO     | __main__:configsetters:71 - [10728.931797207926]
2022-07-28 19:07:15.063 | INFO     | __main__:configsetters:49 - {'file_name': '/home/fabrizio/Scrivania/Much-Cross-Little-Over/My_TSP/berlin52.txt', 'crossover': 'PMX', 'pop_size': 10, 'tsp_len': 52, 'iterations': 1000, 'elitism': 1}
2022-07-28 19:08:22.553 | INFO     | __main__:configsetters:49 - {'file_name': '/home/fabrizio/Scrivania/Much-Cross-Little-Over/My_TSP/berlin52.txt', 'crossover': 'PMX', 'pop_size': 10, 'tsp_len': 52, 'iterations': 1000, 'elitism': 1}
2022-07-28 19:08:33.067 | INFO     | __main__:configsetters:70 - [[6, 41, 16, 29, 28, 49, 19, 0, 34, 38, 36, 47, 23, 37, 39, 31, 48, 35, 33, 46, 13, 51, 25, 44, 18, 7, 40, 2, 17, 21, 30, 20, 22, 15, 43, 45, 24, 11, 50, 10, 12, 26, 27, 42, 9, 8, 4, 14, 5, 3, 32, 1]]
2022-07-28 19:08:33.068 | INFO     | __main__:configsetters:71 - [10892.274602763182]
2022-07-28 19:11:08.561 | INFO     | __main__:configsetters:49 - {'file_name': '/home/fabrizio/Scrivania/Much-Cross-Little-Over/My_TSP/berlin52.txt', 'crossover': 'PMX', 'pop_size': 10, 'tsp_len': 52, 'iterations': 1000, 'elitism': 1}
2022-07-28 19:11:17.075 | INFO     | __main__:configsetters:70 - [[23, 5, 14, 4, 37, 36, 43, 15, 28, 49, 33, 34, 39, 38, 35, 48, 9, 8, 7, 40, 18, 0, 21, 22, 19, 29, 20, 41, 1, 6, 16, 30, 17, 2, 44, 31, 3, 24, 45, 46, 25, 27, 11, 42, 32, 50, 10, 51, 13, 12, 26, 47]]
2022-07-28 19:11:17.076 | INFO     | __main__:configsetters:71 - [9616.678398364644]
